#
# There is insufficient memory for the Java Runtime Environment to continue.
# Native memory allocation (mmap) failed to map 423624704 bytes for Failed to commit area from 0x0000000090500000 to 0x00000000a9900000 of length 423624704.
# Possible reasons:
#   The system is out of physical RAM or swap space
#   The process is running with CompressedOops enabled, and the Java Heap may be blocking the growth of the native heap
# Possible solutions:
#   Reduce memory load on the system
#   Increase physical memory or swap space
#   Check if swap backing store is full
#   Decrease Java heap size (-Xmx/-Xms)
#   Decrease number of Java threads
#   Decrease Java thread stack sizes (-Xss)
#   Set larger code cache with -XX:ReservedCodeCacheSize=
#   JVM is running with Unscaled Compressed Oops mode in which the Java heap is
#     placed in the first 4GB address space. The Java Heap base address is the
#     maximum limit for the native heap growth. Please use -XX:HeapBaseMinAddress
#     to set the Java Heap base and to place the Java Heap above 4GB virtual address.
# This output file may be truncated or incomplete.
#
#  Out of Memory Error (src/hotspot/os/windows/os_windows.cpp:3627), pid=17296, tid=20804
#
# JRE version: OpenJDK Runtime Environment (11.0.15) (build 11.0.15+0-b2043.56-8887301)
# Java VM: OpenJDK 64-Bit Server VM (11.0.15+0-b2043.56-8887301, mixed mode, tiered, compressed oops, g1 gc, windows-amd64)
# No core dump will be written. Minidumps are not enabled by default on client versions of Windows
#

---------------  S U M M A R Y ------------

Command Line: --add-opens=java.base/java.util=ALL-UNNAMED --add-opens=java.base/java.lang=ALL-UNNAMED --add-opens=java.base/java.lang.invoke=ALL-UNNAMED --add-opens=java.prefs/java.util.prefs=ALL-UNNAMED -Xmx2048m -Dfile.encoding=UTF-8 -Duser.country=US -Duser.language=en -Duser.variant org.gradle.launcher.daemon.bootstrap.GradleDaemon 6.5

Host: Intel(R) Core(TM) i5-7200U CPU @ 2.50GHz, 4 cores, 7G,  Windows 10 , 64 bit Build 19041 (10.0.19041.2913)
Time: Mon May 29 13:35:02 2023 India Standard Time elapsed time: 41.298927 seconds (0d 0h 0m 41s)

---------------  T H R E A D  ---------------

Current thread (0x000001a85fdaf000):  VMThread "VM Thread" [stack: 0x0000005ed5600000,0x0000005ed5700000] [id=20804]

Stack: [0x0000005ed5600000,0x0000005ed5700000]
[error occurred during error reporting (printing stack bounds), id 0xc0000005, EXCEPTION_ACCESS_VIOLATION (0xc0000005) at pc=0x000001a849cd112d]

Native frames: (J=compiled Java code, j=interpreted, Vv=VM code, C=native code)
V  [jvm.dll+0x64135a]
V  [jvm.dll+0x7d39f9]
V  [jvm.dll+0x7d51b9]
V  [jvm.dll+0x7d5805]
V  [jvm.dll+0x7d57bb]
V  [jvm.dll+0x640655]
V  [jvm.dll+0x640d68]
C  [ntdll.dll+0xa23df]
C  [ntdll.dll+0x514a4]
C  [ntdll.dll+0xa0f0e]
C  0x000001a849cd112d

VM_Operation (0x0000005ede7fd860): G1CollectForAllocation, mode: safepoint, requested by thread 0x000001a863c0f800


---------------  P R O C E S S  ---------------

Threads class SMR info:
_java_thread_list=0x000001a8672ef960, length=140, elements={
0x000001a84619e000, 0x000001a85fdb1800, 0x000001a85fdb2800, 0x000001a85fdcf800,
0x000001a85fdd0000, 0x000001a85fdd2000, 0x000001a85fdd6000, 0x000001a860781800,
0x000001a860784800, 0x000001a860885000, 0x000001a861dc1000, 0x000001a861f45800,
0x000001a8619e9000, 0x000001a86141b800, 0x000001a86141c800, 0x000001a86141e000,
0x000001a861bdb000, 0x000001a861ea8800, 0x000001a860ccf800, 0x000001a860cd0800,
0x000001a86223b000, 0x000001a862237800, 0x000001a86223c800, 0x000001a86223c000,
0x000001a862237000, 0x000001a86223d800, 0x000001a862239800, 0x000001a86223a000,
0x000001a862238800, 0x000001a865140000, 0x000001a865141800, 0x000001a865144000,
0x000001a865142800, 0x000001a865145000, 0x000001a86513f000, 0x000001a865145800,
0x000001a865146800, 0x000001a865147800, 0x000001a865148000, 0x000001a865149000,
0x000001a865143000, 0x000001a86514b800, 0x000001a86514c000, 0x000001a86514a800,
0x000001a86514a000, 0x000001a86514d000, 0x000001a86514e000, 0x000001a863722800,
0x000001a863723000, 0x000001a863721000, 0x000001a863724000, 0x000001a86371e800,
0x000001a863725000, 0x000001a86371f000, 0x000001a863725800, 0x000001a863720000,
0x000001a863721800, 0x000001a863726800, 0x000001a86372a800, 0x000001a863728000,
0x000001a86372b800, 0x000001a863729000, 0x000001a86372a000, 0x000001a86372d000,
0x000001a86372c000, 0x000001a863727800, 0x000001a865519800, 0x000001a86551b800,
0x000001a86551a800, 0x000001a86551c000, 0x000001a86551d000, 0x000001a865518000,
0x000001a865517800, 0x000001a86551e800, 0x000001a86551e000, 0x000001a865519000,
0x000001a86551f800, 0x000001a865526000, 0x000001a865522800, 0x000001a865523800,
0x000001a865524800, 0x000001a865525000, 0x000001a865521000, 0x000001a865522000,
0x000001a865520800, 0x000001a864a78000, 0x000001a864a77000, 0x000001a864a7e800,
0x000001a864a79000, 0x000001a864a7f800, 0x000001a864a7d000, 0x000001a864a7d800,
0x000001a864a79800, 0x000001a864a7b000, 0x000001a864a80000, 0x000001a864a7a800,
0x000001a864a7c000, 0x000001a864a85000, 0x000001a864a81800, 0x000001a864a82800,
0x000001a864a83800, 0x000001a864a84000, 0x000001a864a86000, 0x000001a864a81000,
0x000001a863629800, 0x000001a86362b800, 0x000001a863629000, 0x000001a86362e000,
0x000001a86362a800, 0x000001a86362c000, 0x000001a86362d000, 0x000001a863628000,
0x000001a863632800, 0x000001a863630800, 0x000001a863633800, 0x000001a863631000,
0x000001a863632000, 0x000001a86362e800, 0x000001a863634800, 0x000001a863635000,
0x000001a86362f800, 0x000001a863637000, 0x000001a863636000, 0x000001a863c06800,
0x000001a863c02800, 0x000001a863c01000, 0x000001a863c05000, 0x000001a863c07800,
0x000001a863c02000, 0x000001a863c08800, 0x000001a863c09000, 0x000001a863c06000,
0x000001a863c03800, 0x000001a863c0a000, 0x000001a863c0d800, 0x000001a863c0b800,
0x000001a863c0e000, 0x000001a863c0b000, 0x000001a863c0f000, 0x000001a863c0f800
}

Java Threads: ( => current thread )
  0x000001a84619e000 JavaThread "main" [_thread_blocked, id=17704, stack(0x0000005ed4f00000,0x0000005ed5000000)]
  0x000001a85fdb1800 JavaThread "Reference Handler" daemon [_thread_blocked, id=22376, stack(0x0000005ed5700000,0x0000005ed5800000)]
  0x000001a85fdb2800 JavaThread "Finalizer" daemon [_thread_blocked, id=21308, stack(0x0000005ed5800000,0x0000005ed5900000)]
  0x000001a85fdcf800 JavaThread "Signal Dispatcher" daemon [_thread_blocked, id=19940, stack(0x0000005ed5900000,0x0000005ed5a00000)]
  0x000001a85fdd0000 JavaThread "Attach Listener" daemon [_thread_blocked, id=7752, stack(0x0000005ed5a00000,0x0000005ed5b00000)]
  0x000001a85fdd2000 JavaThread "Service Thread" daemon [_thread_blocked, id=6880, stack(0x0000005ed5b00000,0x0000005ed5c00000)]
  0x000001a85fdd6000 JavaThread "C2 CompilerThread0" daemon [_thread_in_native, id=20720, stack(0x0000005ed5c00000,0x0000005ed5d00000)]
  0x000001a860781800 JavaThread "C1 CompilerThread0" daemon [_thread_blocked, id=8244, stack(0x0000005ed5d00000,0x0000005ed5e00000)]
  0x000001a860784800 JavaThread "Sweeper thread" daemon [_thread_blocked, id=10512, stack(0x0000005ed5e00000,0x0000005ed5f00000)]
  0x000001a860885000 JavaThread "Common-Cleaner" daemon [_thread_blocked, id=18084, stack(0x0000005ed5f00000,0x0000005ed6000000)]
  0x000001a861dc1000 JavaThread "Daemon health stats" [_thread_blocked, id=20492, stack(0x0000005ed6300000,0x0000005ed6400000)]
  0x000001a861f45800 JavaThread "Incoming local TCP Connector on port 51502" [_thread_in_native, id=21872, stack(0x0000005ed6600000,0x0000005ed6700000)]
  0x000001a8619e9000 JavaThread "Daemon periodic checks" [_thread_blocked, id=19888, stack(0x0000005ed6700000,0x0000005ed6800000)]
  0x000001a86141b800 JavaThread "Daemon" [_thread_blocked, id=21208, stack(0x0000005ed6800000,0x0000005ed6900000)]
  0x000001a86141c800 JavaThread "Handler for socket connection from /127.0.0.1:51502 to /127.0.0.1:51503" [_thread_in_native, id=15272, stack(0x0000005ed6900000,0x0000005ed6a00000)]
  0x000001a86141e000 JavaThread "Cancel handler" [_thread_blocked, id=20848, stack(0x0000005ed6a00000,0x0000005ed6b00000)]
  0x000001a861bdb000 JavaThread "Daemon worker" [_thread_blocked, id=19908, stack(0x0000005ed6b00000,0x0000005ed6c00000)]
  0x000001a861ea8800 JavaThread "Asynchronous log dispatcher for DefaultDaemonConnection: socket connection from /127.0.0.1:51502 to /127.0.0.1:51503" [_thread_blocked, id=10828, stack(0x0000005ed6c00000,0x0000005ed6d00000)]
  0x000001a860ccf800 JavaThread "Stdin handler" [_thread_blocked, id=9244, stack(0x0000005ed6d00000,0x0000005ed6e00000)]
  0x000001a860cd0800 JavaThread "Thread-8" [_thread_blocked, id=17280, stack(0x0000005ed6e00000,0x0000005ed6f00000)]
  0x000001a86223b000 JavaThread "Cache worker for journal cache (C:\Users\hp\.gradle\caches\journal-1)" [_thread_blocked, id=8524, stack(0x0000005ed7000000,0x0000005ed7100000)]
  0x000001a862237800 JavaThread "File lock request listener" [_thread_in_native, id=18332, stack(0x0000005ed7100000,0x0000005ed7200000)]
  0x000001a86223c800 JavaThread "Cache worker for file hash cache (C:\Users\hp\.gradle\caches\6.5\fileHashes)" [_thread_blocked, id=15180, stack(0x0000005ed7200000,0x0000005ed7300000)]
  0x000001a86223c000 JavaThread "Cache worker for file hash cache (C:\Users\hp\Downloads\EcstasyGroceryApp-master\EcstasyGroceryApp-master\.gradle\6.5\fileHashes)" [_thread_blocked, id=8316, stack(0x0000005ed7300000,0x0000005ed7400000)]
  0x000001a862237000 JavaThread "Cache worker for checksums cache (C:\Users\hp\Downloads\EcstasyGroceryApp-master\EcstasyGroceryApp-master\.gradle\checksums)" [_thread_blocked, id=8312, stack(0x0000005ed7400000,0x0000005ed7500000)]
  0x000001a86223d800 JavaThread "Cache worker for cache directory md-supplier (C:\Users\hp\.gradle\caches\6.5\md-supplier)" [_thread_blocked, id=18220, stack(0x0000005ed7500000,0x0000005ed7600000)]
  0x000001a862239800 JavaThread "Cache worker for cache directory md-rule (C:\Users\hp\.gradle\caches\6.5\md-rule)" [_thread_blocked, id=9520, stack(0x0000005ed7600000,0x0000005ed7700000)]
  0x000001a86223a000 JavaThread "Cache worker for execution history cache (C:\Users\hp\.gradle\caches\6.5\executionHistory)" [_thread_blocked, id=18596, stack(0x0000005ed7700000,0x0000005ed7800000)]
  0x000001a862238800 JavaThread "jar transforms" [_thread_blocked, id=20692, stack(0x0000005ed7800000,0x0000005ed7900000)]
  0x000001a865140000 JavaThread "Cache worker for file content cache (C:\Users\hp\.gradle\caches\6.5\fileContent)" [_thread_blocked, id=18728, stack(0x0000005ed7900000,0x0000005ed7a00000)]
  0x000001a865141800 JavaThread "Build operations" [_thread_blocked, id=812, stack(0x0000005ed7a00000,0x0000005ed7b00000)]
  0x000001a865144000 JavaThread "Build operations Thread 2" [_thread_blocked, id=20532, stack(0x0000005ed7b00000,0x0000005ed7c00000)]
  0x000001a865142800 JavaThread "Build operations Thread 3" [_thread_blocked, id=20660, stack(0x0000005ed7c00000,0x0000005ed7d00000)]
  0x000001a865145000 JavaThread "Build operations Thread 4" [_thread_blocked, id=22008, stack(0x0000005ed7d00000,0x0000005ed7e00000)]
  0x000001a86513f000 JavaThread "jar transforms Thread 2" [_thread_blocked, id=21564, stack(0x0000005ed7e00000,0x0000005ed7f00000)]
  0x000001a865145800 JavaThread "jar transforms Thread 3" [_thread_blocked, id=8256, stack(0x0000005ed7f00000,0x0000005ed8000000)]
  0x000001a865146800 JavaThread "jar transforms Thread 4" [_thread_blocked, id=20844, stack(0x0000005ed8000000,0x0000005ed8100000)]
  0x000001a865147800 JavaThread "jar transforms Thread 5" [_thread_blocked, id=19020, stack(0x0000005ed8100000,0x0000005ed8200000)]
  0x000001a865148000 JavaThread "jar transforms Thread 6" [_thread_blocked, id=10072, stack(0x0000005ed8200000,0x0000005ed8300000)]
  0x000001a865149000 JavaThread "jar transforms Thread 7" [_thread_blocked, id=16064, stack(0x0000005ed8300000,0x0000005ed8400000)]
  0x000001a865143000 JavaThread "jar transforms Thread 8" [_thread_blocked, id=20700, stack(0x0000005ed8400000,0x0000005ed8500000)]
  0x000001a86514b800 JavaThread "jar transforms Thread 9" [_thread_blocked, id=8268, stack(0x0000005ed8500000,0x0000005ed8600000)]
  0x000001a86514c000 JavaThread "jar transforms Thread 10" [_thread_blocked, id=19324, stack(0x0000005ed8600000,0x0000005ed8700000)]
  0x000001a86514a800 JavaThread "jar transforms Thread 11" [_thread_blocked, id=20376, stack(0x0000005ed8700000,0x0000005ed8800000)]
  0x000001a86514a000 JavaThread "jar transforms Thread 12" [_thread_blocked, id=20396, stack(0x0000005ed8800000,0x0000005ed8900000)]
  0x000001a86514d000 JavaThread "jar transforms Thread 13" [_thread_blocked, id=21192, stack(0x0000005ed8900000,0x0000005ed8a00000)]
  0x000001a86514e000 JavaThread "jar transforms Thread 14" [_thread_blocked, id=8968, stack(0x0000005ed8a00000,0x0000005ed8b00000)]
  0x000001a863722800 JavaThread "jar transforms Thread 15" [_thread_blocked, id=19772, stack(0x0000005ed8b00000,0x0000005ed8c00000)]
  0x000001a863723000 JavaThread "jar transforms Thread 16" [_thread_blocked, id=11116, stack(0x0000005ed8c00000,0x0000005ed8d00000)]
  0x000001a863721000 JavaThread "jar transforms Thread 17" [_thread_blocked, id=18396, stack(0x0000005ed8d00000,0x0000005ed8e00000)]
  0x000001a863724000 JavaThread "jar transforms Thread 18" [_thread_blocked, id=21968, stack(0x0000005ed8e00000,0x0000005ed8f00000)]
  0x000001a86371e800 JavaThread "jar transforms Thread 19" [_thread_blocked, id=17880, stack(0x0000005ed8f00000,0x0000005ed9000000)]
  0x000001a863725000 JavaThread "jar transforms Thread 20" [_thread_blocked, id=14600, stack(0x0000005ed9000000,0x0000005ed9100000)]
  0x000001a86371f000 JavaThread "jar transforms Thread 21" [_thread_blocked, id=17740, stack(0x0000005ed9100000,0x0000005ed9200000)]
  0x000001a863725800 JavaThread "jar transforms Thread 22" [_thread_blocked, id=22072, stack(0x0000005ed9200000,0x0000005ed9300000)]
  0x000001a863720000 JavaThread "jar transforms Thread 23" [_thread_blocked, id=19756, stack(0x0000005ed9300000,0x0000005ed9400000)]
  0x000001a863721800 JavaThread "jar transforms Thread 24" [_thread_blocked, id=2292, stack(0x0000005ed9400000,0x0000005ed9500000)]
  0x000001a863726800 JavaThread "jar transforms Thread 25" [_thread_blocked, id=2284, stack(0x0000005ed9500000,0x0000005ed9600000)]
  0x000001a86372a800 JavaThread "jar transforms Thread 26" [_thread_blocked, id=8276, stack(0x0000005ed9600000,0x0000005ed9700000)]
  0x000001a863728000 JavaThread "jar transforms Thread 27" [_thread_blocked, id=21544, stack(0x0000005ed9700000,0x0000005ed9800000)]
  0x000001a86372b800 JavaThread "jar transforms Thread 28" [_thread_blocked, id=7632, stack(0x0000005ed9800000,0x0000005ed9900000)]
  0x000001a863729000 JavaThread "jar transforms Thread 29" [_thread_blocked, id=22076, stack(0x0000005ed9900000,0x0000005ed9a00000)]
  0x000001a86372a000 JavaThread "jar transforms Thread 30" [_thread_blocked, id=19356, stack(0x0000005ed9a00000,0x0000005ed9b00000)]
  0x000001a86372d000 JavaThread "jar transforms Thread 31" [_thread_blocked, id=22484, stack(0x0000005ed9b00000,0x0000005ed9c00000)]
  0x000001a86372c000 JavaThread "jar transforms Thread 32" [_thread_blocked, id=19044, stack(0x0000005ed9c00000,0x0000005ed9d00000)]
  0x000001a863727800 JavaThread "jar transforms Thread 33" [_thread_blocked, id=1300, stack(0x0000005ed9d00000,0x0000005ed9e00000)]
  0x000001a865519800 JavaThread "jar transforms Thread 34" [_thread_blocked, id=15676, stack(0x0000005ed9e00000,0x0000005ed9f00000)]
  0x000001a86551b800 JavaThread "jar transforms Thread 35" [_thread_blocked, id=21656, stack(0x0000005ed9f00000,0x0000005eda000000)]
  0x000001a86551a800 JavaThread "jar transforms Thread 36" [_thread_blocked, id=17888, stack(0x0000005eda000000,0x0000005eda100000)]
  0x000001a86551c000 JavaThread "jar transforms Thread 37" [_thread_blocked, id=19124, stack(0x0000005eda100000,0x0000005eda200000)]
  0x000001a86551d000 JavaThread "jar transforms Thread 38" [_thread_blocked, id=15596, stack(0x0000005eda200000,0x0000005eda300000)]
  0x000001a865518000 JavaThread "jar transforms Thread 39" [_thread_blocked, id=8216, stack(0x0000005eda300000,0x0000005eda400000)]
  0x000001a865517800 JavaThread "jar transforms Thread 40" [_thread_blocked, id=3624, stack(0x0000005eda400000,0x0000005eda500000)]
  0x000001a86551e800 JavaThread "jar transforms Thread 41" [_thread_blocked, id=2744, stack(0x0000005eda500000,0x0000005eda600000)]
  0x000001a86551e000 JavaThread "jar transforms Thread 42" [_thread_blocked, id=15644, stack(0x0000005eda600000,0x0000005eda700000)]
  0x000001a865519000 JavaThread "jar transforms Thread 43" [_thread_blocked, id=20424, stack(0x0000005eda700000,0x0000005eda800000)]
  0x000001a86551f800 JavaThread "jar transforms Thread 44" [_thread_blocked, id=18372, stack(0x0000005eda800000,0x0000005eda900000)]
  0x000001a865526000 JavaThread "jar transforms Thread 45" [_thread_blocked, id=19396, stack(0x0000005eda900000,0x0000005edaa00000)]
  0x000001a865522800 JavaThread "jar transforms Thread 46" [_thread_blocked, id=15032, stack(0x0000005edaa00000,0x0000005edab00000)]
  0x000001a865523800 JavaThread "jar transforms Thread 47" [_thread_blocked, id=19788, stack(0x0000005edab00000,0x0000005edac00000)]
  0x000001a865524800 JavaThread "jar transforms Thread 48" [_thread_blocked, id=21672, stack(0x0000005edac00000,0x0000005edad00000)]
  0x000001a865525000 JavaThread "jar transforms Thread 49" [_thread_blocked, id=19028, stack(0x0000005edad00000,0x0000005edae00000)]
  0x000001a865521000 JavaThread "jar transforms Thread 50" [_thread_blocked, id=17504, stack(0x0000005edae00000,0x0000005edaf00000)]
  0x000001a865522000 JavaThread "jar transforms Thread 51" [_thread_blocked, id=22092, stack(0x0000005edaf00000,0x0000005edb000000)]
  0x000001a865520800 JavaThread "jar transforms Thread 52" [_thread_blocked, id=20516, stack(0x0000005edb000000,0x0000005edb100000)]
  0x000001a864a78000 JavaThread "jar transforms Thread 53" [_thread_blocked, id=11216, stack(0x0000005edb100000,0x0000005edb200000)]
  0x000001a864a77000 JavaThread "jar transforms Thread 54" [_thread_blocked, id=20760, stack(0x0000005edb200000,0x0000005edb300000)]
  0x000001a864a7e800 JavaThread "jar transforms Thread 55" [_thread_blocked, id=22236, stack(0x0000005edb300000,0x0000005edb400000)]
  0x000001a864a79000 JavaThread "jar transforms Thread 56" [_thread_blocked, id=7904, stack(0x0000005edb400000,0x0000005edb500000)]
  0x000001a864a7f800 JavaThread "jar transforms Thread 57" [_thread_blocked, id=17532, stack(0x0000005edb500000,0x0000005edb600000)]
  0x000001a864a7d000 JavaThread "jar transforms Thread 58" [_thread_blocked, id=21600, stack(0x0000005edb600000,0x0000005edb700000)]
  0x000001a864a7d800 JavaThread "jar transforms Thread 59" [_thread_blocked, id=17976, stack(0x0000005edb700000,0x0000005edb800000)]
  0x000001a864a79800 JavaThread "jar transforms Thread 60" [_thread_blocked, id=22384, stack(0x0000005edb800000,0x0000005edb900000)]
  0x000001a864a7b000 JavaThread "jar transforms Thread 61" [_thread_blocked, id=1696, stack(0x0000005edb900000,0x0000005edba00000)]
  0x000001a864a80000 JavaThread "jar transforms Thread 62" [_thread_blocked, id=20372, stack(0x0000005edba00000,0x0000005edbb00000)]
  0x000001a864a7a800 JavaThread "jar transforms Thread 63" [_thread_blocked, id=3704, stack(0x0000005edbb00000,0x0000005edbc00000)]
  0x000001a864a7c000 JavaThread "jar transforms Thread 64" [_thread_blocked, id=19224, stack(0x0000005edbc00000,0x0000005edbd00000)]
  0x000001a864a85000 JavaThread "jar transforms Thread 65" [_thread_blocked, id=8044, stack(0x0000005edbd00000,0x0000005edbe00000)]
  0x000001a864a81800 JavaThread "jar transforms Thread 66" [_thread_blocked, id=2372, stack(0x0000005edbe00000,0x0000005edbf00000)]
  0x000001a864a82800 JavaThread "jar transforms Thread 67" [_thread_blocked, id=7900, stack(0x0000005edbf00000,0x0000005edc000000)]
  0x000001a864a83800 JavaThread "jar transforms Thread 68" [_thread_blocked, id=18508, stack(0x0000005edc000000,0x0000005edc100000)]
  0x000001a864a84000 JavaThread "jar transforms Thread 69" [_thread_blocked, id=18512, stack(0x0000005edc100000,0x0000005edc200000)]
  0x000001a864a86000 JavaThread "jar transforms Thread 70" [_thread_blocked, id=19832, stack(0x0000005edc200000,0x0000005edc300000)]
  0x000001a864a81000 JavaThread "jar transforms Thread 71" [_thread_blocked, id=18348, stack(0x0000005edc300000,0x0000005edc400000)]
  0x000001a863629800 JavaThread "jar transforms Thread 72" [_thread_blocked, id=18120, stack(0x0000005edc400000,0x0000005edc500000)]
  0x000001a86362b800 JavaThread "jar transforms Thread 73" [_thread_blocked, id=22472, stack(0x0000005edc500000,0x0000005edc600000)]
  0x000001a863629000 JavaThread "jar transforms Thread 74" [_thread_blocked, id=19600, stack(0x0000005edc600000,0x0000005edc700000)]
  0x000001a86362e000 JavaThread "jar transforms Thread 75" [_thread_blocked, id=10896, stack(0x0000005edc700000,0x0000005edc800000)]
  0x000001a86362a800 JavaThread "jar transforms Thread 76" [_thread_blocked, id=8572, stack(0x0000005edc800000,0x0000005edc900000)]
  0x000001a86362c000 JavaThread "jar transforms Thread 77" [_thread_blocked, id=19852, stack(0x0000005edc900000,0x0000005edca00000)]
  0x000001a86362d000 JavaThread "jar transforms Thread 78" [_thread_blocked, id=1964, stack(0x0000005edca00000,0x0000005edcb00000)]
  0x000001a863628000 JavaThread "jar transforms Thread 79" [_thread_blocked, id=18284, stack(0x0000005edcb00000,0x0000005edcc00000)]
  0x000001a863632800 JavaThread "jar transforms Thread 80" [_thread_blocked, id=20176, stack(0x0000005edcc00000,0x0000005edcd00000)]
  0x000001a863630800 JavaThread "jar transforms Thread 81" [_thread_blocked, id=21596, stack(0x0000005edcd00000,0x0000005edce00000)]
  0x000001a863633800 JavaThread "jar transforms Thread 82" [_thread_blocked, id=6052, stack(0x0000005edce00000,0x0000005edcf00000)]
  0x000001a863631000 JavaThread "jar transforms Thread 83" [_thread_blocked, id=18544, stack(0x0000005edcf00000,0x0000005edd000000)]
  0x000001a863632000 JavaThread "jar transforms Thread 84" [_thread_blocked, id=7044, stack(0x0000005edd000000,0x0000005edd100000)]
  0x000001a86362e800 JavaThread "jar transforms Thread 85" [_thread_blocked, id=8860, stack(0x0000005edd100000,0x0000005edd200000)]
  0x000001a863634800 JavaThread "jar transforms Thread 86" [_thread_blocked, id=19240, stack(0x0000005edd200000,0x0000005edd300000)]
  0x000001a863635000 JavaThread "jar transforms Thread 87" [_thread_blocked, id=4400, stack(0x0000005edd300000,0x0000005edd400000)]
  0x000001a86362f800 JavaThread "jar transforms Thread 88" [_thread_blocked, id=20216, stack(0x0000005edd400000,0x0000005edd500000)]
  0x000001a863637000 JavaThread "jar transforms Thread 89" [_thread_blocked, id=22148, stack(0x0000005edd500000,0x0000005edd600000)]
  0x000001a863636000 JavaThread "jar transforms Thread 90" [_thread_blocked, id=21820, stack(0x0000005edd600000,0x0000005edd700000)]
  0x000001a863c06800 JavaThread "jar transforms Thread 91" [_thread_blocked, id=4992, stack(0x0000005edd700000,0x0000005edd800000)]
  0x000001a863c02800 JavaThread "jar transforms Thread 92" [_thread_blocked, id=14900, stack(0x0000005edd800000,0x0000005edd900000)]
  0x000001a863c01000 JavaThread "jar transforms Thread 93" [_thread_blocked, id=19768, stack(0x0000005edd900000,0x0000005edda00000)]
  0x000001a863c05000 JavaThread "jar transforms Thread 94" [_thread_blocked, id=18364, stack(0x0000005edda00000,0x0000005eddb00000)]
  0x000001a863c07800 JavaThread "Cache worker for Build Output Cleanup Cache (C:\Users\hp\Downloads\EcstasyGroceryApp-master\EcstasyGroceryApp-master\.gradle\buildOutputCleanup)" [_thread_blocked, id=7236, stack(0x0000005eddb00000,0x0000005eddc00000)]
  0x000001a863c02000 JavaThread "Memory manager" [_thread_blocked, id=14588, stack(0x0000005eddc00000,0x0000005eddd00000)]
  0x000001a863c08800 JavaThread "Cache worker for file content cache (C:\Users\hp\Downloads\EcstasyGroceryApp-master\EcstasyGroceryApp-master\.gradle\6.5\fileContent)" [_thread_blocked, id=18304, stack(0x0000005eddd00000,0x0000005edde00000)]
  0x000001a863c09000 JavaThread "Execution worker for ':'" [_thread_blocked, id=21976, stack(0x0000005edde00000,0x0000005eddf00000)]
  0x000001a863c06000 JavaThread "Execution worker for ':' Thread 2" [_thread_blocked, id=12184, stack(0x0000005eddf00000,0x0000005ede000000)]
  0x000001a863c03800 JavaThread "Execution worker for ':' Thread 3" [_thread_blocked, id=17560, stack(0x0000005ede000000,0x0000005ede100000)]
  0x000001a863c0a000 JavaThread "Cache worker for execution history cache (C:\Users\hp\Downloads\EcstasyGroceryApp-master\EcstasyGroceryApp-master\.gradle\6.5\executionHistory)" [_thread_blocked, id=20148, stack(0x0000005ede100000,0x0000005ede200000)]
  0x000001a863c0d800 JavaThread "WorkerExecutor Queue" [_thread_blocked, id=22220, stack(0x0000005ede200000,0x0000005ede300000)]
  0x000001a863c0b800 JavaThread "WorkerExecutor Queue Thread 2" [_thread_blocked, id=18472, stack(0x0000005ede300000,0x0000005ede400000)]
  0x000001a863c0e000 JavaThread "ForkJoinPool-1-worker-3" daemon [_thread_blocked, id=13744, stack(0x0000005ede400000,0x0000005ede500000)]
  0x000001a863c0b000 JavaThread "ForkJoinPool-1-worker-5" daemon [_thread_blocked, id=18436, stack(0x0000005ede500000,0x0000005ede600000)]
  0x000001a863c0f000 JavaThread "ForkJoinPool-1-worker-7" daemon [_thread_blocked, id=21528, stack(0x0000005ede600000,0x0000005ede700000)]
  0x000001a863c0f800 JavaThread "ForkJoinPool-1-worker-1" daemon [_thread_blocked, id=17780, stack(0x0000005ede700000,0x0000005ede800000)]

Other Threads:
=>0x000001a85fdaf000 VMThread "VM Thread" [stack: 0x0000005ed5600000,0x0000005ed5700000] [id=20804]
  0x000001a86088b800 WatcherThread [stack: 0x0000005ed6000000,0x0000005ed6100000] [id=10060]
  0x000001a8461b6800 GCTaskThread "GC Thread#0" [stack: 0x0000005ed5100000,0x0000005ed5200000] [id=6032]
  0x000001a861009800 GCTaskThread "GC Thread#1" [stack: 0x0000005ed6100000,0x0000005ed6200000] [id=19236]
  0x000001a860ffb800 GCTaskThread "GC Thread#2" [stack: 0x0000005ed6200000,0x0000005ed6300000] [id=21224]
  0x000001a8622cb000 GCTaskThread "GC Thread#3" [stack: 0x0000005ed6f00000,0x0000005ed7000000] [id=22144]
  0x000001a8461eb800 ConcurrentGCThread "G1 Main Marker" [stack: 0x0000005ed5200000,0x0000005ed5300000] [id=20400]
  0x000001a8461ee000 ConcurrentGCThread "G1 Conc#0" [stack: 0x0000005ed5300000,0x0000005ed5400000] [id=4880]
  0x000001a84627d000 ConcurrentGCThread "G1 Refine#0" [stack: 0x0000005ed5400000,0x0000005ed5500000] [id=21964]
  0x000001a84627e000 ConcurrentGCThread "G1 Young RemSet Sampling" [stack: 0x0000005ed5500000,0x0000005ed5600000] [id=18244]

Threads with active compile tasks:
C2 CompilerThread0    41367 10328 %     4       com.android.tools.r8.code.v1::a @ 20 (4137 bytes)

VM state:at safepoint (normal execution)

VM Mutex/Monitor currently owned by a thread:  ([mutex/lock_event])
[0x000001a84619af40] Threads_lock - owner thread: 0x000001a85fdaf000
[0x000001a84619c890] Heap_lock - owner thread: 0x000001a863c0f800

Heap address: 0x0000000080000000, size: 2048 MB, Compressed Oops mode: 32-bit
Narrow klass base: 0x0000000000000000, Narrow klass shift: 3
Compressed class space size: 1073741824 Address: 0x0000000100000000

Heap:
 garbage-first heap   total 680960K, used 212992K [0x0000000080000000, 0x0000000100000000)
  region size 1024K, 2 young (2048K), 2 survivors (2048K)
 Metaspace       used 80103K, capacity 82042K, committed 82300K, reserved 1120256K
  class space    used 10376K, capacity 11013K, committed 11136K, reserved 1048576K
Heap Regions: E=young(eden), S=young(survivor), O=old, HS=humongous(starts), HC=humongous(continues), CS=collection set, F=free, A=archive, TAMS=top-at-mark-start (previous, next)
|   0|0x0000000080000000, 0x0000000080100000, 0x0000000080100000|100%| O|  |TAMS 0x0000000080100000, 0x0000000080000000| Updating 
|   1|0x0000000080100000, 0x0000000080200000, 0x0000000080200000|100%| O|  |TAMS 0x0000000080200000, 0x0000000080100000| Updating 
|   2|0x0000000080200000, 0x0000000080300000, 0x0000000080300000|100%| O|  |TAMS 0x0000000080300000, 0x0000000080200000| Updating 
|   3|0x0000000080300000, 0x0000000080400000, 0x0000000080400000|100%|HS|  |TAMS 0x0000000080400000, 0x0000000080300000| Complete 
|   4|0x0000000080400000, 0x0000000080500000, 0x0000000080500000|100%|HC|  |TAMS 0x0000000080500000, 0x0000000080400000| Complete 
|   5|0x0000000080500000, 0x0000000080600000, 0x0000000080600000|100%|HC|  |TAMS 0x0000000080600000, 0x0000000080500000| Complete 
|   6|0x0000000080600000, 0x0000000080700000, 0x0000000080700000|100%| O|  |TAMS 0x0000000080700000, 0x0000000080600000| Updating 
|   7|0x0000000080700000, 0x0000000080800000, 0x0000000080800000|100%| O|  |TAMS 0x0000000080800000, 0x0000000080700000| Updating 
|   8|0x0000000080800000, 0x0000000080900000, 0x0000000080900000|100%| O|  |TAMS 0x0000000080900000, 0x0000000080800000| Updating 
|   9|0x0000000080900000, 0x0000000080a00000, 0x0000000080a00000|100%| O|  |TAMS 0x0000000080a00000, 0x0000000080900000| Updating 
|  10|0x0000000080a00000, 0x0000000080b00000, 0x0000000080b00000|100%| O|  |TAMS 0x0000000080b00000, 0x0000000080a00000| Updating 
|  11|0x0000000080b00000, 0x0000000080c00000, 0x0000000080c00000|100%| O|  |TAMS 0x0000000080c00000, 0x0000000080b00000| Updating 
|  12|0x0000000080c00000, 0x0000000080d00000, 0x0000000080d00000|100%| O|  |TAMS 0x0000000080d00000, 0x0000000080c00000| Updating 
|  13|0x0000000080d00000, 0x0000000080e00000, 0x0000000080e00000|100%|HS|  |TAMS 0x0000000080e00000, 0x0000000080d00000| Complete 
|  14|0x0000000080e00000, 0x0000000080f00000, 0x0000000080f00000|100%| O|  |TAMS 0x0000000080f00000, 0x0000000080e00000| Updating 
|  15|0x0000000080f00000, 0x0000000081000000, 0x0000000081000000|100%| O|  |TAMS 0x0000000081000000, 0x0000000080f00000| Updating 
|  16|0x0000000081000000, 0x0000000081100000, 0x0000000081100000|100%| O|  |TAMS 0x0000000081100000, 0x0000000081000000| Updating 
|  17|0x0000000081100000, 0x0000000081200000, 0x0000000081200000|100%| O|  |TAMS 0x0000000081200000, 0x0000000081100000| Updating 
|  18|0x0000000081200000, 0x0000000081300000, 0x0000000081300000|100%| O|  |TAMS 0x0000000081300000, 0x0000000081200000| Updating 
|  19|0x0000000081300000, 0x0000000081400000, 0x0000000081400000|100%| O|  |TAMS 0x0000000081400000, 0x0000000081300000| Updating 
|  20|0x0000000081400000, 0x0000000081500000, 0x0000000081500000|100%| O|  |TAMS 0x0000000081500000, 0x0000000081400000| Updating 
|  21|0x0000000081500000, 0x0000000081600000, 0x0000000081600000|100%| O|  |TAMS 0x0000000081600000, 0x0000000081500000| Updating 
|  22|0x0000000081600000, 0x0000000081700000, 0x0000000081700000|100%| O|  |TAMS 0x0000000081700000, 0x0000000081600000| Updating 
|  23|0x0000000081700000, 0x0000000081800000, 0x0000000081800000|100%|HS|  |TAMS 0x0000000081800000, 0x0000000081700000| Complete 
|  24|0x0000000081800000, 0x0000000081900000, 0x0000000081900000|100%|HC|  |TAMS 0x0000000081900000, 0x0000000081800000| Complete 
|  25|0x0000000081900000, 0x0000000081a00000, 0x0000000081a00000|100%| O|  |TAMS 0x0000000081a00000, 0x0000000081900000| Updating 
|  26|0x0000000081a00000, 0x0000000081b00000, 0x0000000081b00000|100%| O|  |TAMS 0x0000000081b00000, 0x0000000081a00000| Updating 
|  27|0x0000000081b00000, 0x0000000081c00000, 0x0000000081c00000|100%| O|  |TAMS 0x0000000081c00000, 0x0000000081b00000| Updating 
|  28|0x0000000081c00000, 0x0000000081d00000, 0x0000000081d00000|100%| O|  |TAMS 0x0000000081d00000, 0x0000000081c00000| Updating 
|  29|0x0000000081d00000, 0x0000000081e00000, 0x0000000081e00000|100%| O|  |TAMS 0x0000000081e00000, 0x0000000081d00000| Updating 
|  30|0x0000000081e00000, 0x0000000081f00000, 0x0000000081f00000|100%| O|  |TAMS 0x0000000081f00000, 0x0000000081e00000| Updating 
|  31|0x0000000081f00000, 0x0000000082000000, 0x0000000082000000|100%| O|  |TAMS 0x0000000082000000, 0x0000000081f00000| Updating 
|  32|0x0000000082000000, 0x0000000082100000, 0x0000000082100000|100%| O|  |TAMS 0x0000000082100000, 0x0000000082000000| Updating 
|  33|0x0000000082100000, 0x0000000082200000, 0x0000000082200000|100%| O|  |TAMS 0x0000000082200000, 0x0000000082100000| Updating 
|  34|0x0000000082200000, 0x0000000082300000, 0x0000000082300000|100%| O|  |TAMS 0x0000000082300000, 0x0000000082200000| Updating 
|  35|0x0000000082300000, 0x0000000082400000, 0x0000000082400000|100%| O|  |TAMS 0x0000000082400000, 0x0000000082300000| Updating 
|  36|0x0000000082400000, 0x0000000082500000, 0x0000000082500000|100%| O|  |TAMS 0x0000000082500000, 0x0000000082400000| Updating 
|  37|0x0000000082500000, 0x0000000082600000, 0x0000000082600000|100%| O|  |TAMS 0x0000000082600000, 0x0000000082500000| Updating 
|  38|0x0000000082600000, 0x0000000082700000, 0x0000000082700000|100%| O|  |TAMS 0x0000000082700000, 0x0000000082600000| Updating 
|  39|0x0000000082700000, 0x0000000082800000, 0x0000000082800000|100%| O|  |TAMS 0x0000000082800000, 0x0000000082700000| Updating 
|  40|0x0000000082800000, 0x0000000082900000, 0x0000000082900000|100%| O|  |TAMS 0x0000000082900000, 0x0000000082800000| Updating 
|  41|0x0000000082900000, 0x0000000082a00000, 0x0000000082a00000|100%| O|  |TAMS 0x0000000082a00000, 0x0000000082900000| Updating 
|  42|0x0000000082a00000, 0x0000000082b00000, 0x0000000082b00000|100%| O|  |TAMS 0x0000000082b00000, 0x0000000082a00000| Updating 
|  43|0x0000000082b00000, 0x0000000082c00000, 0x0000000082c00000|100%| O|  |TAMS 0x0000000082c00000, 0x0000000082b00000| Updating 
|  44|0x0000000082c00000, 0x0000000082d00000, 0x0000000082d00000|100%| O|  |TAMS 0x0000000082d00000, 0x0000000082c00000| Updating 
|  45|0x0000000082d00000, 0x0000000082e00000, 0x0000000082e00000|100%| O|  |TAMS 0x0000000082e00000, 0x0000000082d00000| Updating 
|  46|0x0000000082e00000, 0x0000000082f00000, 0x0000000082f00000|100%| O|  |TAMS 0x0000000082f00000, 0x0000000082e00000| Updating 
|  47|0x0000000082f00000, 0x0000000083000000, 0x0000000083000000|100%| O|  |TAMS 0x0000000083000000, 0x0000000082f00000| Updating 
|  48|0x0000000083000000, 0x0000000083100000, 0x0000000083100000|100%| O|  |TAMS 0x0000000083100000, 0x0000000083000000| Updating 
|  49|0x0000000083100000, 0x0000000083200000, 0x0000000083200000|100%| O|  |TAMS 0x0000000083200000, 0x0000000083100000| Updating 
|  50|0x0000000083200000, 0x0000000083300000, 0x0000000083300000|100%| O|  |TAMS 0x0000000083300000, 0x0000000083200000| Updating 
|  51|0x0000000083300000, 0x0000000083400000, 0x0000000083400000|100%| O|  |TAMS 0x0000000083400000, 0x0000000083300000| Updating 
|  52|0x0000000083400000, 0x0000000083500000, 0x0000000083500000|100%| O|  |TAMS 0x0000000083500000, 0x0000000083400000| Updating 
|  53|0x0000000083500000, 0x0000000083600000, 0x0000000083600000|100%| O|  |TAMS 0x0000000083600000, 0x0000000083500000| Updating 
|  54|0x0000000083600000, 0x0000000083700000, 0x0000000083700000|100%| O|  |TAMS 0x0000000083700000, 0x0000000083600000| Updating 
|  55|0x0000000083700000, 0x0000000083800000, 0x0000000083800000|100%| O|  |TAMS 0x0000000083800000, 0x0000000083700000| Updating 
|  56|0x0000000083800000, 0x0000000083900000, 0x0000000083900000|100%| O|  |TAMS 0x0000000083900000, 0x0000000083800000| Updating 
|  57|0x0000000083900000, 0x0000000083a00000, 0x0000000083a00000|100%| O|  |TAMS 0x0000000083a00000, 0x0000000083900000| Updating 
|  58|0x0000000083a00000, 0x0000000083b00000, 0x0000000083b00000|100%| O|  |TAMS 0x0000000083b00000, 0x0000000083a00000| Updating 
|  59|0x0000000083b00000, 0x0000000083c00000, 0x0000000083c00000|100%| O|  |TAMS 0x0000000083c00000, 0x0000000083b00000| Updating 
|  60|0x0000000083c00000, 0x0000000083d00000, 0x0000000083d00000|100%| O|  |TAMS 0x0000000083d00000, 0x0000000083c00000| Updating 
|  61|0x0000000083d00000, 0x0000000083e00000, 0x0000000083e00000|100%| O|  |TAMS 0x0000000083e00000, 0x0000000083d00000| Updating 
|  62|0x0000000083e00000, 0x0000000083f00000, 0x0000000083f00000|100%| O|  |TAMS 0x0000000083f00000, 0x0000000083e00000| Updating 
|  63|0x0000000083f00000, 0x0000000084000000, 0x0000000084000000|100%| O|  |TAMS 0x0000000084000000, 0x0000000083f00000| Updating 
|  64|0x0000000084000000, 0x0000000084100000, 0x0000000084100000|100%| O|  |TAMS 0x0000000084100000, 0x0000000084000000| Updating 
|  65|0x0000000084100000, 0x0000000084200000, 0x0000000084200000|100%| O|  |TAMS 0x0000000084200000, 0x0000000084100000| Updating 
|  66|0x0000000084200000, 0x0000000084300000, 0x0000000084300000|100%| O|  |TAMS 0x0000000084300000, 0x0000000084200000| Updating 
|  67|0x0000000084300000, 0x0000000084400000, 0x0000000084400000|100%| O|  |TAMS 0x0000000084400000, 0x0000000084300000| Updating 
|  68|0x0000000084400000, 0x0000000084500000, 0x0000000084500000|100%| O|  |TAMS 0x0000000084500000, 0x0000000084400000| Updating 
|  69|0x0000000084500000, 0x0000000084600000, 0x0000000084600000|100%| O|  |TAMS 0x0000000084600000, 0x0000000084500000| Updating 
|  70|0x0000000084600000, 0x0000000084700000, 0x0000000084700000|100%| O|  |TAMS 0x0000000084700000, 0x0000000084600000| Updating 
|  71|0x0000000084700000, 0x0000000084800000, 0x0000000084800000|100%| O|  |TAMS 0x0000000084800000, 0x0000000084700000| Updating 
|  72|0x0000000084800000, 0x0000000084900000, 0x0000000084900000|100%| O|  |TAMS 0x0000000084900000, 0x0000000084800000| Updating 
|  73|0x0000000084900000, 0x0000000084a00000, 0x0000000084a00000|100%| O|  |TAMS 0x0000000084a00000, 0x0000000084900000| Updating 
|  74|0x0000000084a00000, 0x0000000084b00000, 0x0000000084b00000|100%| O|  |TAMS 0x0000000084b00000, 0x0000000084a00000| Updating 
|  75|0x0000000084b00000, 0x0000000084c00000, 0x0000000084c00000|100%| O|  |TAMS 0x0000000084c00000, 0x0000000084b00000| Updating 
|  76|0x0000000084c00000, 0x0000000084d00000, 0x0000000084d00000|100%| O|  |TAMS 0x0000000084d00000, 0x0000000084c00000| Updating 
|  77|0x0000000084d00000, 0x0000000084e00000, 0x0000000084e00000|100%|HS|  |TAMS 0x0000000084e00000, 0x0000000084d00000| Complete 
|  78|0x0000000084e00000, 0x0000000084f00000, 0x0000000084f00000|100%|HC|  |TAMS 0x0000000084f00000, 0x0000000084e00000| Complete 
|  79|0x0000000084f00000, 0x0000000085000000, 0x0000000085000000|100%|HS|  |TAMS 0x0000000085000000, 0x0000000084f00000| Complete 
|  80|0x0000000085000000, 0x0000000085100000, 0x0000000085100000|100%|HS|  |TAMS 0x0000000085100000, 0x0000000085000000| Complete 
|  81|0x0000000085100000, 0x0000000085200000, 0x0000000085200000|100%|HS|  |TAMS 0x0000000085200000, 0x0000000085100000| Complete 
|  82|0x0000000085200000, 0x0000000085300000, 0x0000000085300000|100%|HC|  |TAMS 0x0000000085300000, 0x0000000085200000| Complete 
|  83|0x0000000085300000, 0x0000000085400000, 0x0000000085400000|100%|HS|  |TAMS 0x0000000085400000, 0x0000000085300000| Complete 
|  84|0x0000000085400000, 0x0000000085500000, 0x0000000085500000|100%|HS|  |TAMS 0x0000000085500000, 0x0000000085400000| Complete 
|  85|0x0000000085500000, 0x0000000085600000, 0x0000000085600000|100%|HC|  |TAMS 0x0000000085600000, 0x0000000085500000| Complete 
|  86|0x0000000085600000, 0x0000000085700000, 0x0000000085700000|100%|HC|  |TAMS 0x0000000085700000, 0x0000000085600000| Complete 
|  87|0x0000000085700000, 0x0000000085800000, 0x0000000085800000|100%| O|  |TAMS 0x0000000085800000, 0x0000000085700000| Updating 
|  88|0x0000000085800000, 0x0000000085900000, 0x0000000085900000|100%| O|  |TAMS 0x0000000085900000, 0x0000000085800000| Updating 
|  89|0x0000000085900000, 0x0000000085a00000, 0x0000000085a00000|100%| O|  |TAMS 0x0000000085a00000, 0x0000000085900000| Updating 
|  90|0x0000000085a00000, 0x0000000085b00000, 0x0000000085b00000|100%| O|  |TAMS 0x0000000085b00000, 0x0000000085a00000| Updating 
|  91|0x0000000085b00000, 0x0000000085c00000, 0x0000000085c00000|100%| O|  |TAMS 0x0000000085c00000, 0x0000000085b00000| Updating 
|  92|0x0000000085c00000, 0x0000000085d00000, 0x0000000085d00000|100%| O|  |TAMS 0x0000000085d00000, 0x0000000085c00000| Updating 
|  93|0x0000000085d00000, 0x0000000085e00000, 0x0000000085e00000|100%| O|  |TAMS 0x0000000085e00000, 0x0000000085d00000| Updating 
|  94|0x0000000085e00000, 0x0000000085f00000, 0x0000000085f00000|100%|HS|  |TAMS 0x0000000085f00000, 0x0000000085e00000| Complete 
|  95|0x0000000085f00000, 0x0000000086000000, 0x0000000086000000|100%|HC|  |TAMS 0x0000000086000000, 0x0000000085f00000| Complete 
|  96|0x0000000086000000, 0x0000000086100000, 0x0000000086100000|100%| O|  |TAMS 0x0000000086100000, 0x0000000086000000| Updating 
|  97|0x0000000086100000, 0x0000000086200000, 0x0000000086200000|100%|HS|  |TAMS 0x0000000086200000, 0x0000000086100000| Complete 
|  98|0x0000000086200000, 0x0000000086300000, 0x0000000086300000|100%| O|  |TAMS 0x0000000086300000, 0x0000000086200000| Updating 
|  99|0x0000000086300000, 0x0000000086400000, 0x0000000086400000|100%|HS|  |TAMS 0x0000000086400000, 0x0000000086300000| Complete 
| 100|0x0000000086400000, 0x0000000086500000, 0x0000000086500000|100%| O|  |TAMS 0x0000000086500000, 0x0000000086400000| Updating 
| 101|0x0000000086500000, 0x0000000086600000, 0x0000000086600000|100%| O|  |TAMS 0x0000000086600000, 0x0000000086500000| Updating 
| 102|0x0000000086600000, 0x0000000086700000, 0x0000000086700000|100%|HS|  |TAMS 0x0000000086700000, 0x0000000086600000| Complete 
| 103|0x0000000086700000, 0x0000000086800000, 0x0000000086800000|100%|HC|  |TAMS 0x0000000086800000, 0x0000000086700000| Complete 
| 104|0x0000000086800000, 0x0000000086900000, 0x0000000086900000|100%| O|  |TAMS 0x0000000086900000, 0x0000000086800000| Updating 
| 105|0x0000000086900000, 0x0000000086a00000, 0x0000000086a00000|100%|HS|  |TAMS 0x0000000086a00000, 0x0000000086900000| Complete 
| 106|0x0000000086a00000, 0x0000000086b00000, 0x0000000086b00000|100%| O|  |TAMS 0x0000000086b00000, 0x0000000086a00000| Updating 
| 107|0x0000000086b00000, 0x0000000086c00000, 0x0000000086c00000|100%| O|  |TAMS 0x0000000086c00000, 0x0000000086b00000| Updating 
| 108|0x0000000086c00000, 0x0000000086d00000, 0x0000000086d00000|100%| O|  |TAMS 0x0000000086d00000, 0x0000000086c00000| Updating 
| 109|0x0000000086d00000, 0x0000000086e00000, 0x0000000086e00000|100%|HS|  |TAMS 0x0000000086e00000, 0x0000000086d00000| Complete 
| 110|0x0000000086e00000, 0x0000000086f00000, 0x0000000086f00000|100%|HC|  |TAMS 0x0000000086f00000, 0x0000000086e00000| Complete 
| 111|0x0000000086f00000, 0x0000000087000000, 0x0000000087000000|100%|HC|  |TAMS 0x0000000087000000, 0x0000000086f00000| Complete 
| 112|0x0000000087000000, 0x0000000087100000, 0x0000000087100000|100%| O|  |TAMS 0x0000000087100000, 0x0000000087000000| Updating 
| 113|0x0000000087100000, 0x0000000087200000, 0x0000000087200000|100%| O|  |TAMS 0x0000000087200000, 0x0000000087100000| Updating 
| 114|0x0000000087200000, 0x0000000087300000, 0x0000000087300000|100%| O|  |TAMS 0x0000000087300000, 0x0000000087200000| Updating 
| 115|0x0000000087300000, 0x0000000087400000, 0x0000000087400000|100%| O|  |TAMS 0x0000000087400000, 0x0000000087300000| Updating 
| 116|0x0000000087400000, 0x0000000087500000, 0x0000000087500000|100%| O|  |TAMS 0x0000000087500000, 0x0000000087400000| Updating 
| 117|0x0000000087500000, 0x0000000087600000, 0x0000000087600000|100%| O|  |TAMS 0x0000000087600000, 0x0000000087500000| Updating 
| 118|0x0000000087600000, 0x0000000087700000, 0x0000000087700000|100%| O|  |TAMS 0x0000000087700000, 0x0000000087600000| Updating 
| 119|0x0000000087700000, 0x0000000087800000, 0x0000000087800000|100%| O|  |TAMS 0x0000000087800000, 0x0000000087700000| Updating 
| 120|0x0000000087800000, 0x0000000087900000, 0x0000000087900000|100%| O|  |TAMS 0x0000000087900000, 0x0000000087800000| Updating 
| 121|0x0000000087900000, 0x0000000087a00000, 0x0000000087a00000|100%| O|  |TAMS 0x0000000087a00000, 0x0000000087900000| Updating 
| 122|0x0000000087a00000, 0x0000000087b00000, 0x0000000087b00000|100%| O|  |TAMS 0x0000000087b00000, 0x0000000087a00000| Updating 
| 123|0x0000000087b00000, 0x0000000087c00000, 0x0000000087c00000|100%| O|  |TAMS 0x0000000087c00000, 0x0000000087b00000| Updating 
| 124|0x0000000087c00000, 0x0000000087d00000, 0x0000000087d00000|100%| O|  |TAMS 0x0000000087d00000, 0x0000000087c00000| Updating 
| 125|0x0000000087d00000, 0x0000000087e00000, 0x0000000087e00000|100%| O|  |TAMS 0x0000000087e00000, 0x0000000087d00000| Updating 
| 126|0x0000000087e00000, 0x0000000087f00000, 0x0000000087f00000|100%| O|  |TAMS 0x0000000087f00000, 0x0000000087e00000| Updating 
| 127|0x0000000087f00000, 0x0000000088000000, 0x0000000088000000|100%| O|  |TAMS 0x0000000088000000, 0x0000000087f00000| Updating 
| 128|0x0000000088000000, 0x0000000088100000, 0x0000000088100000|100%|HS|  |TAMS 0x0000000088100000, 0x0000000088000000| Complete 
| 129|0x0000000088100000, 0x0000000088200000, 0x0000000088200000|100%|HS|  |TAMS 0x0000000088200000, 0x0000000088100000| Complete 
| 130|0x0000000088200000, 0x0000000088300000, 0x0000000088300000|100%| O|  |TAMS 0x0000000088300000, 0x0000000088200000| Updating 
| 131|0x0000000088300000, 0x0000000088400000, 0x0000000088400000|100%| O|  |TAMS 0x0000000088400000, 0x0000000088300000| Updating 
| 132|0x0000000088400000, 0x0000000088500000, 0x0000000088500000|100%| O|  |TAMS 0x0000000088500000, 0x0000000088400000| Updating 
| 133|0x0000000088500000, 0x0000000088600000, 0x0000000088600000|100%| O|  |TAMS 0x0000000088600000, 0x0000000088500000| Updating 
| 134|0x0000000088600000, 0x0000000088700000, 0x0000000088700000|100%| O|  |TAMS 0x0000000088700000, 0x0000000088600000| Updating 
| 135|0x0000000088700000, 0x0000000088800000, 0x0000000088800000|100%| O|  |TAMS 0x0000000088800000, 0x0000000088700000| Updating 
| 136|0x0000000088800000, 0x0000000088900000, 0x0000000088900000|100%| O|  |TAMS 0x0000000088900000, 0x0000000088800000| Updating 
| 137|0x0000000088900000, 0x0000000088a00000, 0x0000000088a00000|100%| O|  |TAMS 0x0000000088a00000, 0x0000000088900000| Updating 
| 138|0x0000000088a00000, 0x0000000088b00000, 0x0000000088b00000|100%| O|  |TAMS 0x0000000088b00000, 0x0000000088a00000| Updating 
| 139|0x0000000088b00000, 0x0000000088c00000, 0x0000000088c00000|100%| O|  |TAMS 0x0000000088c00000, 0x0000000088b00000| Updating 
| 140|0x0000000088c00000, 0x0000000088d00000, 0x0000000088d00000|100%| O|  |TAMS 0x0000000088d00000, 0x0000000088c00000| Updating 
| 141|0x0000000088d00000, 0x0000000088e00000, 0x0000000088e00000|100%|HS|  |TAMS 0x0000000088e00000, 0x0000000088d00000| Complete 
| 142|0x0000000088e00000, 0x0000000088f00000, 0x0000000088f00000|100%|HC|  |TAMS 0x0000000088f00000, 0x0000000088e00000| Complete 
| 143|0x0000000088f00000, 0x0000000089000000, 0x0000000089000000|100%| O|  |TAMS 0x0000000089000000, 0x0000000088f00000| Updating 
| 144|0x0000000089000000, 0x0000000089100000, 0x0000000089100000|100%| O|  |TAMS 0x0000000089100000, 0x0000000089000000| Updating 
| 145|0x0000000089100000, 0x0000000089200000, 0x0000000089200000|100%| O|  |TAMS 0x0000000089200000, 0x0000000089100000| Updating 
| 146|0x0000000089200000, 0x0000000089300000, 0x0000000089300000|100%| O|  |TAMS 0x0000000089300000, 0x0000000089200000| Updating 
| 147|0x0000000089300000, 0x0000000089400000, 0x0000000089400000|100%| O|  |TAMS 0x0000000089400000, 0x0000000089300000| Updating 
| 148|0x0000000089400000, 0x0000000089500000, 0x0000000089500000|100%| O|  |TAMS 0x0000000089500000, 0x0000000089400000| Updating 
| 149|0x0000000089500000, 0x0000000089600000, 0x0000000089600000|100%| O|  |TAMS 0x0000000089600000, 0x0000000089500000| Updating 
| 150|0x0000000089600000, 0x0000000089700000, 0x0000000089700000|100%| O|  |TAMS 0x0000000089700000, 0x0000000089600000| Updating 
| 151|0x0000000089700000, 0x0000000089800000, 0x0000000089800000|100%| O|  |TAMS 0x0000000089800000, 0x0000000089700000| Updating 
| 152|0x0000000089800000, 0x0000000089900000, 0x0000000089900000|100%| O|  |TAMS 0x0000000089900000, 0x0000000089800000| Updating 
| 153|0x0000000089900000, 0x0000000089a00000, 0x0000000089a00000|100%| O|  |TAMS 0x0000000089a00000, 0x0000000089900000| Updating 
| 154|0x0000000089a00000, 0x0000000089b00000, 0x0000000089b00000|100%| O|  |TAMS 0x0000000089b00000, 0x0000000089a00000| Updating 
| 155|0x0000000089b00000, 0x0000000089c00000, 0x0000000089c00000|100%| O|  |TAMS 0x0000000089c00000, 0x0000000089b00000| Updating 
| 156|0x0000000089c00000, 0x0000000089d00000, 0x0000000089d00000|100%| O|  |TAMS 0x0000000089d00000, 0x0000000089c00000| Updating 
| 157|0x0000000089d00000, 0x0000000089e00000, 0x0000000089e00000|100%| O|  |TAMS 0x0000000089e00000, 0x0000000089d00000| Updating 
| 158|0x0000000089e00000, 0x0000000089f00000, 0x0000000089f00000|100%| O|  |TAMS 0x0000000089f00000, 0x0000000089e00000| Updating 
| 159|0x0000000089f00000, 0x000000008a000000, 0x000000008a000000|100%| O|  |TAMS 0x000000008a000000, 0x0000000089f00000| Updating 
| 160|0x000000008a000000, 0x000000008a100000, 0x000000008a100000|100%| O|  |TAMS 0x000000008a100000, 0x000000008a000000| Updating 
| 161|0x000000008a100000, 0x000000008a200000, 0x000000008a200000|100%| O|  |TAMS 0x000000008a200000, 0x000000008a100000| Updating 
| 162|0x000000008a200000, 0x000000008a300000, 0x000000008a300000|100%| O|  |TAMS 0x000000008a300000, 0x000000008a200000| Updating 
| 163|0x000000008a300000, 0x000000008a400000, 0x000000008a400000|100%| O|  |TAMS 0x000000008a400000, 0x000000008a300000| Updating 
| 164|0x000000008a400000, 0x000000008a500000, 0x000000008a500000|100%| O|  |TAMS 0x000000008a500000, 0x000000008a400000| Updating 
| 165|0x000000008a500000, 0x000000008a600000, 0x000000008a600000|100%| O|  |TAMS 0x000000008a600000, 0x000000008a500000| Updating 
| 166|0x000000008a600000, 0x000000008a700000, 0x000000008a700000|100%| O|  |TAMS 0x000000008a700000, 0x000000008a600000| Updating 
| 167|0x000000008a700000, 0x000000008a800000, 0x000000008a800000|100%| O|  |TAMS 0x000000008a800000, 0x000000008a700000| Updating 
| 168|0x000000008a800000, 0x000000008a900000, 0x000000008a900000|100%| O|  |TAMS 0x000000008a900000, 0x000000008a800000| Updating 
| 169|0x000000008a900000, 0x000000008aa00000, 0x000000008aa00000|100%| O|  |TAMS 0x000000008aa00000, 0x000000008a900000| Updating 
| 170|0x000000008aa00000, 0x000000008ab00000, 0x000000008ab00000|100%| O|  |TAMS 0x000000008ab00000, 0x000000008aa00000| Updating 
| 171|0x000000008ab00000, 0x000000008ac00000, 0x000000008ac00000|100%| O|  |TAMS 0x000000008ac00000, 0x000000008ab00000| Updating 
| 172|0x000000008ac00000, 0x000000008ad00000, 0x000000008ad00000|100%| O|  |TAMS 0x000000008ad00000, 0x000000008ac00000| Updating 
| 173|0x000000008ad00000, 0x000000008ae00000, 0x000000008ae00000|100%| O|  |TAMS 0x000000008ae00000, 0x000000008ad00000| Updating 
| 174|0x000000008ae00000, 0x000000008af00000, 0x000000008af00000|100%| O|  |TAMS 0x000000008af00000, 0x000000008ae00000| Updating 
| 175|0x000000008af00000, 0x000000008b000000, 0x000000008b000000|100%| O|  |TAMS 0x000000008b000000, 0x000000008af00000| Updating 
| 176|0x000000008b000000, 0x000000008b100000, 0x000000008b100000|100%| O|  |TAMS 0x000000008b100000, 0x000000008b000000| Updating 
| 177|0x000000008b100000, 0x000000008b200000, 0x000000008b200000|100%| O|  |TAMS 0x000000008b200000, 0x000000008b100000| Updating 
| 178|0x000000008b200000, 0x000000008b300000, 0x000000008b300000|100%| O|  |TAMS 0x000000008b300000, 0x000000008b200000| Updating 
| 179|0x000000008b300000, 0x000000008b400000, 0x000000008b400000|100%| O|  |TAMS 0x000000008b400000, 0x000000008b300000| Updating 
| 180|0x000000008b400000, 0x000000008b500000, 0x000000008b500000|100%| O|  |TAMS 0x000000008b500000, 0x000000008b400000| Updating 
| 181|0x000000008b500000, 0x000000008b600000, 0x000000008b600000|100%| O|  |TAMS 0x000000008b600000, 0x000000008b500000| Updating 
| 182|0x000000008b600000, 0x000000008b700000, 0x000000008b700000|100%| O|  |TAMS 0x000000008b700000, 0x000000008b600000| Updating 
| 183|0x000000008b700000, 0x000000008b800000, 0x000000008b800000|100%| O|  |TAMS 0x000000008b800000, 0x000000008b700000| Updating 
| 184|0x000000008b800000, 0x000000008b900000, 0x000000008b900000|100%| O|  |TAMS 0x000000008b900000, 0x000000008b800000| Updating 
| 185|0x000000008b900000, 0x000000008ba00000, 0x000000008ba00000|100%| O|  |TAMS 0x000000008ba00000, 0x000000008b900000| Updating 
| 186|0x000000008ba00000, 0x000000008bb00000, 0x000000008bb00000|100%| O|  |TAMS 0x000000008bb00000, 0x000000008ba00000| Updating 
| 187|0x000000008bb00000, 0x000000008bc00000, 0x000000008bc00000|100%| O|  |TAMS 0x000000008bc00000, 0x000000008bb00000| Updating 
| 188|0x000000008bc00000, 0x000000008bd00000, 0x000000008bd00000|100%| O|  |TAMS 0x000000008bd00000, 0x000000008bc00000| Updating 
| 189|0x000000008bd00000, 0x000000008be00000, 0x000000008be00000|100%| O|  |TAMS 0x000000008be00000, 0x000000008bd00000| Updating 
| 190|0x000000008be00000, 0x000000008bf00000, 0x000000008bf00000|100%| O|  |TAMS 0x000000008bf00000, 0x000000008be00000| Updating 
| 191|0x000000008bf00000, 0x000000008c000000, 0x000000008c000000|100%| O|  |TAMS 0x000000008c000000, 0x000000008bf00000| Updating 
| 192|0x000000008c000000, 0x000000008c100000, 0x000000008c100000|100%| O|  |TAMS 0x000000008c100000, 0x000000008c000000| Updating 
| 193|0x000000008c100000, 0x000000008c200000, 0x000000008c200000|100%| O|  |TAMS 0x000000008c200000, 0x000000008c100000| Updating 
| 194|0x000000008c200000, 0x000000008c300000, 0x000000008c300000|100%| O|  |TAMS 0x000000008c300000, 0x000000008c200000| Updating 
| 195|0x000000008c300000, 0x000000008c400000, 0x000000008c400000|100%| O|  |TAMS 0x000000008c400000, 0x000000008c300000| Updating 
| 196|0x000000008c400000, 0x000000008c500000, 0x000000008c500000|100%| O|  |TAMS 0x000000008c480000, 0x000000008c400000| Updating 
| 197|0x000000008c500000, 0x000000008c500000, 0x000000008c600000|  0%| F|  |TAMS 0x000000008c500000, 0x000000008c500000| Untracked 
| 198|0x000000008c600000, 0x000000008c600000, 0x000000008c700000|  0%| F|  |TAMS 0x000000008c600000, 0x000000008c600000| Untracked 
| 199|0x000000008c700000, 0x000000008c800000, 0x000000008c800000|100%| O|  |TAMS 0x000000008c700000, 0x000000008c700000| Untracked 
| 200|0x000000008c800000, 0x000000008c900000, 0x000000008c900000|100%| O|  |TAMS 0x000000008c800000, 0x000000008c800000| Untracked 
| 201|0x000000008c900000, 0x000000008ca00000, 0x000000008ca00000|100%| O|  |TAMS 0x000000008c900000, 0x000000008c900000| Untracked 
| 202|0x000000008ca00000, 0x000000008cb00000, 0x000000008cb00000|100%| O|  |TAMS 0x000000008ca00000, 0x000000008ca00000| Untracked 
| 203|0x000000008cb00000, 0x000000008cc00000, 0x000000008cc00000|100%| O|  |TAMS 0x000000008cb00000, 0x000000008cb00000| Untracked 
| 204|0x000000008cc00000, 0x000000008cd00000, 0x000000008cd00000|100%| O|  |TAMS 0x000000008cc00000, 0x000000008cc00000| Untracked 
| 205|0x000000008cd00000, 0x000000008ce00000, 0x000000008ce00000|100%| O|  |TAMS 0x000000008cd00000, 0x000000008cd00000| Untracked 
| 206|0x000000008ce00000, 0x000000008cf00000, 0x000000008cf00000|100%| O|  |TAMS 0x000000008ce00000, 0x000000008ce00000| Untracked 
| 207|0x000000008cf00000, 0x000000008d000000, 0x000000008d000000|100%| O|  |TAMS 0x000000008cf00000, 0x000000008cf00000| Untracked 
| 208|0x000000008d000000, 0x000000008d000000, 0x000000008d100000|  0%| F|  |TAMS 0x000000008d000000, 0x000000008d000000| Untracked 
| 209|0x000000008d100000, 0x000000008d100000, 0x000000008d200000|  0%| F|  |TAMS 0x000000008d100000, 0x000000008d100000| Untracked 
| 210|0x000000008d200000, 0x000000008d200000, 0x000000008d300000|  0%| F|  |TAMS 0x000000008d200000, 0x000000008d200000| Untracked 
| 211|0x000000008d300000, 0x000000008d300000, 0x000000008d400000|  0%| F|  |TAMS 0x000000008d300000, 0x000000008d300000| Untracked 
| 212|0x000000008d400000, 0x000000008d400000, 0x000000008d500000|  0%| F|  |TAMS 0x000000008d400000, 0x000000008d400000| Untracked 
| 213|0x000000008d500000, 0x000000008d500000, 0x000000008d600000|  0%| F|  |TAMS 0x000000008d500000, 0x000000008d500000| Untracked 
| 214|0x000000008d600000, 0x000000008d600000, 0x000000008d700000|  0%| F|  |TAMS 0x000000008d600000, 0x000000008d600000| Untracked 
| 215|0x000000008d700000, 0x000000008d700000, 0x000000008d800000|  0%| F|  |TAMS 0x000000008d700000, 0x000000008d700000| Untracked 
| 216|0x000000008d800000, 0x000000008d800000, 0x000000008d900000|  0%| F|  |TAMS 0x000000008d800000, 0x000000008d800000| Untracked 
| 217|0x000000008d900000, 0x000000008d900000, 0x000000008da00000|  0%| F|  |TAMS 0x000000008d900000, 0x000000008d900000| Untracked 
| 218|0x000000008da00000, 0x000000008da00000, 0x000000008db00000|  0%| F|  |TAMS 0x000000008da00000, 0x000000008da00000| Untracked 
| 219|0x000000008db00000, 0x000000008db00000, 0x000000008dc00000|  0%| F|  |TAMS 0x000000008db00000, 0x000000008db00000| Untracked 
| 220|0x000000008dc00000, 0x000000008dc00000, 0x000000008dd00000|  0%| F|  |TAMS 0x000000008dc00000, 0x000000008dc00000| Untracked 
| 221|0x000000008dd00000, 0x000000008dd00000, 0x000000008de00000|  0%| F|  |TAMS 0x000000008dd00000, 0x000000008dd00000| Untracked 
| 222|0x000000008de00000, 0x000000008de00000, 0x000000008df00000|  0%| F|  |TAMS 0x000000008de00000, 0x000000008de00000| Untracked 
| 223|0x000000008df00000, 0x000000008df00000, 0x000000008e000000|  0%| F|  |TAMS 0x000000008df00000, 0x000000008df00000| Untracked 
| 224|0x000000008e000000, 0x000000008e000000, 0x000000008e100000|  0%| F|  |TAMS 0x000000008e000000, 0x000000008e000000| Untracked 
| 225|0x000000008e100000, 0x000000008e100000, 0x000000008e200000|  0%| F|  |TAMS 0x000000008e100000, 0x000000008e100000| Untracked 
| 226|0x000000008e200000, 0x000000008e200000, 0x000000008e300000|  0%| F|  |TAMS 0x000000008e200000, 0x000000008e200000| Untracked 
| 227|0x000000008e300000, 0x000000008e300000, 0x000000008e400000|  0%| F|  |TAMS 0x000000008e300000, 0x000000008e300000| Untracked 
| 228|0x000000008e400000, 0x000000008e400000, 0x000000008e500000|  0%| F|  |TAMS 0x000000008e400000, 0x000000008e400000| Untracked 
| 229|0x000000008e500000, 0x000000008e500000, 0x000000008e600000|  0%| F|  |TAMS 0x000000008e500000, 0x000000008e500000| Untracked 
| 230|0x000000008e600000, 0x000000008e600000, 0x000000008e700000|  0%| F|  |TAMS 0x000000008e600000, 0x000000008e600000| Untracked 
| 231|0x000000008e700000, 0x000000008e700000, 0x000000008e800000|  0%| F|  |TAMS 0x000000008e700000, 0x000000008e700000| Untracked 
| 232|0x000000008e800000, 0x000000008e800000, 0x000000008e900000|  0%| F|  |TAMS 0x000000008e800000, 0x000000008e800000| Untracked 
| 233|0x000000008e900000, 0x000000008e900000, 0x000000008ea00000|  0%| F|  |TAMS 0x000000008e900000, 0x000000008e900000| Untracked 
| 234|0x000000008ea00000, 0x000000008ea00000, 0x000000008eb00000|  0%| F|  |TAMS 0x000000008ea00000, 0x000000008ea00000| Untracked 
| 235|0x000000008eb00000, 0x000000008eb00000, 0x000000008ec00000|  0%| F|  |TAMS 0x000000008eb00000, 0x000000008eb00000| Untracked 
| 236|0x000000008ec00000, 0x000000008ec00000, 0x000000008ed00000|  0%| F|  |TAMS 0x000000008ec00000, 0x000000008ec00000| Untracked 
| 237|0x000000008ed00000, 0x000000008ed00000, 0x000000008ee00000|  0%| F|  |TAMS 0x000000008ed00000, 0x000000008ed00000| Untracked 
| 238|0x000000008ee00000, 0x000000008ee00000, 0x000000008ef00000|  0%| F|  |TAMS 0x000000008ee00000, 0x000000008ee00000| Untracked 
| 239|0x000000008ef00000, 0x000000008ef00000, 0x000000008f000000|  0%| F|  |TAMS 0x000000008ef00000, 0x000000008ef00000| Untracked 
| 240|0x000000008f000000, 0x000000008f000000, 0x000000008f100000|  0%| F|  |TAMS 0x000000008f000000, 0x000000008f000000| Untracked 
| 241|0x000000008f100000, 0x000000008f100000, 0x000000008f200000|  0%| F|  |TAMS 0x000000008f100000, 0x000000008f100000| Untracked 
| 242|0x000000008f200000, 0x000000008f200000, 0x000000008f300000|  0%| F|  |TAMS 0x000000008f200000, 0x000000008f200000| Untracked 
| 243|0x000000008f300000, 0x000000008f300000, 0x000000008f400000|  0%| F|  |TAMS 0x000000008f300000, 0x000000008f300000| Untracked 
| 244|0x000000008f400000, 0x000000008f400000, 0x000000008f500000|  0%| F|  |TAMS 0x000000008f400000, 0x000000008f400000| Untracked 
| 245|0x000000008f500000, 0x000000008f500000, 0x000000008f600000|  0%| F|  |TAMS 0x000000008f500000, 0x000000008f500000| Untracked 
| 246|0x000000008f600000, 0x000000008f700000, 0x000000008f700000|100%| S|CS|TAMS 0x000000008f600000, 0x000000008f600000| Complete 
| 247|0x000000008f700000, 0x000000008f800000, 0x000000008f800000|100%| S|CS|TAMS 0x000000008f700000, 0x000000008f700000| Complete 
| 248|0x000000008f800000, 0x000000008f800000, 0x000000008f900000|  0%| F|  |TAMS 0x000000008f800000, 0x000000008f800000| Untracked 
| 249|0x000000008f900000, 0x000000008f900000, 0x000000008fa00000|  0%| F|  |TAMS 0x000000008f900000, 0x000000008f900000| Untracked 
| 250|0x000000008fa00000, 0x000000008fa00000, 0x000000008fb00000|  0%| F|  |TAMS 0x000000008fa00000, 0x000000008fa00000| Untracked 
| 251|0x000000008fb00000, 0x000000008fb00000, 0x000000008fc00000|  0%| F|  |TAMS 0x000000008fb00000, 0x000000008fb00000| Untracked 
| 252|0x000000008fc00000, 0x000000008fc00000, 0x000000008fd00000|  0%| F|  |TAMS 0x000000008fc00000, 0x000000008fc00000| Untracked 
| 253|0x000000008fd00000, 0x000000008fd00000, 0x000000008fe00000|  0%| F|  |TAMS 0x000000008fd00000, 0x000000008fd00000| Untracked 
| 254|0x000000008fe00000, 0x000000008fe00000, 0x000000008ff00000|  0%| F|  |TAMS 0x000000008fe00000, 0x000000008fe00000| Untracked 
| 255|0x000000008ff00000, 0x000000008ff00000, 0x0000000090000000|  0%| F|  |TAMS 0x000000008ff00000, 0x000000008ff00000| Untracked 
| 256|0x0000000090000000, 0x0000000090000000, 0x0000000090100000|  0%| F|  |TAMS 0x0000000090000000, 0x0000000090000000| Untracked 
| 257|0x0000000090100000, 0x0000000090100000, 0x0000000090200000|  0%| F|  |TAMS 0x0000000090100000, 0x0000000090100000| Untracked 
| 258|0x0000000090200000, 0x0000000090200000, 0x0000000090300000|  0%| F|  |TAMS 0x0000000090200000, 0x0000000090200000| Untracked 
| 259|0x0000000090300000, 0x0000000090300000, 0x0000000090400000|  0%| F|  |TAMS 0x0000000090300000, 0x0000000090300000| Untracked 
| 260|0x0000000090400000, 0x0000000090400000, 0x0000000090500000|  0%| F|  |TAMS 0x0000000090400000, 0x0000000090400000| Untracked 

Card table byte_map: [0x000001a8590d0000,0x000001a8594d0000] _byte_map_base: 0x000001a858cd0000

Marking Bits (Prev, Next): (CMBitMap*) 0x000001a8461e2928, (CMBitMap*) 0x000001a8461e2960
 Prev Bits: [0x000001a8598d0000, 0x000001a85b8d0000)
 Next Bits: [0x000001a85b8d0000, 0x000001a85d8d0000)

Polling page: 0x000001a845980000

Metaspace:

Usage:
  Non-class:     69.36 MB capacity,    68.09 MB ( 98%) used,     1.07 MB (  2%) free+waste,   209.50 KB ( <1%) overhead. 
      Class:     10.75 MB capacity,    10.13 MB ( 94%) used,   541.27 KB (  5%) free+waste,    94.75 KB ( <1%) overhead. 
       Both:     80.12 MB capacity,    78.23 MB ( 98%) used,     1.60 MB (  2%) free+waste,   304.25 KB ( <1%) overhead. 

Virtual space:
  Non-class space:       70.00 MB reserved,      69.50 MB (>99%) committed 
      Class space:        1.00 GB reserved,      10.88 MB (  1%) committed 
             Both:        1.07 GB reserved,      80.37 MB (  7%) committed 

Chunk freelists:
   Non-Class:  71.00 KB
       Class:  27.00 KB
        Both:  98.00 KB

MaxMetaspaceSize: 17179869184.00 GB
CompressedClassSpaceSize: 1.00 GB
Initial GC threshold: 20.80 MB
Current GC threshold: 133.95 MB
CDS: off

CodeHeap 'non-profiled nmethods': size=120064Kb used=5756Kb max_used=5756Kb free=114307Kb
 bounds [0x000001a851790000, 0x000001a851d30000, 0x000001a858cd0000]
CodeHeap 'profiled nmethods': size=120000Kb used=22258Kb max_used=22258Kb free=97741Kb
 bounds [0x000001a84a260000, 0x000001a84b820000, 0x000001a851790000]
CodeHeap 'non-nmethods': size=5696Kb used=2342Kb max_used=2388Kb free=3354Kb
 bounds [0x000001a849cd0000, 0x000001a849f40000, 0x000001a84a260000]
 total_blobs=11041 nmethods=10189 adapters=764
 compilation: enabled
              stopped_count=0, restarted_count=0
 full_count=0

Compilation events (20 events):
Event: 40.599 Thread 0x000001a860781800 10367       3       com.android.tools.r8.dex.n::f (109 bytes)
Event: 40.600 Thread 0x000001a860781800 nmethod 10367 0x000001a84b817690 code [0x000001a84b817900, 0x000001a84b818418]
Event: 40.603 Thread 0x000001a860781800 10368       2       com.android.tools.r8.code.s::<init> (7 bytes)
Event: 40.604 Thread 0x000001a860781800 nmethod 10368 0x000001a84b818990 code [0x000001a84b818b60, 0x000001a84b818d98]
Event: 40.690 Thread 0x000001a860781800 10369 %     3       com.android.tools.r8.graph.x::a @ 11 (56 bytes)
Event: 40.692 Thread 0x000001a860781800 nmethod 10369% 0x000001a84b818f90 code [0x000001a84b8191e0, 0x000001a84b819c68]
Event: 40.692 Thread 0x000001a860781800 10370       3       com.android.tools.r8.graph.x::a (56 bytes)
Event: 40.693 Thread 0x000001a860781800 nmethod 10370 0x000001a84b81a010 code [0x000001a84b81a280, 0x000001a84b81ad68]
Event: 40.702 Thread 0x000001a860781800 10371       2       com.android.tools.r8.code.v::<init> (7 bytes)
Event: 40.703 Thread 0x000001a860781800 nmethod 10371 0x000001a84b81b110 code [0x000001a84b81b2c0, 0x000001a84b81b418]
Event: 40.706 Thread 0x000001a860781800 10372       2       com.android.tools.r8.code.l0::<init> (7 bytes)
Event: 40.707 Thread 0x000001a860781800 nmethod 10372 0x000001a84b81b510 code [0x000001a84b81b6e0, 0x000001a84b81b918]
Event: 40.773 Thread 0x000001a860781800 10374       2       com.android.tools.r8.code.z0::<init> (7 bytes)
Event: 40.774 Thread 0x000001a860781800 nmethod 10374 0x000001a84b81bb10 code [0x000001a84b81bcc0, 0x000001a84b81be18]
Event: 40.873 Thread 0x000001a85fdd6000 nmethod 10170 0x000001a851d23510 code [0x000001a851d23a60, 0x000001a851d2ae78]
Event: 40.874 Thread 0x000001a85fdd6000 10328 %     4       com.android.tools.r8.code.v1::a @ 20 (4137 bytes)
Event: 40.901 Thread 0x000001a860781800 10375       2       com.android.tools.r8.code.w1::<init> (7 bytes)
Event: 40.901 Thread 0x000001a860781800 nmethod 10375 0x000001a84b81bf10 code [0x000001a84b81c0c0, 0x000001a84b81c218]
Event: 40.905 Thread 0x000001a860781800 10376   !   2       com.android.tools.r8.graph.Z::b (34 bytes)
Event: 40.906 Thread 0x000001a860781800 nmethod 10376 0x000001a84b81c310 code [0x000001a84b81c4e0, 0x000001a84b81c8a8]

GC Heap History (20 events):
Event: 39.075 GC heap after
{Heap after GC invocations=36 (full 0):
 garbage-first heap   total 161792K, used 145524K [0x0000000080000000, 0x0000000100000000)
  region size 1024K, 1 young (1024K), 1 survivors (1024K)
 Metaspace       used 78107K, capacity 80027K, committed 80124K, reserved 1118208K
  class space    used 10031K, capacity 10666K, committed 10752K, reserved 1048576K
}
Event: 39.309 GC heap before
{Heap before GC invocations=37 (full 0):
 garbage-first heap   total 161792K, used 151668K [0x0000000080000000, 0x0000000100000000)
  region size 1024K, 7 young (7168K), 1 survivors (1024K)
 Metaspace       used 78859K, capacity 80830K, committed 81020K, reserved 1120256K
  class space    used 10190K, capacity 10851K, committed 10880K, reserved 1048576K
}
Event: 39.321 GC heap after
{Heap after GC invocations=38 (full 0):
 garbage-first heap   total 161792K, used 147488K [0x0000000080000000, 0x0000000100000000)
  region size 1024K, 1 young (1024K), 1 survivors (1024K)
 Metaspace       used 78859K, capacity 80830K, committed 81020K, reserved 1120256K
  class space    used 10190K, capacity 10851K, committed 10880K, reserved 1048576K
}
Event: 39.512 GC heap before
{Heap before GC invocations=38 (full 0):
 garbage-first heap   total 161792K, used 152608K [0x0000000080000000, 0x0000000100000000)
  region size 1024K, 7 young (7168K), 1 survivors (1024K)
 Metaspace       used 79965K, capacity 81943K, committed 82300K, reserved 1120256K
  class space    used 10385K, capacity 11029K, committed 11136K, reserved 1048576K
}
Event: 39.520 GC heap after
{Heap after GC invocations=39 (full 0):
 garbage-first heap   total 194560K, used 149009K [0x0000000080000000, 0x0000000100000000)
  region size 1024K, 1 young (1024K), 1 survivors (1024K)
 Metaspace       used 79965K, capacity 81943K, committed 82300K, reserved 1120256K
  class space    used 10385K, capacity 11029K, committed 11136K, reserved 1048576K
}
Event: 39.657 GC heap before
{Heap before GC invocations=39 (full 0):
 garbage-first heap   total 194560K, used 160273K [0x0000000080000000, 0x0000000100000000)
  region size 1024K, 10 young (10240K), 1 survivors (1024K)
 Metaspace       used 80068K, capacity 82018K, committed 82300K, reserved 1120256K
  class space    used 10385K, capacity 11029K, committed 11136K, reserved 1048576K
}
Event: 39.667 GC heap after
{Heap after GC invocations=40 (full 0):
 garbage-first heap   total 194560K, used 156281K [0x0000000080000000, 0x0000000100000000)
  region size 1024K, 2 young (2048K), 2 survivors (2048K)
 Metaspace       used 80068K, capacity 82018K, committed 82300K, reserved 1120256K
  class space    used 10385K, capacity 11029K, committed 11136K, reserved 1048576K
}
Event: 39.700 GC heap before
{Heap before GC invocations=40 (full 0):
 garbage-first heap   total 194560K, used 163449K [0x0000000080000000, 0x0000000100000000)
  region size 1024K, 9 young (9216K), 2 survivors (2048K)
 Metaspace       used 80078K, capacity 82018K, committed 82300K, reserved 1120256K
  class space    used 10385K, capacity 11029K, committed 11136K, reserved 1048576K
}
Event: 39.709 GC heap after
{Heap after GC invocations=41 (full 0):
 garbage-first heap   total 194560K, used 160592K [0x0000000080000000, 0x0000000100000000)
  region size 1024K, 2 young (2048K), 2 survivors (2048K)
 Metaspace       used 80078K, capacity 82018K, committed 82300K, reserved 1120256K
  class space    used 10385K, capacity 11029K, committed 11136K, reserved 1048576K
}
Event: 39.743 GC heap before
{Heap before GC invocations=41 (full 0):
 garbage-first heap   total 194560K, used 167760K [0x0000000080000000, 0x0000000100000000)
  region size 1024K, 9 young (9216K), 2 survivors (2048K)
 Metaspace       used 80084K, capacity 82082K, committed 82300K, reserved 1120256K
  class space    used 10385K, capacity 11029K, committed 11136K, reserved 1048576K
}
Event: 39.750 GC heap after
{Heap after GC invocations=42 (full 0):
 garbage-first heap   total 194560K, used 163829K [0x0000000080000000, 0x0000000100000000)
  region size 1024K, 2 young (2048K), 2 survivors (2048K)
 Metaspace       used 80084K, capacity 82082K, committed 82300K, reserved 1120256K
  class space    used 10385K, capacity 11029K, committed 11136K, reserved 1048576K
}
Event: 39.783 GC heap before
{Heap before GC invocations=42 (full 0):
 garbage-first heap   total 194560K, used 170997K [0x0000000080000000, 0x0000000100000000)
  region size 1024K, 9 young (9216K), 2 survivors (2048K)
 Metaspace       used 80089K, capacity 82082K, committed 82300K, reserved 1120256K
  class space    used 10385K, capacity 11029K, committed 11136K, reserved 1048576K
}
Event: 39.801 GC heap after
{Heap after GC invocations=43 (full 0):
 garbage-first heap   total 267264K, used 168088K [0x0000000080000000, 0x0000000100000000)
  region size 1024K, 2 young (2048K), 2 survivors (2048K)
 Metaspace       used 80089K, capacity 82082K, committed 82300K, reserved 1120256K
  class space    used 10385K, capacity 11029K, committed 11136K, reserved 1048576K
}
Event: 40.047 GC heap before
{Heap before GC invocations=43 (full 0):
 garbage-first heap   total 267264K, used 191640K [0x0000000080000000, 0x0000000100000000)
  region size 1024K, 25 young (25600K), 2 survivors (2048K)
 Metaspace       used 80104K, capacity 82085K, committed 82300K, reserved 1120256K
  class space    used 10385K, capacity 11029K, committed 11136K, reserved 1048576K
}
Event: 40.094 GC heap after
{Heap after GC invocations=44 (full 0):
 garbage-first heap   total 267264K, used 181147K [0x0000000080000000, 0x0000000100000000)
  region size 1024K, 4 young (4096K), 4 survivors (4096K)
 Metaspace       used 80104K, capacity 82085K, committed 82300K, reserved 1120256K
  class space    used 10385K, capacity 11029K, committed 11136K, reserved 1048576K
}
Event: 40.450 GC heap before
{Heap before GC invocations=45 (full 0):
 garbage-first heap   total 267264K, used 201627K [0x0000000080000000, 0x0000000100000000)
  region size 1024K, 24 young (24576K), 4 survivors (4096K)
 Metaspace       used 80125K, capacity 82085K, committed 82300K, reserved 1120256K
  class space    used 10385K, capacity 11029K, committed 11136K, reserved 1048576K
}
Event: 40.489 GC heap after
{Heap after GC invocations=46 (full 0):
 garbage-first heap   total 267264K, used 193404K [0x0000000080000000, 0x0000000100000000)
  region size 1024K, 3 young (3072K), 3 survivors (3072K)
 Metaspace       used 80125K, capacity 82085K, committed 82300K, reserved 1120256K
  class space    used 10385K, capacity 11029K, committed 11136K, reserved 1048576K
}
Event: 40.635 GC heap before
{Heap before GC invocations=46 (full 0):
 garbage-first heap   total 267264K, used 209788K [0x0000000080000000, 0x0000000100000000)
  region size 1024K, 20 young (20480K), 3 survivors (3072K)
 Metaspace       used 80128K, capacity 82085K, committed 82300K, reserved 1120256K
  class space    used 10385K, capacity 11029K, committed 11136K, reserved 1048576K
}
Event: 40.664 GC heap after
{Heap after GC invocations=47 (full 0):
 garbage-first heap   total 267264K, used 204288K [0x0000000080000000, 0x0000000100000000)
  region size 1024K, 3 young (3072K), 3 survivors (3072K)
 Metaspace       used 80128K, capacity 82085K, committed 82300K, reserved 1120256K
  class space    used 10385K, capacity 11029K, committed 11136K, reserved 1048576K
}
Event: 41.254 GC heap before
{Heap before GC invocations=47 (full 0):
 garbage-first heap   total 267264K, used 218624K [0x0000000080000000, 0x0000000100000000)
  region size 1024K, 16 young (16384K), 3 survivors (3072K)
 Metaspace       used 80103K, capacity 82042K, committed 82300K, reserved 1120256K
  class space    used 10376K, capacity 11013K, committed 11136K, reserved 1048576K
}

Deoptimization events (20 events):
Event: 40.579 Thread 0x000001a863c0e000 DEOPT PACKING pc=0x000001a84b8040ee sp=0x0000005ede4fe610
Event: 40.579 Thread 0x000001a863c0e000 DEOPT UNPACKING pc=0x000001a849d1a95e sp=0x0000005ede4fe2a0 mode 0
Event: 40.596 Thread 0x000001a863c0f800 DEOPT PACKING pc=0x000001a84b8040ee sp=0x0000005ede7fe080
Event: 40.596 Thread 0x000001a863c0f800 DEOPT UNPACKING pc=0x000001a849d1a95e sp=0x0000005ede7fdd10 mode 0
Event: 40.693 Thread 0x000001a863c0f800 DEOPT PACKING pc=0x000001a84b767f60 sp=0x0000005ede7fe490
Event: 40.693 Thread 0x000001a863c0f800 DEOPT UNPACKING pc=0x000001a849d1a95e sp=0x0000005ede7fd988 mode 0
Event: 40.696 Thread 0x000001a863c0f800 DEOPT PACKING pc=0x000001a84b8040ee sp=0x0000005ede7fe060
Event: 40.696 Thread 0x000001a863c0f800 DEOPT UNPACKING pc=0x000001a849d1a95e sp=0x0000005ede7fdcf0 mode 0
Event: 40.704 Thread 0x000001a863c0e000 DEOPT PACKING pc=0x000001a84b8040ee sp=0x0000005ede4fe610
Event: 40.704 Thread 0x000001a863c0e000 DEOPT UNPACKING pc=0x000001a849d1a95e sp=0x0000005ede4fe2a0 mode 0
Event: 40.744 Thread 0x000001a863c0f800 DEOPT PACKING pc=0x000001a84b8040ee sp=0x0000005ede7fe060
Event: 40.744 Thread 0x000001a863c0f800 DEOPT UNPACKING pc=0x000001a849d1a95e sp=0x0000005ede7fdcf0 mode 0
Event: 40.830 Thread 0x000001a863c0f800 DEOPT PACKING pc=0x000001a84b8040ee sp=0x0000005ede7fe060
Event: 40.830 Thread 0x000001a863c0f800 DEOPT UNPACKING pc=0x000001a849d1a95e sp=0x0000005ede7fdcf0 mode 0
Event: 41.110 Thread 0x000001a863c0f800 DEOPT PACKING pc=0x000001a84b8040ee sp=0x0000005ede7fe060
Event: 41.110 Thread 0x000001a863c0f800 DEOPT UNPACKING pc=0x000001a849d1a95e sp=0x0000005ede7fdcf0 mode 0
Event: 41.136 Thread 0x000001a863c0f800 DEOPT PACKING pc=0x000001a84b8040ee sp=0x0000005ede7fe060
Event: 41.136 Thread 0x000001a863c0f800 DEOPT UNPACKING pc=0x000001a849d1a95e sp=0x0000005ede7fdcf0 mode 0
Event: 41.252 Thread 0x000001a863c0f800 DEOPT PACKING pc=0x000001a84b8040ee sp=0x0000005ede7fe060
Event: 41.252 Thread 0x000001a863c0f800 DEOPT UNPACKING pc=0x000001a849d1a95e sp=0x0000005ede7fdcf0 mode 0

Classes redefined (0 events):
No events

Internal exceptions (20 events):
Event: 32.215 Thread 0x000001a863c03800 Exception <a 'sun/nio/fs/WindowsException'{0x00000000866baf90}> (0x00000000866baf90) thrown at [src/hotspot/share/prims/jni.cpp, line 617]
Event: 32.216 Thread 0x000001a863c03800 Exception <a 'sun/nio/fs/WindowsException'{0x00000000866bcd18}> (0x00000000866bcd18) thrown at [src/hotspot/share/prims/jni.cpp, line 617]
Event: 32.217 Thread 0x000001a863c03800 Exception <a 'sun/nio/fs/WindowsException'{0x00000000866bd738}> (0x00000000866bd738) thrown at [src/hotspot/share/prims/jni.cpp, line 617]
Event: 32.219 Thread 0x000001a863c03800 Exception <a 'java/lang/NoSuchMethodError'{0x00000000866d4398}: 'void java.lang.invoke.DirectMethodHandle$Holder.invokeStatic(java.lang.Object, java.lang.Object, java.lang.Object, java.lang.Object, int, java.lang.Object)'> (0x00000000866d4398) thrown at [src/hotspot/share/interpreter/linkResolver.cpp, line 773]
Event: 33.851 Thread 0x000001a863c03800 Exception <a 'sun/nio/fs/WindowsException'{0x0000000087cb9700}> (0x0000000087cb9700) thrown at [src/hotspot/share/prims/jni.cpp, line 617]
Event: 33.851 Thread 0x000001a863c03800 Exception <a 'sun/nio/fs/WindowsException'{0x0000000087cdb990}> (0x0000000087cdb990) thrown at [src/hotspot/share/prims/jni.cpp, line 617]
Event: 34.126 Thread 0x000001a865145000 Implicit null exception at 0x000001a851c70d52 to 0x000001a851c71158
Event: 34.126 Thread 0x000001a865145000 Implicit null exception at 0x000001a851c6f7d4 to 0x000001a851c6ffa8
Event: 35.689 Thread 0x000001a863c03800 Exception <a 'java/lang/NoSuchMethodError'{0x0000000088fae118}: 'void java.lang.invoke.DirectMethodHandle$Holder.invokeVirtual(java.lang.Object, java.lang.Object)'> (0x0000000088fae118) thrown at [src/hotspot/share/interpreter/linkResolver.cpp, line 773]
Event: 35.739 Thread 0x000001a860cd0800 Exception <a 'java/lang/NoSuchMethodError'{0x0000000088ee8fd8}: <clinit>> (0x0000000088ee8fd8) thrown at [src/hotspot/share/prims/jni.cpp, line 1367]
Event: 36.136 Thread 0x000001a863c03800 Exception <a 'java/lang/NoSuchMethodError'{0x0000000087907ba0}: <clinit>> (0x0000000087907ba0) thrown at [src/hotspot/share/prims/jni.cpp, line 1367]
Event: 36.137 Thread 0x000001a863c03800 Exception <a 'java/lang/NoSuchMethodError'{0x0000000087919d70}: <clinit>> (0x0000000087919d70) thrown at [src/hotspot/share/prims/jni.cpp, line 1367]
Event: 36.752 Thread 0x000001a863c0d800 Exception <a 'sun/nio/fs/WindowsException'{0x000000008924b6e8}> (0x000000008924b6e8) thrown at [src/hotspot/share/prims/jni.cpp, line 617]
Event: 36.905 Thread 0x000001a863c0d800 Exception <a 'java/lang/NoSuchMethodError'{0x0000000089079ff0}: 'int java.lang.invoke.DirectMethodHandle$Holder.invokeVirtual(java.lang.Object, java.lang.Object, java.lang.Object)'> (0x0000000089079ff0) thrown at [src/hotspot/share/interpreter/linkResolver.cpp, line 773]
Event: 36.996 Thread 0x000001a863c0d800 Exception <a 'java/lang/NoSuchMethodError'{0x0000000088e6deb0}: 'java.lang.Object java.lang.invoke.DirectMethodHandle$Holder.invokeStatic(java.lang.Object, java.lang.Object, java.lang.Object, java.lang.Object, java.lang.Object, java.lang.Object, java.lang.Object, java.lang.Object, java.lang.Object, java.lang.Object, java.lang.Object, java.lang.Object, java.lang.Object, java.lang.Object, java.lang.Object, java.lang.Object, java.lang.Object, int, java.lang.Object)'> (0x0000000088e6deb0) thrown at [src/hotspo
Event: 36.996 Thread 0x000001a863c0d800 Exception <a 'java/lang/NoSuchMethodError'{0x0000000088e73500}: 'java.lang.Object java.lang.invoke.DirectMethodHandle$Holder.invokeStaticInit(java.lang.Object, java.lang.Object, java.lang.Object, java.lang.Object, java.lang.Object, java.lang.Object, java.lang.Object, java.lang.Object, java.lang.Object, java.lang.Object, java.lang.Object, java.lang.Object, java.lang.Object, java.lang.Object, java.lang.Object, java.lang.Object, java.lang.Object, int, java.lang.Object)'> (0x0000000088e73500) thrown at [src/ho
Event: 39.225 Thread 0x000001a863c0e000 Exception <a 'java/lang/NoSuchMethodError'{0x00000000895cc928}: 'java.lang.Object java.lang.invoke.DirectMethodHandle$Holder.newInvokeSpecial(java.lang.Object, int)'> (0x00000000895cc928) thrown at [src/hotspot/share/interpreter/linkResolver.cpp, line 773]
Event: 39.404 Thread 0x000001a863c0e000 Implicit null exception at 0x000001a85191a42f to 0x000001a85191a520
Event: 39.405 Thread 0x000001a863c0b000 Implicit null exception at 0x000001a85191a42f to 0x000001a85191a520
Event: 39.404 Thread 0x000001a863c0f000 Implicit null exception at 0x000001a85191a42f to 0x000001a85191a520

Events (20 events):
Event: 39.709 Executing VM operation: G1CollectForAllocation done
Event: 39.739 Executing VM operation: G1CollectForAllocation
Event: 39.750 Executing VM operation: G1CollectForAllocation done
Event: 39.782 Executing VM operation: G1CollectForAllocation
Event: 39.801 Executing VM operation: G1CollectForAllocation done
Event: 39.882 Executing VM operation: CGC_Operation
Event: 39.970 Executing VM operation: CGC_Operation done
Event: 40.010 Executing VM operation: RevokeBias
Event: 40.012 Executing VM operation: RevokeBias done
Event: 40.027 Executing VM operation: G1CollectForAllocation
Event: 40.094 Executing VM operation: G1CollectForAllocation done
Event: 40.250 Executing VM operation: CGC_Operation
Event: 40.297 Executing VM operation: CGC_Operation done
Event: 40.375 Executing VM operation: G1CollectForAllocation
Event: 40.489 Executing VM operation: G1CollectForAllocation done
Event: 40.614 Executing VM operation: G1CollectForAllocation
Event: 40.664 Executing VM operation: G1CollectForAllocation done
Event: 41.225 Executing VM operation: CGC_Operation
Event: 41.247 Executing VM operation: CGC_Operation done
Event: 41.254 Executing VM operation: G1CollectForAllocation


Dynamic libraries:
0x00007ff63db40000 - 0x00007ff63db4a000 	C:\Program Files\Android\Android Studio\jbr\bin\java.exe
0x00007ffcacc50000 - 0x00007ffcace48000 	C:\Windows\SYSTEM32\ntdll.dll
0x00007ffcac720000 - 0x00007ffcac7df000 	C:\Windows\System32\KERNEL32.DLL
0x00007ffcaa790000 - 0x00007ffcaaa86000 	C:\Windows\System32\KERNELBASE.dll
0x00007ffcaaa90000 - 0x00007ffcaab90000 	C:\Windows\System32\ucrtbase.dll
0x00007ffc84cd0000 - 0x00007ffc84ce7000 	C:\Program Files\Android\Android Studio\jbr\bin\jli.dll
0x00007ffcac320000 - 0x00007ffcac4bd000 	C:\Windows\System32\USER32.dll
0x00007ffcaa360000 - 0x00007ffcaa382000 	C:\Windows\System32\win32u.dll
0x00007ffcabf20000 - 0x00007ffcabf4c000 	C:\Windows\System32\GDI32.dll
0x00007ffcaab90000 - 0x00007ffcaaca5000 	C:\Windows\System32\gdi32full.dll
0x00007ffcaa5b0000 - 0x00007ffcaa64d000 	C:\Windows\System32\msvcp_win.dll
0x00007ffc84cf0000 - 0x00007ffc84d0b000 	C:\Program Files\Android\Android Studio\jbr\bin\VCRUNTIME140.dll
0x00007ffc87ba0000 - 0x00007ffc87e3a000 	C:\Windows\WinSxS\amd64_microsoft.windows.common-controls_6595b64144ccf1df_6.0.19041.1110_none_60b5254171f9507e\COMCTL32.dll
0x00007ffcabe80000 - 0x00007ffcabf1e000 	C:\Windows\System32\msvcrt.dll
0x00007ffcab6f0000 - 0x00007ffcab720000 	C:\Windows\System32\IMM32.DLL
0x00007ffc51500000 - 0x00007ffc5158d000 	C:\Program Files\Android\Android Studio\jbr\bin\msvcp140.dll
0x00007ffc95660000 - 0x00007ffc9566c000 	C:\Windows\SYSTEM32\VCRUNTIME140_1.dll
0x00007ffc64280000 - 0x00007ffc64e3c000 	C:\Program Files\Android\Android Studio\jbr\bin\server\jvm.dll
0x00007ffcab640000 - 0x00007ffcab6ef000 	C:\Windows\System32\ADVAPI32.dll
0x00007ffcac4c0000 - 0x00007ffcac55c000 	C:\Windows\System32\sechost.dll
0x00007ffcaada0000 - 0x00007ffcaaec6000 	C:\Windows\System32\RPCRT4.dll
0x00007ffcac230000 - 0x00007ffcac238000 	C:\Windows\System32\PSAPI.DLL
0x00007ffc8b550000 - 0x00007ffc8b559000 	C:\Windows\SYSTEM32\WSOCK32.dll
0x00007ffcabfb0000 - 0x00007ffcac01b000 	C:\Windows\System32\WS2_32.dll
0x00007ffc93dd0000 - 0x00007ffc93df7000 	C:\Windows\SYSTEM32\WINMM.dll
0x00007ffca05d0000 - 0x00007ffca05da000 	C:\Windows\SYSTEM32\VERSION.dll
0x00007ffca8b80000 - 0x00007ffca8b92000 	C:\Windows\SYSTEM32\kernel.appcore.dll
0x00007ffca1b10000 - 0x00007ffca1b20000 	C:\Program Files\Android\Android Studio\jbr\bin\verify.dll
0x00007ffca26b0000 - 0x00007ffca2894000 	C:\Windows\SYSTEM32\DBGHELP.DLL
0x00007ffc93d80000 - 0x00007ffc93db4000 	C:\Windows\SYSTEM32\dbgcore.DLL
0x00007ffcaa700000 - 0x00007ffcaa782000 	C:\Windows\System32\bcryptPrimitives.dll
0x00007ffca1a30000 - 0x00007ffca1a58000 	C:\Program Files\Android\Android Studio\jbr\bin\java.dll
0x00007ffca1a20000 - 0x00007ffca1a2a000 	C:\Program Files\Android\Android Studio\jbr\bin\jimage.dll
0x00007ffca1810000 - 0x00007ffca1828000 	C:\Program Files\Android\Android Studio\jbr\bin\zip.dll
0x00007ffcab730000 - 0x00007ffcabe74000 	C:\Windows\System32\SHELL32.dll
0x00007ffca8320000 - 0x00007ffca8ab3000 	C:\Windows\SYSTEM32\windows.storage.dll
0x00007ffcac7e0000 - 0x00007ffcacb34000 	C:\Windows\System32\combase.dll
0x00007ffca9cb0000 - 0x00007ffca9cde000 	C:\Windows\SYSTEM32\Wldp.dll
0x00007ffcab590000 - 0x00007ffcab63d000 	C:\Windows\System32\SHCORE.dll
0x00007ffcac020000 - 0x00007ffcac075000 	C:\Windows\System32\shlwapi.dll
0x00007ffcaa270000 - 0x00007ffcaa28f000 	C:\Windows\SYSTEM32\profapi.dll
0x00007ffca1730000 - 0x00007ffca1749000 	C:\Program Files\Android\Android Studio\jbr\bin\net.dll
0x00007ffc98d70000 - 0x00007ffc98e7a000 	C:\Windows\SYSTEM32\WINHTTP.dll
0x00007ffca9a10000 - 0x00007ffca9a7a000 	C:\Windows\system32\mswsock.dll
0x00007ffca1710000 - 0x00007ffca1723000 	C:\Program Files\Android\Android Studio\jbr\bin\nio.dll
0x00007ffc84d80000 - 0x00007ffc84da7000 	C:\Users\hp\.gradle\native\f6784746aeab05261644944871eae4fe03e0ef1612fff0a4a95f87b438bc6780\windows-amd64\native-platform.dll
0x00007ffca1a10000 - 0x00007ffca1a1a000 	C:\Program Files\Android\Android Studio\jbr\bin\management.dll
0x00007ffca14c0000 - 0x00007ffca14cb000 	C:\Program Files\Android\Android Studio\jbr\bin\management_ext.dll
0x00007ffca9c00000 - 0x00007ffca9c18000 	C:\Windows\SYSTEM32\CRYPTSP.dll
0x00007ffca9330000 - 0x00007ffca9364000 	C:\Windows\system32\rsaenh.dll
0x00007ffcaa330000 - 0x00007ffcaa357000 	C:\Windows\System32\bcrypt.dll
0x00007ffcaa230000 - 0x00007ffcaa25e000 	C:\Windows\SYSTEM32\USERENV.dll
0x00007ffca9c20000 - 0x00007ffca9c2c000 	C:\Windows\SYSTEM32\CRYPTBASE.dll
0x00007ffca9700000 - 0x00007ffca973c000 	C:\Windows\SYSTEM32\IPHLPAPI.DLL
0x00007ffcac6f0000 - 0x00007ffcac6f8000 	C:\Windows\System32\NSI.dll
0x00007ffc9d7c0000 - 0x00007ffc9d7d7000 	C:\Windows\SYSTEM32\dhcpcsvc6.DLL
0x00007ffc9d690000 - 0x00007ffc9d6ad000 	C:\Windows\SYSTEM32\dhcpcsvc.DLL
0x00007ffca9740000 - 0x00007ffca980b000 	C:\Windows\SYSTEM32\DNSAPI.dll
0x00007ffca04e0000 - 0x00007ffca04eb000 	C:\Windows\SYSTEM32\WINNSI.DLL

dbghelp: loaded successfully - version: 4.0.5 - missing functions: none
symbol engine: initialized successfully - sym options: 0x614 - pdb path: .;C:\Program Files\Android\Android Studio\jbr\bin;C:\Windows\SYSTEM32;C:\Windows\WinSxS\amd64_microsoft.windows.common-controls_6595b64144ccf1df_6.0.19041.1110_none_60b5254171f9507e;C:\Program Files\Android\Android Studio\jbr\bin\server;C:\Users\hp\.gradle\native\f6784746aeab05261644944871eae4fe03e0ef1612fff0a4a95f87b438bc6780\windows-amd64

VM Arguments:
jvm_args: --add-opens=java.base/java.util=ALL-UNNAMED --add-opens=java.base/java.lang=ALL-UNNAMED --add-opens=java.base/java.lang.invoke=ALL-UNNAMED --add-opens=java.prefs/java.util.prefs=ALL-UNNAMED -Xmx2048m -Dfile.encoding=UTF-8 -Duser.country=US -Duser.language=en -Duser.variant 
java_command: org.gradle.launcher.daemon.bootstrap.GradleDaemon 6.5
java_class_path (initial): C:\Users\hp\.gradle\wrapper\dists\gradle-6.5-bin\6nifqtx7604sqp1q6g8wikw7p\gradle-6.5\lib\gradle-launcher-6.5.jar
Launcher Type: SUN_STANDARD

[Global flags]
     intx CICompilerCount                          = 3                                         {product} {ergonomic}
     uint ConcGCThreads                            = 1                                         {product} {ergonomic}
     uint G1ConcRefinementThreads                  = 4                                         {product} {ergonomic}
   size_t G1HeapRegionSize                         = 1048576                                   {product} {ergonomic}
    uintx GCDrainStackTargetSize                   = 64                                        {product} {ergonomic}
   size_t InitialHeapSize                          = 134217728                                 {product} {ergonomic}
   size_t MarkStackSize                            = 4194304                                   {product} {ergonomic}
   size_t MaxHeapSize                              = 2147483648                                {product} {command line}
   size_t MaxNewSize                               = 1287651328                                {product} {ergonomic}
   size_t MinHeapDeltaBytes                        = 1048576                                   {product} {ergonomic}
    uintx NonNMethodCodeHeapSize                   = 5830732                                {pd product} {ergonomic}
    uintx NonProfiledCodeHeapSize                  = 122913754                              {pd product} {ergonomic}
    uintx ProfiledCodeHeapSize                     = 122913754                              {pd product} {ergonomic}
    uintx ReservedCodeCacheSize                    = 251658240                              {pd product} {ergonomic}
     bool SegmentedCodeCache                       = true                                      {product} {ergonomic}
     bool UseCompressedClassPointers               = true                                 {lp64_product} {ergonomic}
     bool UseCompressedOops                        = true                                 {lp64_product} {ergonomic}
     bool UseG1GC                                  = true                                      {product} {ergonomic}
     bool UseLargePagesIndividualAllocation        = false                                  {pd product} {ergonomic}

Logging:
Log output configuration:
 #0: stdout all=warning uptime,level,tags
 #1: stderr all=off uptime,level,tags

Environment Variables:
PATH=C:\Users\hp\Scripts\;C:\Users\hp\;C:\Program Files\Common Files\Oracle\Java\javapath;C:\Windows\system32;C:\Windows;C:\Windows\System32\Wbem;C:\Windows\System32\WindowsPowerShell\v1.0\;C:\Windows\System32\OpenSSH\;C:\Program Files (x86)\Intel\Intel(R) Management Engine Components\DAL;C:\Program Files\Intel\Intel(R) Management Engine Components\DAL;C:\Program Files\Java\jdk-19\bin;C:\Program Files\Java\jre1.8.0_351\bin;C:\Program Files\nodejs\;C:\Program Files\Git\cmd;C:\Program Files\dotnet\;C:\Program Files\Microsoft SQL Server\150\Tools\Binn\;C:\Program Files\Microsoft SQL Server\Client SDK\ODBC\170\Tools\Binn\;C:\mongosh-1.8.0-win32-x64\bin;C:\Program Files\MongoDB\Server\6.0\bin;C:\Program Files\MySQL\MySQL Shell 8.0\bin\;C:\Users\hp\AppData\Local\Microsoft\WindowsApps;C:\Users\hp\AppData\Local\Programs\Microsoft VS Code\bin;C:\Users\hp\AppData\Roaming\npm;C:\src\flutter\bin;C:\Users\hp\.dotnet\tools
USERNAME=hp
OS=Windows_NT
PROCESSOR_IDENTIFIER=Intel64 Family 6 Model 142 Stepping 9, GenuineIntel



---------------  S Y S T E M  ---------------

OS: Windows 10 , 64 bit Build 19041 (10.0.19041.2913)
OS uptime: 0 days 0:20 hours

CPU:total 4 (initial active 4) (2 cores per cpu, 2 threads per core) family 6 model 142 stepping 9 microcode 0xf0, cmov, cx8, fxsr, mmx, sse, sse2, sse3, ssse3, sse4.1, sse4.2, popcnt, avx, avx2, aes, clmul, erms, 3dnowpref, lzcnt, ht, tsc, tscinvbit, bmi1, bmi2, adx, fma

Memory: 4k page, system-wide physical 8067M (149M free)
TotalPageFile size 32643M (AvailPageFile size 189M)
current process WorkingSet (physical memory assigned to process): 421M, peak: 421M
current process commit charge ("private bytes"): 550M, peak: 951M

vm_info: OpenJDK 64-Bit Server VM (11.0.15+0-b2043.56-8887301) for windows-amd64 JRE (11.0.15+0-b2043.56-8887301), built on Jul 29 2022 23:19:47 by "builduser" with unknown MS VC++:1929

END.
