#
# There is insufficient memory for the Java Runtime Environment to continue.
# Native memory allocation (malloc) failed to allocate 783856 bytes for Chunk::new
# Possible reasons:
#   The system is out of physical RAM or swap space
#   The process is running with CompressedOops enabled, and the Java Heap may be blocking the growth of the native heap
# Possible solutions:
#   Reduce memory load on the system
#   Increase physical memory or swap space
#   Check if swap backing store is full
#   Decrease Java heap size (-Xmx/-Xms)
#   Decrease number of Java threads
#   Decrease Java thread stack sizes (-Xss)
#   Set larger code cache with -XX:ReservedCodeCacheSize=
#   JVM is running with Unscaled Compressed Oops mode in which the Java heap is
#     placed in the first 4GB address space. The Java Heap base address is the
#     maximum limit for the native heap growth. Please use -XX:HeapBaseMinAddress
#     to set the Java Heap base and to place the Java Heap above 4GB virtual address.
# This output file may be truncated or incomplete.
#
#  Out of Memory Error (src/hotspot/share/memory/arena.cpp:197), pid=20872, tid=19324
#
# JRE version: OpenJDK Runtime Environment (11.0.15) (build 11.0.15+0-b2043.56-8887301)
# Java VM: OpenJDK 64-Bit Server VM (11.0.15+0-b2043.56-8887301, mixed mode, tiered, compressed oops, g1 gc, windows-amd64)
# No core dump will be written. Minidumps are not enabled by default on client versions of Windows
#

---------------  S U M M A R Y ------------

Command Line: --add-opens=java.base/java.util=ALL-UNNAMED --add-opens=java.base/java.lang=ALL-UNNAMED --add-opens=java.base/java.lang.invoke=ALL-UNNAMED --add-opens=java.prefs/java.util.prefs=ALL-UNNAMED -Xmx2048m -Dfile.encoding=UTF-8 -Duser.country=US -Duser.language=en -Duser.variant org.gradle.launcher.daemon.bootstrap.GradleDaemon 6.5

Host: Intel(R) Core(TM) i5-7200U CPU @ 2.50GHz, 4 cores, 7G,  Windows 10 , 64 bit Build 19041 (10.0.19041.2913)
Time: Mon May 29 13:38:33 2023 India Standard Time elapsed time: 36.800608 seconds (0d 0h 0m 36s)

---------------  T H R E A D  ---------------

Current thread (0x0000021ff0e85000):  JavaThread "C2 CompilerThread0" daemon [_thread_in_native, id=19324, stack(0x0000003a4e700000,0x0000003a4e800000)]


Current CompileTask:
C2:  36800 7199       4       org.gradle.internal.serialize.kryo.StringDeduplicatingKryoBackedEncoder::writeNullableString (114 bytes)

Stack: [0x0000003a4e700000,0x0000003a4e800000]
Native frames: (J=compiled Java code, j=interpreted, Vv=VM code, C=native code)
V  [jvm.dll+0x64135a]
V  [jvm.dll+0x7d39f9]
V  [jvm.dll+0x7d51b9]
V  [jvm.dll+0x7d58a3]
V  [jvm.dll+0x2691c5]
V  [jvm.dll+0xc1a5c]
V  [jvm.dll+0xc200c]
V  [jvm.dll+0x3774a7]
V  [jvm.dll+0x342495]
V  [jvm.dll+0x34186a]
V  [jvm.dll+0x2214bd]
V  [jvm.dll+0x220498]
V  [jvm.dll+0x19e851]
V  [jvm.dll+0x230479]
V  [jvm.dll+0x22e5ef]
V  [jvm.dll+0x794de1]
V  [jvm.dll+0x78dc24]
V  [jvm.dll+0x6400f6]
C  [ucrtbase.dll+0x21bb2]
C  [KERNEL32.DLL+0x17614]
C  [ntdll.dll+0x526a1]


---------------  P R O C E S S  ---------------

Threads class SMR info:
_java_thread_list=0x0000021ff510fe20, length=134, elements={
0x0000021fd7255000, 0x0000021ff0e63000, 0x0000021ff0e64000, 0x0000021ff17f2800,
0x0000021ff0e80000, 0x0000021ff0e81000, 0x0000021ff0e85000, 0x0000021ff0e88800,
0x0000021ff0ea8800, 0x0000021ff192e800, 0x0000021ff2d0c000, 0x0000021ff2911800,
0x0000021ff2fd0000, 0x0000021ff1828000, 0x0000021ff2b78800, 0x0000021ff1943000,
0x0000021ff25cb800, 0x0000021ff2592800, 0x0000021ff2593800, 0x0000021ff3055800,
0x0000021ff3344800, 0x0000021ff3343800, 0x0000021ff3345000, 0x0000021ff333f800,
0x0000021ff3346000, 0x0000021ff3343000, 0x0000021ff3341000, 0x0000021ff3340800,
0x0000021ff3342000, 0x0000021ff4c3a800, 0x0000021ff4c39800, 0x0000021ff4c3b000,
0x0000021ff4c3d000, 0x0000021ff4c37000, 0x0000021ff4c38800, 0x0000021ff4c3d800,
0x0000021ff4c38000, 0x0000021ff4c43800, 0x0000021ff4c42800, 0x0000021ff4c44000,
0x0000021ff4c3e800, 0x0000021ff4c41800, 0x0000021ff4c45000, 0x0000021ff4c40000,
0x0000021ff4c3f000, 0x0000021ff4c46000, 0x0000021ff4c41000, 0x0000021ff453f800,
0x0000021ff4543000, 0x0000021ff4544800, 0x0000021ff4540800, 0x0000021ff4543800,
0x0000021ff453e800, 0x0000021ff4545800, 0x0000021ff4546000, 0x0000021ff4547000,
0x0000021ff4541000, 0x0000021ff4547800, 0x0000021ff4542000, 0x0000021ff454a000,
0x0000021ff454b000, 0x0000021ff454c000, 0x0000021ff454c800, 0x0000021ff454d800,
0x0000021ff4548800, 0x0000021ff4549800, 0x0000021ff55ed000, 0x0000021ff55e9000,
0x0000021ff55ea000, 0x0000021ff55ec800, 0x0000021ff55ea800, 0x0000021ff55ee000,
0x0000021ff55e8800, 0x0000021ff55ef800, 0x0000021ff55f0800, 0x0000021ff55ef000,
0x0000021ff55eb800, 0x0000021ff55f3800, 0x0000021ff55f7000, 0x0000021ff55f1800,
0x0000021ff55f3000, 0x0000021ff55f4800, 0x0000021ff55f6000, 0x0000021ff55f2000,
0x0000021ff55f5800, 0x0000021ff4f93800, 0x0000021ff4f97800, 0x0000021ff4f92000,
0x0000021ff4f98800, 0x0000021ff4f94800, 0x0000021ff4f92800, 0x0000021ff4f9b000,
0x0000021ff4f99000, 0x0000021ff4f96000, 0x0000021ff4f9a000, 0x0000021ff4f97000,
0x0000021ff4f95000, 0x0000021ff4f9f000, 0x0000021ff4fa0000, 0x0000021ff4f9b800,
0x0000021ff4fa0800, 0x0000021ff4f9c800, 0x0000021ff4f9d800, 0x0000021ff4f9e000,
0x0000021ff5015800, 0x0000021ff5013000, 0x0000021ff5016800, 0x0000021ff5019800,
0x0000021ff5017800, 0x0000021ff5018000, 0x0000021ff5014000, 0x0000021ff501a800,
0x0000021ff5015000, 0x0000021ff5019000, 0x0000021ff501e800, 0x0000021ff501e000,
0x0000021ff501f800, 0x0000021ff5020800, 0x0000021ff501c000, 0x0000021ff501b800,
0x0000021ff5021000, 0x0000021ff5022000, 0x0000021ff501d000, 0x0000021ff474c000,
0x0000021ff474c800, 0x0000021ff4748800, 0x0000021ff4749800, 0x0000021ff4748000,
0x0000021ff474a000, 0x0000021ff4747000, 0x0000021ff474d800, 0x0000021ff4750000,
0x0000021ff474e800, 0x0000021ff474f000
}

Java Threads: ( => current thread )
  0x0000021fd7255000 JavaThread "main" [_thread_blocked, id=8508, stack(0x0000003a4db00000,0x0000003a4dc00000)]
  0x0000021ff0e63000 JavaThread "Reference Handler" daemon [_thread_blocked, id=18244, stack(0x0000003a4e200000,0x0000003a4e300000)]
  0x0000021ff0e64000 JavaThread "Finalizer" daemon [_thread_blocked, id=15272, stack(0x0000003a4e300000,0x0000003a4e400000)]
  0x0000021ff17f2800 JavaThread "Signal Dispatcher" daemon [_thread_blocked, id=8256, stack(0x0000003a4e400000,0x0000003a4e500000)]
  0x0000021ff0e80000 JavaThread "Attach Listener" daemon [_thread_blocked, id=21964, stack(0x0000003a4e500000,0x0000003a4e600000)]
  0x0000021ff0e81000 JavaThread "Service Thread" daemon [_thread_blocked, id=4880, stack(0x0000003a4e600000,0x0000003a4e700000)]
=>0x0000021ff0e85000 JavaThread "C2 CompilerThread0" daemon [_thread_in_native, id=19324, stack(0x0000003a4e700000,0x0000003a4e800000)]
  0x0000021ff0e88800 JavaThread "C1 CompilerThread0" daemon [_thread_in_native, id=18580, stack(0x0000003a4e800000,0x0000003a4e900000)]
  0x0000021ff0ea8800 JavaThread "Sweeper thread" daemon [_thread_blocked, id=19220, stack(0x0000003a4e900000,0x0000003a4ea00000)]
  0x0000021ff192e800 JavaThread "Common-Cleaner" daemon [_thread_blocked, id=19288, stack(0x0000003a4ea00000,0x0000003a4eb00000)]
  0x0000021ff2d0c000 JavaThread "Daemon health stats" [_thread_blocked, id=20976, stack(0x0000003a4ee00000,0x0000003a4ef00000)]
  0x0000021ff2911800 JavaThread "Incoming local TCP Connector on port 51606" [_thread_in_native, id=19440, stack(0x0000003a4f100000,0x0000003a4f200000)]
  0x0000021ff2fd0000 JavaThread "Daemon periodic checks" [_thread_blocked, id=9476, stack(0x0000003a4f200000,0x0000003a4f300000)]
  0x0000021ff1828000 JavaThread "Daemon" [_thread_blocked, id=1672, stack(0x0000003a4f300000,0x0000003a4f400000)]
  0x0000021ff2b78800 JavaThread "Handler for socket connection from /127.0.0.1:51606 to /127.0.0.1:51608" [_thread_in_native, id=17748, stack(0x0000003a4f400000,0x0000003a4f500000)]
  0x0000021ff1943000 JavaThread "Cancel handler" [_thread_blocked, id=17588, stack(0x0000003a4f500000,0x0000003a4f600000)]
  0x0000021ff25cb800 JavaThread "Daemon worker" [_thread_blocked, id=19660, stack(0x0000003a4f600000,0x0000003a4f700000)]
  0x0000021ff2592800 JavaThread "Asynchronous log dispatcher for DefaultDaemonConnection: socket connection from /127.0.0.1:51606 to /127.0.0.1:51608" [_thread_blocked, id=7288, stack(0x0000003a4f700000,0x0000003a4f800000)]
  0x0000021ff2593800 JavaThread "Stdin handler" [_thread_blocked, id=712, stack(0x0000003a4f800000,0x0000003a4f900000)]
  0x0000021ff3055800 JavaThread "Thread-8" [_thread_blocked, id=19160, stack(0x0000003a4f900000,0x0000003a4fa00000)]
  0x0000021ff3344800 JavaThread "Cache worker for journal cache (C:\Users\hp\.gradle\caches\journal-1)" [_thread_blocked, id=9244, stack(0x0000003a4fb00000,0x0000003a4fc00000)]
  0x0000021ff3343800 JavaThread "File lock request listener" [_thread_in_native, id=20176, stack(0x0000003a4fc00000,0x0000003a4fd00000)]
  0x0000021ff3345000 JavaThread "Cache worker for file hash cache (C:\Users\hp\.gradle\caches\6.5\fileHashes)" [_thread_blocked, id=19644, stack(0x0000003a4fd00000,0x0000003a4fe00000)]
  0x0000021ff333f800 JavaThread "Cache worker for file hash cache (C:\Users\hp\Downloads\EcstasyGroceryApp-master\EcstasyGroceryApp-master\.gradle\6.5\fileHashes)" [_thread_blocked, id=8372, stack(0x0000003a4fe00000,0x0000003a4ff00000)]
  0x0000021ff3346000 JavaThread "Cache worker for checksums cache (C:\Users\hp\Downloads\EcstasyGroceryApp-master\EcstasyGroceryApp-master\.gradle\checksums)" [_thread_blocked, id=19592, stack(0x0000003a4ff00000,0x0000003a50000000)]
  0x0000021ff3343000 JavaThread "Cache worker for cache directory md-supplier (C:\Users\hp\.gradle\caches\6.5\md-supplier)" [_thread_blocked, id=7120, stack(0x0000003a50000000,0x0000003a50100000)]
  0x0000021ff3341000 JavaThread "Cache worker for cache directory md-rule (C:\Users\hp\.gradle\caches\6.5\md-rule)" [_thread_blocked, id=19128, stack(0x0000003a50100000,0x0000003a50200000)]
  0x0000021ff3340800 JavaThread "Cache worker for execution history cache (C:\Users\hp\.gradle\caches\6.5\executionHistory)" [_thread_blocked, id=20380, stack(0x0000003a50200000,0x0000003a50300000)]
  0x0000021ff3342000 JavaThread "jar transforms" [_thread_blocked, id=9284, stack(0x0000003a50300000,0x0000003a50400000)]
  0x0000021ff4c3a800 JavaThread "Cache worker for file content cache (C:\Users\hp\.gradle\caches\6.5\fileContent)" [_thread_blocked, id=19308, stack(0x0000003a50400000,0x0000003a50500000)]
  0x0000021ff4c39800 JavaThread "Build operations" [_thread_blocked, id=8012, stack(0x0000003a50500000,0x0000003a50600000)]
  0x0000021ff4c3b000 JavaThread "Build operations Thread 2" [_thread_in_native, id=1268, stack(0x0000003a50600000,0x0000003a50700000)]
  0x0000021ff4c3d000 JavaThread "Build operations Thread 3" [_thread_in_native, id=11780, stack(0x0000003a50700000,0x0000003a50800000)]
  0x0000021ff4c37000 JavaThread "Build operations Thread 4" [_thread_blocked, id=21264, stack(0x0000003a50800000,0x0000003a50900000)]
  0x0000021ff4c38800 JavaThread "jar transforms Thread 2" [_thread_blocked, id=20988, stack(0x0000003a50900000,0x0000003a50a00000)]
  0x0000021ff4c3d800 JavaThread "jar transforms Thread 3" [_thread_blocked, id=18400, stack(0x0000003a50a00000,0x0000003a50b00000)]
  0x0000021ff4c38000 JavaThread "jar transforms Thread 4" [_thread_blocked, id=5484, stack(0x0000003a50b00000,0x0000003a50c00000)]
  0x0000021ff4c43800 JavaThread "jar transforms Thread 5" [_thread_blocked, id=19032, stack(0x0000003a50c00000,0x0000003a50d00000)]
  0x0000021ff4c42800 JavaThread "jar transforms Thread 6" [_thread_blocked, id=2532, stack(0x0000003a50d00000,0x0000003a50e00000)]
  0x0000021ff4c44000 JavaThread "jar transforms Thread 7" [_thread_blocked, id=11248, stack(0x0000003a50e00000,0x0000003a50f00000)]
  0x0000021ff4c3e800 JavaThread "jar transforms Thread 8" [_thread_blocked, id=19472, stack(0x0000003a50f00000,0x0000003a51000000)]
  0x0000021ff4c41800 JavaThread "jar transforms Thread 9" [_thread_blocked, id=5544, stack(0x0000003a51000000,0x0000003a51100000)]
  0x0000021ff4c45000 JavaThread "jar transforms Thread 10" [_thread_blocked, id=3864, stack(0x0000003a51100000,0x0000003a51200000)]
  0x0000021ff4c40000 JavaThread "jar transforms Thread 11" [_thread_blocked, id=8992, stack(0x0000003a51200000,0x0000003a51300000)]
  0x0000021ff4c3f000 JavaThread "jar transforms Thread 12" [_thread_blocked, id=8956, stack(0x0000003a51300000,0x0000003a51400000)]
  0x0000021ff4c46000 JavaThread "jar transforms Thread 13" [_thread_blocked, id=2004, stack(0x0000003a51400000,0x0000003a51500000)]
  0x0000021ff4c41000 JavaThread "jar transforms Thread 14" [_thread_blocked, id=10692, stack(0x0000003a51500000,0x0000003a51600000)]
  0x0000021ff453f800 JavaThread "jar transforms Thread 15" [_thread_blocked, id=5868, stack(0x0000003a51600000,0x0000003a51700000)]
  0x0000021ff4543000 JavaThread "jar transforms Thread 16" [_thread_blocked, id=6000, stack(0x0000003a51700000,0x0000003a51800000)]
  0x0000021ff4544800 JavaThread "jar transforms Thread 17" [_thread_blocked, id=6796, stack(0x0000003a51800000,0x0000003a51900000)]
  0x0000021ff4540800 JavaThread "jar transforms Thread 18" [_thread_blocked, id=6784, stack(0x0000003a51900000,0x0000003a51a00000)]
  0x0000021ff4543800 JavaThread "jar transforms Thread 19" [_thread_blocked, id=8284, stack(0x0000003a51a00000,0x0000003a51b00000)]
  0x0000021ff453e800 JavaThread "jar transforms Thread 20" [_thread_blocked, id=10636, stack(0x0000003a51b00000,0x0000003a51c00000)]
  0x0000021ff4545800 JavaThread "jar transforms Thread 21" [_thread_blocked, id=18940, stack(0x0000003a51c00000,0x0000003a51d00000)]
  0x0000021ff4546000 JavaThread "jar transforms Thread 22" [_thread_blocked, id=428, stack(0x0000003a51d00000,0x0000003a51e00000)]
  0x0000021ff4547000 JavaThread "jar transforms Thread 23" [_thread_blocked, id=6744, stack(0x0000003a51e00000,0x0000003a51f00000)]
  0x0000021ff4541000 JavaThread "jar transforms Thread 24" [_thread_blocked, id=4272, stack(0x0000003a51f00000,0x0000003a52000000)]
  0x0000021ff4547800 JavaThread "jar transforms Thread 25" [_thread_blocked, id=4288, stack(0x0000003a52000000,0x0000003a52100000)]
  0x0000021ff4542000 JavaThread "jar transforms Thread 26" [_thread_blocked, id=4364, stack(0x0000003a52100000,0x0000003a52200000)]
  0x0000021ff454a000 JavaThread "jar transforms Thread 27" [_thread_blocked, id=5076, stack(0x0000003a52200000,0x0000003a52300000)]
  0x0000021ff454b000 JavaThread "jar transforms Thread 28" [_thread_blocked, id=8460, stack(0x0000003a52300000,0x0000003a52400000)]
  0x0000021ff454c000 JavaThread "jar transforms Thread 29" [_thread_blocked, id=22472, stack(0x0000003a52400000,0x0000003a52500000)]
  0x0000021ff454c800 JavaThread "jar transforms Thread 30" [_thread_blocked, id=14596, stack(0x0000003a52500000,0x0000003a52600000)]
  0x0000021ff454d800 JavaThread "jar transforms Thread 31" [_thread_blocked, id=17512, stack(0x0000003a52600000,0x0000003a52700000)]
  0x0000021ff4548800 JavaThread "jar transforms Thread 32" [_thread_blocked, id=22492, stack(0x0000003a52700000,0x0000003a52800000)]
  0x0000021ff4549800 JavaThread "jar transforms Thread 33" [_thread_blocked, id=1164, stack(0x0000003a52800000,0x0000003a52900000)]
  0x0000021ff55ed000 JavaThread "jar transforms Thread 34" [_thread_blocked, id=21460, stack(0x0000003a52900000,0x0000003a52a00000)]
  0x0000021ff55e9000 JavaThread "jar transforms Thread 35" [_thread_blocked, id=16492, stack(0x0000003a52a00000,0x0000003a52b00000)]
  0x0000021ff55ea000 JavaThread "jar transforms Thread 36" [_thread_blocked, id=17724, stack(0x0000003a52b00000,0x0000003a52c00000)]
  0x0000021ff55ec800 JavaThread "jar transforms Thread 37" [_thread_blocked, id=21672, stack(0x0000003a52c00000,0x0000003a52d00000)]
  0x0000021ff55ea800 JavaThread "jar transforms Thread 38" [_thread_blocked, id=21520, stack(0x0000003a52d00000,0x0000003a52e00000)]
  0x0000021ff55ee000 JavaThread "jar transforms Thread 39" [_thread_blocked, id=1244, stack(0x0000003a52e00000,0x0000003a52f00000)]
  0x0000021ff55e8800 JavaThread "jar transforms Thread 40" [_thread_blocked, id=9344, stack(0x0000003a52f00000,0x0000003a53000000)]
  0x0000021ff55ef800 JavaThread "jar transforms Thread 41" [_thread_blocked, id=21012, stack(0x0000003a53000000,0x0000003a53100000)]
  0x0000021ff55f0800 JavaThread "jar transforms Thread 42" [_thread_blocked, id=18288, stack(0x0000003a53100000,0x0000003a53200000)]
  0x0000021ff55ef000 JavaThread "jar transforms Thread 43" [_thread_blocked, id=18452, stack(0x0000003a53200000,0x0000003a53300000)]
  0x0000021ff55eb800 JavaThread "jar transforms Thread 44" [_thread_blocked, id=20784, stack(0x0000003a53300000,0x0000003a53400000)]
  0x0000021ff55f3800 JavaThread "jar transforms Thread 45" [_thread_blocked, id=19468, stack(0x0000003a53400000,0x0000003a53500000)]
  0x0000021ff55f7000 JavaThread "jar transforms Thread 46" [_thread_blocked, id=22116, stack(0x0000003a53500000,0x0000003a53600000)]
  0x0000021ff55f1800 JavaThread "jar transforms Thread 47" [_thread_blocked, id=18024, stack(0x0000003a53600000,0x0000003a53700000)]
  0x0000021ff55f3000 JavaThread "jar transforms Thread 48" [_thread_blocked, id=20580, stack(0x0000003a53700000,0x0000003a53800000)]
  0x0000021ff55f4800 JavaThread "jar transforms Thread 49" [_thread_blocked, id=2960, stack(0x0000003a53800000,0x0000003a53900000)]
  0x0000021ff55f6000 JavaThread "jar transforms Thread 50" [_thread_blocked, id=22028, stack(0x0000003a53900000,0x0000003a53a00000)]
  0x0000021ff55f2000 JavaThread "jar transforms Thread 51" [_thread_blocked, id=20888, stack(0x0000003a53a00000,0x0000003a53b00000)]
  0x0000021ff55f5800 JavaThread "jar transforms Thread 52" [_thread_blocked, id=18392, stack(0x0000003a53b00000,0x0000003a53c00000)]
  0x0000021ff4f93800 JavaThread "jar transforms Thread 53" [_thread_blocked, id=20312, stack(0x0000003a53c00000,0x0000003a53d00000)]
  0x0000021ff4f97800 JavaThread "jar transforms Thread 54" [_thread_blocked, id=22104, stack(0x0000003a53d00000,0x0000003a53e00000)]
  0x0000021ff4f92000 JavaThread "jar transforms Thread 55" [_thread_blocked, id=20384, stack(0x0000003a53e00000,0x0000003a53f00000)]
  0x0000021ff4f98800 JavaThread "jar transforms Thread 56" [_thread_blocked, id=22440, stack(0x0000003a53f00000,0x0000003a54000000)]
  0x0000021ff4f94800 JavaThread "jar transforms Thread 57" [_thread_blocked, id=17768, stack(0x0000003a54000000,0x0000003a54100000)]
  0x0000021ff4f92800 JavaThread "jar transforms Thread 58" [_thread_blocked, id=21300, stack(0x0000003a54100000,0x0000003a54200000)]
  0x0000021ff4f9b000 JavaThread "jar transforms Thread 59" [_thread_blocked, id=20760, stack(0x0000003a54200000,0x0000003a54300000)]
  0x0000021ff4f99000 JavaThread "jar transforms Thread 60" [_thread_blocked, id=20632, stack(0x0000003a54300000,0x0000003a54400000)]
  0x0000021ff4f96000 JavaThread "jar transforms Thread 61" [_thread_blocked, id=1104, stack(0x0000003a54400000,0x0000003a54500000)]
  0x0000021ff4f9a000 JavaThread "jar transforms Thread 62" [_thread_blocked, id=17692, stack(0x0000003a54500000,0x0000003a54600000)]
  0x0000021ff4f97000 JavaThread "jar transforms Thread 63" [_thread_blocked, id=6940, stack(0x0000003a54600000,0x0000003a54700000)]
  0x0000021ff4f95000 JavaThread "jar transforms Thread 64" [_thread_blocked, id=8952, stack(0x0000003a54700000,0x0000003a54800000)]
  0x0000021ff4f9f000 JavaThread "jar transforms Thread 65" [_thread_blocked, id=2996, stack(0x0000003a54800000,0x0000003a54900000)]
  0x0000021ff4fa0000 JavaThread "jar transforms Thread 66" [_thread_blocked, id=22388, stack(0x0000003a54900000,0x0000003a54a00000)]
  0x0000021ff4f9b800 JavaThread "jar transforms Thread 67" [_thread_blocked, id=18160, stack(0x0000003a54a00000,0x0000003a54b00000)]
  0x0000021ff4fa0800 JavaThread "jar transforms Thread 68" [_thread_blocked, id=20104, stack(0x0000003a54b00000,0x0000003a54c00000)]
  0x0000021ff4f9c800 JavaThread "jar transforms Thread 69" [_thread_blocked, id=19520, stack(0x0000003a54c00000,0x0000003a54d00000)]
  0x0000021ff4f9d800 JavaThread "jar transforms Thread 70" [_thread_blocked, id=17936, stack(0x0000003a54d00000,0x0000003a54e00000)]
  0x0000021ff4f9e000 JavaThread "jar transforms Thread 71" [_thread_blocked, id=22348, stack(0x0000003a54e00000,0x0000003a54f00000)]
  0x0000021ff5015800 JavaThread "jar transforms Thread 72" [_thread_blocked, id=20420, stack(0x0000003a54f00000,0x0000003a55000000)]
  0x0000021ff5013000 JavaThread "jar transforms Thread 73" [_thread_blocked, id=21204, stack(0x0000003a55000000,0x0000003a55100000)]
  0x0000021ff5016800 JavaThread "jar transforms Thread 74" [_thread_blocked, id=8356, stack(0x0000003a55100000,0x0000003a55200000)]
  0x0000021ff5019800 JavaThread "jar transforms Thread 75" [_thread_blocked, id=13212, stack(0x0000003a55200000,0x0000003a55300000)]
  0x0000021ff5017800 JavaThread "jar transforms Thread 76" [_thread_blocked, id=21872, stack(0x0000003a55300000,0x0000003a55400000)]
  0x0000021ff5018000 JavaThread "jar transforms Thread 77" [_thread_blocked, id=19024, stack(0x0000003a55400000,0x0000003a55500000)]
  0x0000021ff5014000 JavaThread "jar transforms Thread 78" [_thread_blocked, id=11016, stack(0x0000003a55500000,0x0000003a55600000)]
  0x0000021ff501a800 JavaThread "jar transforms Thread 79" [_thread_blocked, id=21220, stack(0x0000003a55600000,0x0000003a55700000)]
  0x0000021ff5015000 JavaThread "jar transforms Thread 80" [_thread_blocked, id=7248, stack(0x0000003a55700000,0x0000003a55800000)]
  0x0000021ff5019000 JavaThread "jar transforms Thread 81" [_thread_blocked, id=22416, stack(0x0000003a55800000,0x0000003a55900000)]
  0x0000021ff501e800 JavaThread "jar transforms Thread 82" [_thread_blocked, id=8528, stack(0x0000003a55900000,0x0000003a55a00000)]
  0x0000021ff501e000 JavaThread "jar transforms Thread 83" [_thread_blocked, id=20860, stack(0x0000003a55a00000,0x0000003a55b00000)]
  0x0000021ff501f800 JavaThread "jar transforms Thread 84" [_thread_blocked, id=17968, stack(0x0000003a55b00000,0x0000003a55c00000)]
  0x0000021ff5020800 JavaThread "jar transforms Thread 85" [_thread_blocked, id=21988, stack(0x0000003a55c00000,0x0000003a55d00000)]
  0x0000021ff501c000 JavaThread "jar transforms Thread 86" [_thread_blocked, id=20604, stack(0x0000003a55d00000,0x0000003a55e00000)]
  0x0000021ff501b800 JavaThread "jar transforms Thread 87" [_thread_blocked, id=15064, stack(0x0000003a55e00000,0x0000003a55f00000)]
  0x0000021ff5021000 JavaThread "jar transforms Thread 88" [_thread_blocked, id=20524, stack(0x0000003a55f00000,0x0000003a56000000)]
  0x0000021ff5022000 JavaThread "jar transforms Thread 89" [_thread_blocked, id=21432, stack(0x0000003a56000000,0x0000003a56100000)]
  0x0000021ff501d000 JavaThread "jar transforms Thread 90" [_thread_blocked, id=18524, stack(0x0000003a56100000,0x0000003a56200000)]
  0x0000021ff474c000 JavaThread "jar transforms Thread 91" [_thread_blocked, id=20600, stack(0x0000003a56200000,0x0000003a56300000)]
  0x0000021ff474c800 JavaThread "jar transforms Thread 92" [_thread_blocked, id=20112, stack(0x0000003a56300000,0x0000003a56400000)]
  0x0000021ff4748800 JavaThread "jar transforms Thread 93" [_thread_blocked, id=18396, stack(0x0000003a56400000,0x0000003a56500000)]
  0x0000021ff4749800 JavaThread "jar transforms Thread 94" [_thread_blocked, id=22132, stack(0x0000003a56500000,0x0000003a56600000)]
  0x0000021ff4748000 JavaThread "Cache worker for Build Output Cleanup Cache (C:\Users\hp\Downloads\EcstasyGroceryApp-master\EcstasyGroceryApp-master\.gradle\buildOutputCleanup)" [_thread_blocked, id=19772, stack(0x0000003a56600000,0x0000003a56700000)]
  0x0000021ff474a000 JavaThread "Memory manager" [_thread_blocked, id=10980, stack(0x0000003a4d800000,0x0000003a4d900000)]
  0x0000021ff4747000 JavaThread "Cache worker for file content cache (C:\Users\hp\Downloads\EcstasyGroceryApp-master\EcstasyGroceryApp-master\.gradle\6.5\fileContent)" [_thread_blocked, id=18060, stack(0x0000003a56700000,0x0000003a56800000)]
  0x0000021ff474d800 JavaThread "Execution worker for ':'" [_thread_blocked, id=19104, stack(0x0000003a56800000,0x0000003a56900000)]
  0x0000021ff4750000 JavaThread "Execution worker for ':' Thread 2" [_thread_blocked, id=1696, stack(0x0000003a56900000,0x0000003a56a00000)]
  0x0000021ff474e800 JavaThread "Execution worker for ':' Thread 3" [_thread_blocked, id=22008, stack(0x0000003a56a00000,0x0000003a56b00000)]
  0x0000021ff474f000 JavaThread "Cache worker for execution history cache (C:\Users\hp\Downloads\EcstasyGroceryApp-master\EcstasyGroceryApp-master\.gradle\6.5\executionHistory)" [_thread_blocked, id=10072, stack(0x0000003a56b00000,0x0000003a56c00000)]

Other Threads:
  0x0000021ff0e60000 VMThread "VM Thread" [stack: 0x0000003a4e100000,0x0000003a4e200000] [id=18788]
  0x0000021ff1984800 WatcherThread [stack: 0x0000003a4eb00000,0x0000003a4ec00000] [id=19860]
  0x0000021fd7268800 GCTaskThread "GC Thread#0" [stack: 0x0000003a4dc00000,0x0000003a4dd00000] [id=14828]
  0x0000021ff1c8d800 GCTaskThread "GC Thread#1" [stack: 0x0000003a4ec00000,0x0000003a4ed00000] [id=17372]
  0x0000021ff1bb9800 GCTaskThread "GC Thread#2" [stack: 0x0000003a4ed00000,0x0000003a4ee00000] [id=19028]
  0x0000021ff1ac2000 GCTaskThread "GC Thread#3" [stack: 0x0000003a4fa00000,0x0000003a4fb00000] [id=20840]
  0x0000021fd729b000 ConcurrentGCThread "G1 Main Marker" [stack: 0x0000003a4dd00000,0x0000003a4de00000] [id=18212]
  0x0000021fd729d000 ConcurrentGCThread "G1 Conc#0" [stack: 0x0000003a4de00000,0x0000003a4df00000] [id=19432]
  0x0000021fd732d800 ConcurrentGCThread "G1 Refine#0" [stack: 0x0000003a4df00000,0x0000003a4e000000] [id=20156]
  0x0000021ff0cb0800 ConcurrentGCThread "G1 Young RemSet Sampling" [stack: 0x0000003a4e000000,0x0000003a4e100000] [id=10060]

Threads with active compile tasks:
C2 CompilerThread0    36841 7199       4       org.gradle.internal.serialize.kryo.StringDeduplicatingKryoBackedEncoder::writeNullableString (114 bytes)
C1 CompilerThread0    36841 7319   !   3       java.util.concurrent.FutureTask::run (123 bytes)

VM state:not at safepoint (normal execution)

VM Mutex/Monitor currently owned by a thread:  ([mutex/lock_event])
[0x0000021fd7250650] JNIGlobalAlloc_lock - owner thread: 0x0000000000000000

Heap address: 0x0000000080000000, size: 2048 MB, Compressed Oops mode: 32-bit
Narrow klass base: 0x0000000000000000, Narrow klass shift: 3
Compressed class space size: 1073741824 Address: 0x0000000100000000

Heap:
 garbage-first heap   total 131072K, used 89498K [0x0000000080000000, 0x0000000100000000)
  region size 1024K, 34 young (34816K), 7 survivors (7168K)
 Metaspace       used 73740K, capacity 75580K, committed 75676K, reserved 1114112K
  class space    used 9525K, capacity 10157K, committed 10240K, reserved 1048576K
Heap Regions: E=young(eden), S=young(survivor), O=old, HS=humongous(starts), HC=humongous(continues), CS=collection set, F=free, A=archive, TAMS=top-at-mark-start (previous, next)
|   0|0x0000000080000000, 0x0000000080100000, 0x0000000080100000|100%| O|  |TAMS 0x0000000080100000, 0x0000000080000000| Untracked 
|   1|0x0000000080100000, 0x0000000080200000, 0x0000000080200000|100%| O|  |TAMS 0x0000000080200000, 0x0000000080100000| Untracked 
|   2|0x0000000080200000, 0x0000000080300000, 0x0000000080300000|100%| O|  |TAMS 0x0000000080300000, 0x0000000080200000| Untracked 
|   3|0x0000000080300000, 0x0000000080400000, 0x0000000080400000|100%|HS|  |TAMS 0x0000000080400000, 0x0000000080300000| Complete 
|   4|0x0000000080400000, 0x0000000080500000, 0x0000000080500000|100%|HC|  |TAMS 0x0000000080500000, 0x0000000080400000| Complete 
|   5|0x0000000080500000, 0x0000000080600000, 0x0000000080600000|100%|HC|  |TAMS 0x0000000080600000, 0x0000000080500000| Complete 
|   6|0x0000000080600000, 0x0000000080700000, 0x0000000080700000|100%| O|  |TAMS 0x0000000080700000, 0x0000000080600000| Untracked 
|   7|0x0000000080700000, 0x0000000080800000, 0x0000000080800000|100%| O|  |TAMS 0x0000000080800000, 0x0000000080700000| Untracked 
|   8|0x0000000080800000, 0x0000000080900000, 0x0000000080900000|100%| O|  |TAMS 0x0000000080900000, 0x0000000080800000| Untracked 
|   9|0x0000000080900000, 0x0000000080a00000, 0x0000000080a00000|100%| O|  |TAMS 0x0000000080a00000, 0x0000000080900000| Untracked 
|  10|0x0000000080a00000, 0x0000000080b00000, 0x0000000080b00000|100%| O|  |TAMS 0x0000000080b00000, 0x0000000080a00000| Untracked 
|  11|0x0000000080b00000, 0x0000000080c00000, 0x0000000080c00000|100%| O|  |TAMS 0x0000000080c00000, 0x0000000080b00000| Untracked 
|  12|0x0000000080c00000, 0x0000000080d00000, 0x0000000080d00000|100%| O|  |TAMS 0x0000000080d00000, 0x0000000080c00000| Untracked 
|  13|0x0000000080d00000, 0x0000000080e00000, 0x0000000080e00000|100%|HS|  |TAMS 0x0000000080e00000, 0x0000000080d00000| Complete 
|  14|0x0000000080e00000, 0x0000000080f00000, 0x0000000080f00000|100%| O|  |TAMS 0x0000000080f00000, 0x0000000080e00000| Untracked 
|  15|0x0000000080f00000, 0x0000000081000000, 0x0000000081000000|100%| O|  |TAMS 0x0000000081000000, 0x0000000080f00000| Untracked 
|  16|0x0000000081000000, 0x0000000081100000, 0x0000000081100000|100%| O|  |TAMS 0x0000000081100000, 0x0000000081000000| Untracked 
|  17|0x0000000081100000, 0x0000000081200000, 0x0000000081200000|100%| O|  |TAMS 0x0000000081200000, 0x0000000081100000| Untracked 
|  18|0x0000000081200000, 0x0000000081300000, 0x0000000081300000|100%| O|  |TAMS 0x0000000081300000, 0x0000000081200000| Untracked 
|  19|0x0000000081300000, 0x0000000081400000, 0x0000000081400000|100%| O|  |TAMS 0x0000000081400000, 0x0000000081300000| Untracked 
|  20|0x0000000081400000, 0x0000000081500000, 0x0000000081500000|100%| O|  |TAMS 0x0000000081500000, 0x0000000081400000| Untracked 
|  21|0x0000000081500000, 0x0000000081600000, 0x0000000081600000|100%| O|  |TAMS 0x0000000081600000, 0x0000000081500000| Untracked 
|  22|0x0000000081600000, 0x0000000081700000, 0x0000000081700000|100%|HS|  |TAMS 0x0000000081700000, 0x0000000081600000| Complete 
|  23|0x0000000081700000, 0x0000000081800000, 0x0000000081800000|100%|HC|  |TAMS 0x0000000081800000, 0x0000000081700000| Complete 
|  24|0x0000000081800000, 0x0000000081900000, 0x0000000081900000|100%| O|  |TAMS 0x0000000081900000, 0x0000000081800000| Untracked 
|  25|0x0000000081900000, 0x0000000081a00000, 0x0000000081a00000|100%| O|  |TAMS 0x0000000081a00000, 0x0000000081900000| Untracked 
|  26|0x0000000081a00000, 0x0000000081b00000, 0x0000000081b00000|100%| O|  |TAMS 0x0000000081b00000, 0x0000000081a00000| Untracked 
|  27|0x0000000081b00000, 0x0000000081c00000, 0x0000000081c00000|100%| O|  |TAMS 0x0000000081c00000, 0x0000000081b00000| Untracked 
|  28|0x0000000081c00000, 0x0000000081d00000, 0x0000000081d00000|100%| O|  |TAMS 0x0000000081d00000, 0x0000000081c00000| Untracked 
|  29|0x0000000081d00000, 0x0000000081e00000, 0x0000000081e00000|100%| O|  |TAMS 0x0000000081e00000, 0x0000000081d00000| Untracked 
|  30|0x0000000081e00000, 0x0000000081f00000, 0x0000000081f00000|100%| O|  |TAMS 0x0000000081f00000, 0x0000000081e00000| Untracked 
|  31|0x0000000081f00000, 0x0000000082000000, 0x0000000082000000|100%| O|  |TAMS 0x0000000082000000, 0x0000000081f00000| Untracked 
|  32|0x0000000082000000, 0x0000000082100000, 0x0000000082100000|100%| O|  |TAMS 0x0000000082100000, 0x0000000082000000| Untracked 
|  33|0x0000000082100000, 0x0000000082200000, 0x0000000082200000|100%| O|  |TAMS 0x0000000082100000, 0x0000000082100000| Untracked 
|  34|0x0000000082200000, 0x0000000082300000, 0x0000000082300000|100%| O|  |TAMS 0x0000000082300000, 0x0000000082200000| Untracked 
|  35|0x0000000082300000, 0x0000000082400000, 0x0000000082400000|100%| O|  |TAMS 0x0000000082400000, 0x0000000082300000| Untracked 
|  36|0x0000000082400000, 0x0000000082500000, 0x0000000082500000|100%| O|  |TAMS 0x0000000082500000, 0x0000000082400000| Untracked 
|  37|0x0000000082500000, 0x0000000082600000, 0x0000000082600000|100%| O|  |TAMS 0x0000000082600000, 0x0000000082500000| Untracked 
|  38|0x0000000082600000, 0x0000000082700000, 0x0000000082700000|100%| O|  |TAMS 0x0000000082700000, 0x0000000082600000| Untracked 
|  39|0x0000000082700000, 0x0000000082800000, 0x0000000082800000|100%| O|  |TAMS 0x0000000082747200, 0x0000000082700000| Untracked 
|  40|0x0000000082800000, 0x0000000082900000, 0x0000000082900000|100%| O|  |TAMS 0x0000000082800000, 0x0000000082800000| Untracked 
|  41|0x0000000082900000, 0x0000000082a00000, 0x0000000082a00000|100%| O|  |TAMS 0x0000000082900000, 0x0000000082900000| Untracked 
|  42|0x0000000082a00000, 0x0000000082b00000, 0x0000000082b00000|100%| O|  |TAMS 0x0000000082a00000, 0x0000000082a00000| Untracked 
|  43|0x0000000082b00000, 0x0000000082c00000, 0x0000000082c00000|100%| O|  |TAMS 0x0000000082b00000, 0x0000000082b00000| Untracked 
|  44|0x0000000082c00000, 0x0000000082d00000, 0x0000000082d00000|100%| O|  |TAMS 0x0000000082c00000, 0x0000000082c00000| Untracked 
|  45|0x0000000082d00000, 0x0000000082e00000, 0x0000000082e00000|100%| O|  |TAMS 0x0000000082d00000, 0x0000000082d00000| Untracked 
|  46|0x0000000082e00000, 0x0000000082f00000, 0x0000000082f00000|100%| O|  |TAMS 0x0000000082e00000, 0x0000000082e00000| Untracked 
|  47|0x0000000082f00000, 0x0000000083000000, 0x0000000083000000|100%| O|  |TAMS 0x0000000082f00000, 0x0000000082f00000| Untracked 
|  48|0x0000000083000000, 0x0000000083100000, 0x0000000083100000|100%| O|  |TAMS 0x0000000083000000, 0x0000000083000000| Untracked 
|  49|0x0000000083100000, 0x0000000083200000, 0x0000000083200000|100%| O|  |TAMS 0x0000000083100000, 0x0000000083100000| Untracked 
|  50|0x0000000083200000, 0x0000000083300000, 0x0000000083300000|100%| O|  |TAMS 0x0000000083200000, 0x0000000083200000| Untracked 
|  51|0x0000000083300000, 0x0000000083400000, 0x0000000083400000|100%| O|  |TAMS 0x0000000083300000, 0x0000000083300000| Untracked 
|  52|0x0000000083400000, 0x0000000083500000, 0x0000000083500000|100%| O|  |TAMS 0x0000000083400000, 0x0000000083400000| Untracked 
|  53|0x0000000083500000, 0x0000000083600000, 0x0000000083600000|100%| O|  |TAMS 0x0000000083500000, 0x0000000083500000| Untracked 
|  54|0x0000000083600000, 0x0000000083666a00, 0x0000000083700000| 40%| O|  |TAMS 0x0000000083600000, 0x0000000083600000| Untracked 
|  55|0x0000000083700000, 0x0000000083700000, 0x0000000083800000|  0%| F|  |TAMS 0x0000000083700000, 0x0000000083700000| Untracked 
|  56|0x0000000083800000, 0x0000000083800000, 0x0000000083900000|  0%| F|  |TAMS 0x0000000083800000, 0x0000000083800000| Untracked 
|  57|0x0000000083900000, 0x0000000083900000, 0x0000000083a00000|  0%| F|  |TAMS 0x0000000083900000, 0x0000000083900000| Untracked 
|  58|0x0000000083a00000, 0x0000000083a00000, 0x0000000083b00000|  0%| F|  |TAMS 0x0000000083a00000, 0x0000000083a00000| Untracked 
|  59|0x0000000083b00000, 0x0000000083b00000, 0x0000000083c00000|  0%| F|  |TAMS 0x0000000083b00000, 0x0000000083b00000| Untracked 
|  60|0x0000000083c00000, 0x0000000083c00000, 0x0000000083d00000|  0%| F|  |TAMS 0x0000000083c00000, 0x0000000083c00000| Untracked 
|  61|0x0000000083d00000, 0x0000000083d00000, 0x0000000083e00000|  0%| F|  |TAMS 0x0000000083d00000, 0x0000000083d00000| Untracked 
|  62|0x0000000083e00000, 0x0000000083e00000, 0x0000000083f00000|  0%| F|  |TAMS 0x0000000083e00000, 0x0000000083e00000| Untracked 
|  63|0x0000000083f00000, 0x0000000083f00000, 0x0000000084000000|  0%| F|  |TAMS 0x0000000083f00000, 0x0000000083f00000| Untracked 
|  64|0x0000000084000000, 0x0000000084000000, 0x0000000084100000|  0%| F|  |TAMS 0x0000000084000000, 0x0000000084000000| Untracked 
|  65|0x0000000084100000, 0x0000000084100000, 0x0000000084200000|  0%| F|  |TAMS 0x0000000084100000, 0x0000000084100000| Untracked 
|  66|0x0000000084200000, 0x0000000084200000, 0x0000000084300000|  0%| F|  |TAMS 0x0000000084200000, 0x0000000084200000| Untracked 
|  67|0x0000000084300000, 0x0000000084300000, 0x0000000084400000|  0%| F|  |TAMS 0x0000000084300000, 0x0000000084300000| Untracked 
|  68|0x0000000084400000, 0x0000000084400000, 0x0000000084500000|  0%| F|  |TAMS 0x0000000084400000, 0x0000000084400000| Untracked 
|  69|0x0000000084500000, 0x0000000084500000, 0x0000000084600000|  0%| F|  |TAMS 0x0000000084500000, 0x0000000084500000| Untracked 
|  70|0x0000000084600000, 0x0000000084700000, 0x0000000084700000|100%| S|CS|TAMS 0x0000000084600000, 0x0000000084600000| Complete 
|  71|0x0000000084700000, 0x0000000084700000, 0x0000000084800000|  0%| F|  |TAMS 0x0000000084700000, 0x0000000084700000| Untracked 
|  72|0x0000000084800000, 0x0000000084800000, 0x0000000084900000|  0%| F|  |TAMS 0x0000000084800000, 0x0000000084800000| Untracked 
|  73|0x0000000084900000, 0x0000000084a00000, 0x0000000084a00000|100%| S|CS|TAMS 0x0000000084900000, 0x0000000084900000| Complete 
|  74|0x0000000084a00000, 0x0000000084b00000, 0x0000000084b00000|100%| S|CS|TAMS 0x0000000084a00000, 0x0000000084a00000| Complete 
|  75|0x0000000084b00000, 0x0000000084c00000, 0x0000000084c00000|100%| S|CS|TAMS 0x0000000084b00000, 0x0000000084b00000| Complete 
|  76|0x0000000084c00000, 0x0000000084d00000, 0x0000000084d00000|100%| S|CS|TAMS 0x0000000084c00000, 0x0000000084c00000| Complete 
|  77|0x0000000084d00000, 0x0000000084e00000, 0x0000000084e00000|100%| S|CS|TAMS 0x0000000084d00000, 0x0000000084d00000| Complete 
|  78|0x0000000084e00000, 0x0000000084e00000, 0x0000000084f00000|  0%| F|  |TAMS 0x0000000084e00000, 0x0000000084e00000| Untracked 
|  79|0x0000000084f00000, 0x0000000084f00000, 0x0000000085000000|  0%| F|  |TAMS 0x0000000084f00000, 0x0000000084f00000| Untracked 
|  80|0x0000000085000000, 0x0000000085100000, 0x0000000085100000|100%| S|CS|TAMS 0x0000000085000000, 0x0000000085000000| Complete 
|  81|0x0000000085100000, 0x0000000085100000, 0x0000000085200000|  0%| F|  |TAMS 0x0000000085100000, 0x0000000085100000| Untracked 
|  82|0x0000000085200000, 0x0000000085200000, 0x0000000085300000|  0%| F|  |TAMS 0x0000000085200000, 0x0000000085200000| Untracked 
|  83|0x0000000085300000, 0x0000000085300000, 0x0000000085400000|  0%| F|  |TAMS 0x0000000085300000, 0x0000000085300000| Untracked 
|  84|0x0000000085400000, 0x0000000085400000, 0x0000000085500000|  0%| F|  |TAMS 0x0000000085400000, 0x0000000085400000| Untracked 
|  85|0x0000000085500000, 0x0000000085500000, 0x0000000085600000|  0%| F|  |TAMS 0x0000000085500000, 0x0000000085500000| Untracked 
|  86|0x0000000085600000, 0x0000000085600000, 0x0000000085700000|  0%| F|  |TAMS 0x0000000085600000, 0x0000000085600000| Untracked 
|  87|0x0000000085700000, 0x0000000085700000, 0x0000000085800000|  0%| F|  |TAMS 0x0000000085700000, 0x0000000085700000| Untracked 
|  88|0x0000000085800000, 0x0000000085800000, 0x0000000085900000|  0%| F|  |TAMS 0x0000000085800000, 0x0000000085800000| Untracked 
|  89|0x0000000085900000, 0x0000000085900000, 0x0000000085a00000|  0%| F|  |TAMS 0x0000000085900000, 0x0000000085900000| Untracked 
|  90|0x0000000085a00000, 0x0000000085a00000, 0x0000000085b00000|  0%| F|  |TAMS 0x0000000085a00000, 0x0000000085a00000| Untracked 
|  91|0x0000000085b00000, 0x0000000085b00000, 0x0000000085c00000|  0%| F|  |TAMS 0x0000000085b00000, 0x0000000085b00000| Untracked 
|  92|0x0000000085c00000, 0x0000000085c00000, 0x0000000085d00000|  0%| F|  |TAMS 0x0000000085c00000, 0x0000000085c00000| Untracked 
|  93|0x0000000085d00000, 0x0000000085d00000, 0x0000000085e00000|  0%| F|  |TAMS 0x0000000085d00000, 0x0000000085d00000| Untracked 
|  94|0x0000000085e00000, 0x0000000085e00000, 0x0000000085f00000|  0%| F|  |TAMS 0x0000000085e00000, 0x0000000085e00000| Untracked 
|  95|0x0000000085f00000, 0x0000000085f00000, 0x0000000086000000|  0%| F|  |TAMS 0x0000000085f00000, 0x0000000085f00000| Untracked 
|  96|0x0000000086000000, 0x0000000086000000, 0x0000000086100000|  0%| F|  |TAMS 0x0000000086000000, 0x0000000086000000| Untracked 
|  97|0x0000000086100000, 0x0000000086100000, 0x0000000086200000|  0%| F|  |TAMS 0x0000000086100000, 0x0000000086100000| Untracked 
|  98|0x0000000086200000, 0x0000000086200000, 0x0000000086300000|  0%| F|  |TAMS 0x0000000086200000, 0x0000000086200000| Untracked 
|  99|0x0000000086300000, 0x0000000086300000, 0x0000000086400000|  0%| F|  |TAMS 0x0000000086300000, 0x0000000086300000| Untracked 
| 100|0x0000000086400000, 0x0000000086400000, 0x0000000086500000|  0%| F|  |TAMS 0x0000000086400000, 0x0000000086400000| Untracked 
| 101|0x0000000086500000, 0x00000000865218e8, 0x0000000086600000| 13%| E|  |TAMS 0x0000000086500000, 0x0000000086500000| Complete 
| 102|0x0000000086600000, 0x0000000086700000, 0x0000000086700000|100%| E|CS|TAMS 0x0000000086600000, 0x0000000086600000| Complete 
| 103|0x0000000086700000, 0x0000000086800000, 0x0000000086800000|100%| E|CS|TAMS 0x0000000086700000, 0x0000000086700000| Complete 
| 104|0x0000000086800000, 0x0000000086900000, 0x0000000086900000|100%| E|CS|TAMS 0x0000000086800000, 0x0000000086800000| Complete 
| 105|0x0000000086900000, 0x0000000086a00000, 0x0000000086a00000|100%| E|CS|TAMS 0x0000000086900000, 0x0000000086900000| Complete 
| 106|0x0000000086a00000, 0x0000000086b00000, 0x0000000086b00000|100%| E|CS|TAMS 0x0000000086a00000, 0x0000000086a00000| Complete 
| 107|0x0000000086b00000, 0x0000000086c00000, 0x0000000086c00000|100%| E|CS|TAMS 0x0000000086b00000, 0x0000000086b00000| Complete 
| 108|0x0000000086c00000, 0x0000000086d00000, 0x0000000086d00000|100%| E|CS|TAMS 0x0000000086c00000, 0x0000000086c00000| Complete 
| 109|0x0000000086d00000, 0x0000000086e00000, 0x0000000086e00000|100%| E|CS|TAMS 0x0000000086d00000, 0x0000000086d00000| Complete 
| 110|0x0000000086e00000, 0x0000000086f00000, 0x0000000086f00000|100%| E|CS|TAMS 0x0000000086e00000, 0x0000000086e00000| Complete 
| 111|0x0000000086f00000, 0x0000000087000000, 0x0000000087000000|100%| E|CS|TAMS 0x0000000086f00000, 0x0000000086f00000| Complete 
| 112|0x0000000087000000, 0x0000000087100000, 0x0000000087100000|100%| E|CS|TAMS 0x0000000087000000, 0x0000000087000000| Complete 
| 113|0x0000000087100000, 0x0000000087200000, 0x0000000087200000|100%| E|CS|TAMS 0x0000000087100000, 0x0000000087100000| Complete 
| 114|0x0000000087200000, 0x0000000087300000, 0x0000000087300000|100%| E|CS|TAMS 0x0000000087200000, 0x0000000087200000| Complete 
| 115|0x0000000087300000, 0x0000000087400000, 0x0000000087400000|100%| E|CS|TAMS 0x0000000087300000, 0x0000000087300000| Complete 
| 116|0x0000000087400000, 0x0000000087500000, 0x0000000087500000|100%| E|CS|TAMS 0x0000000087400000, 0x0000000087400000| Complete 
| 117|0x0000000087500000, 0x0000000087600000, 0x0000000087600000|100%| E|CS|TAMS 0x0000000087500000, 0x0000000087500000| Complete 
| 118|0x0000000087600000, 0x0000000087700000, 0x0000000087700000|100%| E|CS|TAMS 0x0000000087600000, 0x0000000087600000| Complete 
| 119|0x0000000087700000, 0x0000000087800000, 0x0000000087800000|100%| E|CS|TAMS 0x0000000087700000, 0x0000000087700000| Complete 
| 120|0x0000000087800000, 0x0000000087900000, 0x0000000087900000|100%| E|CS|TAMS 0x0000000087800000, 0x0000000087800000| Complete 
| 121|0x0000000087900000, 0x0000000087a00000, 0x0000000087a00000|100%| E|CS|TAMS 0x0000000087900000, 0x0000000087900000| Complete 
| 122|0x0000000087a00000, 0x0000000087b00000, 0x0000000087b00000|100%| E|CS|TAMS 0x0000000087a00000, 0x0000000087a00000| Complete 
| 123|0x0000000087b00000, 0x0000000087c00000, 0x0000000087c00000|100%| E|CS|TAMS 0x0000000087b00000, 0x0000000087b00000| Complete 
| 124|0x0000000087c00000, 0x0000000087d00000, 0x0000000087d00000|100%| E|CS|TAMS 0x0000000087c00000, 0x0000000087c00000| Complete 
| 125|0x0000000087d00000, 0x0000000087e00000, 0x0000000087e00000|100%| E|CS|TAMS 0x0000000087d00000, 0x0000000087d00000| Complete 
| 126|0x0000000087e00000, 0x0000000087f00000, 0x0000000087f00000|100%| E|CS|TAMS 0x0000000087e00000, 0x0000000087e00000| Complete 
| 127|0x0000000087f00000, 0x0000000088000000, 0x0000000088000000|100%| E|CS|TAMS 0x0000000087f00000, 0x0000000087f00000| Complete 

Card table byte_map: [0x0000021fea180000,0x0000021fea580000] _byte_map_base: 0x0000021fe9d80000

Marking Bits (Prev, Next): (CMBitMap*) 0x0000021fd7291fe0, (CMBitMap*) 0x0000021fd7291fa8
 Prev Bits: [0x0000021fec980000, 0x0000021fee980000)
 Next Bits: [0x0000021fea980000, 0x0000021fec980000)

Polling page: 0x0000021fd53b0000

Metaspace:

Usage:
  Non-class:     63.89 MB capacity,    62.71 MB ( 98%) used,  1023.02 KB (  2%) free+waste,   182.56 KB ( <1%) overhead. 
      Class:      9.92 MB capacity,     9.30 MB ( 94%) used,   545.55 KB (  5%) free+waste,    85.81 KB ( <1%) overhead. 
       Both:     73.81 MB capacity,    72.01 MB ( 98%) used,     1.53 MB (  2%) free+waste,   268.38 KB ( <1%) overhead. 

Virtual space:
  Non-class space:       64.00 MB reserved,      63.90 MB (>99%) committed 
      Class space:        1.00 GB reserved,      10.00 MB ( <1%) committed 
             Both:        1.06 GB reserved,      73.90 MB (  7%) committed 

Chunk freelists:
   Non-Class:  0 bytes
       Class:  0 bytes
        Both:  0 bytes

MaxMetaspaceSize: 17179869184.00 GB
CompressedClassSpaceSize: 1.00 GB
Initial GC threshold: 20.80 MB
Current GC threshold: 98.80 MB
CDS: off

CodeHeap 'non-profiled nmethods': size=120064Kb used=3725Kb max_used=3725Kb free=116339Kb
 bounds [0x0000021fe2840000, 0x0000021fe2bf0000, 0x0000021fe9d80000]
CodeHeap 'profiled nmethods': size=120000Kb used=15412Kb max_used=15412Kb free=104587Kb
 bounds [0x0000021fdb310000, 0x0000021fdc220000, 0x0000021fe2840000]
CodeHeap 'non-nmethods': size=5696Kb used=2325Kb max_used=2374Kb free=3370Kb
 bounds [0x0000021fdad80000, 0x0000021fdaff0000, 0x0000021fdb310000]
 total_blobs=8070 nmethods=7235 adapters=747
 compilation: enabled
              stopped_count=0, restarted_count=0
 full_count=0

Compilation events (20 events):
Event: 36.788 Thread 0x0000021ff0e88800 7284       3       org.gradle.internal.component.model.DefaultCompatibilityCheckResult::<init> (57 bytes)
Event: 36.788 Thread 0x0000021ff0e88800 nmethod 7284 0x0000021fdc20bc10 code [0x0000021fdc20bdc0, 0x0000021fdc20bff8]
Event: 36.788 Thread 0x0000021ff0e88800 7276       1       org.gradle.api.internal.artifacts.transform.ConsumerProvidedVariantFinder$AttributeSpecificCache::access$000 (5 bytes)
Event: 36.789 Thread 0x0000021ff0e88800 nmethod 7276 0x0000021fe2be0f10 code [0x0000021fe2be10c0, 0x0000021fe2be1158]
Event: 36.789 Thread 0x0000021ff0e88800 7278       1       org.gradle.internal.Pair::getLeft (5 bytes)
Event: 36.789 Thread 0x0000021ff0e88800 nmethod 7278 0x0000021fe2be1210 code [0x0000021fe2be13c0, 0x0000021fe2be1478]
Event: 36.789 Thread 0x0000021ff0e88800 7279       1       org.gradle.api.internal.artifacts.ivyservice.resolveengine.artifact.DefaultArtifactSet::getComponentId (5 bytes)
Event: 36.789 Thread 0x0000021ff0e88800 nmethod 7279 0x0000021fe2be1510 code [0x0000021fe2be16c0, 0x0000021fe2be1778]
Event: 36.789 Thread 0x0000021ff0e88800 7285       3       org.gradle.api.internal.attributes.DefaultAttributesSchema$DefaultAttributeMatcher::matches (9 bytes)
Event: 36.789 Thread 0x0000021ff0e88800 nmethod 7285 0x0000021fdc20c090 code [0x0000021fdc20c260, 0x0000021fdc20c428]
Event: 36.790 Thread 0x0000021ff0e88800 7286       3       org.gradle.api.internal.artifacts.ivyservice.resolveengine.artifact.ArtifactBackedResolvedVariant::getAttributes (5 bytes)
Event: 36.790 Thread 0x0000021ff0e88800 nmethod 7286 0x0000021fdc20c590 code [0x0000021fdc20c740, 0x0000021fdc20c858]
Event: 36.790 Thread 0x0000021ff0e88800 7287       3       com.android.build.gradle.internal.dependency.ModelArtifactCompatibilityRule::<init> (5 bytes)
Event: 36.790 Thread 0x0000021ff0e88800 nmethod 7287 0x0000021fdc20c910 code [0x0000021fdc20cac0, 0x0000021fdc20cc18]
Event: 36.790 Thread 0x0000021ff0e88800 7288       3       com.android.build.gradle.internal.dependency.ModelArtifactCompatibilityRule::execute (9 bytes)
Event: 36.790 Thread 0x0000021ff0e88800 nmethod 7288 0x0000021fdc20cd10 code [0x0000021fdc20cee0, 0x0000021fdc20d108]
Event: 36.790 Thread 0x0000021ff0e88800 7289       3       com.android.build.gradle.internal.dependency.ModelArtifactCompatibilityRule::execute (109 bytes)
Event: 36.792 Thread 0x0000021ff0e88800 nmethod 7289 0x0000021fdc20d210 code [0x0000021fdc20d4c0, 0x0000021fdc20e248]
Event: 36.792 Thread 0x0000021ff0e88800 7290   !   3       jdk.internal.reflect.GeneratedConstructorAccessor54::newInstance (49 bytes)
Event: 36.793 Thread 0x0000021ff0e88800 nmethod 7290 0x0000021fdc20e710 code [0x0000021fdc20e900, 0x0000021fdc20ed48]

GC Heap History (20 events):
Event: 20.245 GC heap before
{Heap before GC invocations=6 (full 0):
 garbage-first heap   total 131072K, used 63233K [0x0000000080000000, 0x0000000100000000)
  region size 1024K, 50 young (51200K), 4 survivors (4096K)
 Metaspace       used 26445K, capacity 27074K, committed 27132K, reserved 1073152K
  class space    used 3323K, capacity 3553K, committed 3584K, reserved 1048576K
}
Event: 20.254 GC heap after
{Heap after GC invocations=7 (full 0):
 garbage-first heap   total 131072K, used 18039K [0x0000000080000000, 0x0000000100000000)
  region size 1024K, 5 young (5120K), 5 survivors (5120K)
 Metaspace       used 26445K, capacity 27074K, committed 27132K, reserved 1073152K
  class space    used 3323K, capacity 3553K, committed 3584K, reserved 1048576K
}
Event: 22.152 GC heap before
{Heap before GC invocations=7 (full 0):
 garbage-first heap   total 131072K, used 66167K [0x0000000080000000, 0x0000000100000000)
  region size 1024K, 53 young (54272K), 5 survivors (5120K)
 Metaspace       used 35213K, capacity 35863K, committed 35964K, reserved 1081344K
  class space    used 4414K, capacity 4654K, committed 4736K, reserved 1048576K
}
Event: 22.170 GC heap after
{Heap after GC invocations=8 (full 0):
 garbage-first heap   total 131072K, used 21766K [0x0000000080000000, 0x0000000100000000)
  region size 1024K, 9 young (9216K), 9 survivors (9216K)
 Metaspace       used 35213K, capacity 35863K, committed 35964K, reserved 1081344K
  class space    used 4414K, capacity 4654K, committed 4736K, reserved 1048576K
}
Event: 24.329 GC heap before
{Heap before GC invocations=9 (full 0):
 garbage-first heap   total 131072K, used 80134K [0x0000000080000000, 0x0000000100000000)
  region size 1024K, 63 young (64512K), 9 survivors (9216K)
 Metaspace       used 40311K, capacity 41175K, committed 41212K, reserved 1085440K
  class space    used 5059K, capacity 5364K, committed 5376K, reserved 1048576K
}
Event: 24.349 GC heap after
{Heap after GC invocations=10 (full 0):
 garbage-first heap   total 131072K, used 25226K [0x0000000080000000, 0x0000000100000000)
  region size 1024K, 8 young (8192K), 8 survivors (8192K)
 Metaspace       used 40311K, capacity 41175K, committed 41212K, reserved 1085440K
  class space    used 5059K, capacity 5364K, committed 5376K, reserved 1048576K
}
Event: 27.362 GC heap before
{Heap before GC invocations=10 (full 0):
 garbage-first heap   total 131072K, used 88714K [0x0000000080000000, 0x0000000100000000)
  region size 1024K, 69 young (70656K), 8 survivors (8192K)
 Metaspace       used 43690K, capacity 44653K, committed 44796K, reserved 1087488K
  class space    used 5488K, capacity 5818K, committed 5888K, reserved 1048576K
}
Event: 27.377 GC heap after
{Heap after GC invocations=11 (full 0):
 garbage-first heap   total 131072K, used 31350K [0x0000000080000000, 0x0000000100000000)
  region size 1024K, 9 young (9216K), 9 survivors (9216K)
 Metaspace       used 43690K, capacity 44653K, committed 44796K, reserved 1087488K
  class space    used 5488K, capacity 5818K, committed 5888K, reserved 1048576K
}
Event: 28.865 GC heap before
{Heap before GC invocations=11 (full 0):
 garbage-first heap   total 131072K, used 95862K [0x0000000080000000, 0x0000000100000000)
  region size 1024K, 71 young (72704K), 9 survivors (9216K)
 Metaspace       used 52149K, capacity 53376K, committed 53628K, reserved 1095680K
  class space    used 6525K, capacity 6948K, committed 7040K, reserved 1048576K
}
Event: 28.879 GC heap after
{Heap after GC invocations=12 (full 0):
 garbage-first heap   total 131072K, used 39082K [0x0000000080000000, 0x0000000100000000)
  region size 1024K, 6 young (6144K), 6 survivors (6144K)
 Metaspace       used 52149K, capacity 53376K, committed 53628K, reserved 1095680K
  class space    used 6525K, capacity 6948K, committed 7040K, reserved 1048576K
}
Event: 30.303 GC heap before
{Heap before GC invocations=12 (full 0):
 garbage-first heap   total 131072K, used 88234K [0x0000000080000000, 0x0000000100000000)
  region size 1024K, 55 young (56320K), 6 survivors (6144K)
 Metaspace       used 58831K, capacity 60195K, committed 60284K, reserved 1101824K
  class space    used 7300K, capacity 7763K, committed 7808K, reserved 1048576K
}
Event: 30.322 GC heap after
{Heap after GC invocations=13 (full 0):
 garbage-first heap   total 131072K, used 44052K [0x0000000080000000, 0x0000000100000000)
  region size 1024K, 5 young (5120K), 5 survivors (5120K)
 Metaspace       used 58831K, capacity 60195K, committed 60284K, reserved 1101824K
  class space    used 7300K, capacity 7763K, committed 7808K, reserved 1048576K
}
Event: 31.761 GC heap before
{Heap before GC invocations=14 (full 0):
 garbage-first heap   total 131072K, used 97300K [0x0000000080000000, 0x0000000100000000)
  region size 1024K, 57 young (58368K), 5 survivors (5120K)
 Metaspace       used 63153K, capacity 64676K, committed 64796K, reserved 1105920K
  class space    used 7980K, capacity 8492K, committed 8576K, reserved 1048576K
}
Event: 31.774 GC heap after
{Heap after GC invocations=15 (full 0):
 garbage-first heap   total 131072K, used 49053K [0x0000000080000000, 0x0000000100000000)
  region size 1024K, 5 young (5120K), 5 survivors (5120K)
 Metaspace       used 63153K, capacity 64676K, committed 64796K, reserved 1105920K
  class space    used 7980K, capacity 8492K, committed 8576K, reserved 1048576K
}
Event: 32.592 GC heap before
{Heap before GC invocations=15 (full 0):
 garbage-first heap   total 131072K, used 100253K [0x0000000080000000, 0x0000000100000000)
  region size 1024K, 55 young (56320K), 5 survivors (5120K)
 Metaspace       used 66245K, capacity 67760K, committed 67868K, reserved 1107968K
  class space    used 8442K, capacity 9001K, committed 9088K, reserved 1048576K
}
Event: 32.604 GC heap after
{Heap after GC invocations=16 (full 0):
 garbage-first heap   total 131072K, used 53322K [0x0000000080000000, 0x0000000100000000)
  region size 1024K, 5 young (5120K), 5 survivors (5120K)
 Metaspace       used 66245K, capacity 67760K, committed 67868K, reserved 1107968K
  class space    used 8442K, capacity 9001K, committed 9088K, reserved 1048576K
}
Event: 34.144 GC heap before
{Heap before GC invocations=16 (full 0):
 garbage-first heap   total 131072K, used 102474K [0x0000000080000000, 0x0000000100000000)
  region size 1024K, 53 young (54272K), 5 survivors (5120K)
 Metaspace       used 70892K, capacity 72595K, committed 72860K, reserved 1112064K
  class space    used 9121K, capacity 9698K, committed 9728K, reserved 1048576K
}
Event: 34.157 GC heap after
{Heap after GC invocations=17 (full 0):
 garbage-first heap   total 131072K, used 56526K [0x0000000080000000, 0x0000000100000000)
  region size 1024K, 4 young (4096K), 4 survivors (4096K)
 Metaspace       used 70892K, capacity 72595K, committed 72860K, reserved 1112064K
  class space    used 9121K, capacity 9698K, committed 9728K, reserved 1048576K
}
Event: 35.159 GC heap before
{Heap before GC invocations=17 (full 0):
 garbage-first heap   total 131072K, used 104654K [0x0000000080000000, 0x0000000100000000)
  region size 1024K, 51 young (52224K), 4 survivors (4096K)
 Metaspace       used 71717K, capacity 73434K, committed 73756K, reserved 1114112K
  class space    used 9230K, capacity 9780K, committed 9856K, reserved 1048576K
}
Event: 35.171 GC heap after
{Heap after GC invocations=18 (full 0):
 garbage-first heap   total 131072K, used 62874K [0x0000000080000000, 0x0000000100000000)
  region size 1024K, 7 young (7168K), 7 survivors (7168K)
 Metaspace       used 71717K, capacity 73434K, committed 73756K, reserved 1114112K
  class space    used 9230K, capacity 9780K, committed 9856K, reserved 1048576K
}

Deoptimization events (20 events):
Event: 35.705 Thread 0x0000021ff474f000 DEOPT PACKING pc=0x0000021fe2a965fc sp=0x0000003a56bfe360
Event: 35.705 Thread 0x0000021ff474f000 DEOPT UNPACKING pc=0x0000021fdadca1af sp=0x0000003a56bfe288 mode 2
Event: 35.705 Thread 0x0000021ff474f000 Uncommon trap: trap_request=0xffffffc6 fr.pc=0x0000021fe2a965fc relative=0x000000000000067c
Event: 35.705 Thread 0x0000021ff474f000 Uncommon trap: reason=bimorphic_or_optimized_type_check action=maybe_recompile pc=0x0000021fe2a965fc method=java.util.Arrays.binarySearch0([Ljava/lang/Object;IILjava/lang/Object;Ljava/util/Comparator;)I @ 48 c2
Event: 35.705 Thread 0x0000021ff474f000 DEOPT PACKING pc=0x0000021fe2a965fc sp=0x0000003a56bfe360
Event: 35.705 Thread 0x0000021ff474f000 DEOPT UNPACKING pc=0x0000021fdadca1af sp=0x0000003a56bfe288 mode 2
Event: 35.705 Thread 0x0000021ff474f000 Uncommon trap: trap_request=0xffffffc6 fr.pc=0x0000021fe2a965fc relative=0x000000000000067c
Event: 35.705 Thread 0x0000021ff474f000 Uncommon trap: reason=bimorphic_or_optimized_type_check action=maybe_recompile pc=0x0000021fe2a965fc method=java.util.Arrays.binarySearch0([Ljava/lang/Object;IILjava/lang/Object;Ljava/util/Comparator;)I @ 48 c2
Event: 35.705 Thread 0x0000021ff474f000 DEOPT PACKING pc=0x0000021fe2a965fc sp=0x0000003a56bfe360
Event: 35.705 Thread 0x0000021ff474f000 DEOPT UNPACKING pc=0x0000021fdadca1af sp=0x0000003a56bfe288 mode 2
Event: 35.705 Thread 0x0000021ff474f000 Uncommon trap: trap_request=0xffffffc6 fr.pc=0x0000021fe2b3afe8 relative=0x0000000000000668
Event: 35.705 Thread 0x0000021ff474f000 Uncommon trap: reason=bimorphic_or_optimized_type_check action=maybe_recompile pc=0x0000021fe2b3afe8 method=java.util.Arrays.binarySearch0([Ljava/lang/Object;IILjava/lang/Object;Ljava/util/Comparator;)I @ 48 c2
Event: 35.705 Thread 0x0000021ff474f000 DEOPT PACKING pc=0x0000021fe2b3afe8 sp=0x0000003a56bfe2e0
Event: 35.705 Thread 0x0000021ff474f000 DEOPT UNPACKING pc=0x0000021fdadca1af sp=0x0000003a56bfe288 mode 2
Event: 36.147 Thread 0x0000021ff474d800 DEOPT PACKING pc=0x0000021fdb3c3d1b sp=0x0000003a568fae00
Event: 36.147 Thread 0x0000021ff474d800 DEOPT UNPACKING pc=0x0000021fdadca95e sp=0x0000003a568fa340 mode 0
Event: 36.580 Thread 0x0000021ff474d800 DEOPT PACKING pc=0x0000021fdba6f1c1 sp=0x0000003a568fae10
Event: 36.580 Thread 0x0000021ff474d800 DEOPT UNPACKING pc=0x0000021fdadca95e sp=0x0000003a568fa2c8 mode 0
Event: 36.586 Thread 0x0000021ff474d800 DEOPT PACKING pc=0x0000021fdb3c3d1b sp=0x0000003a568f9e90
Event: 36.586 Thread 0x0000021ff474d800 DEOPT UNPACKING pc=0x0000021fdadca95e sp=0x0000003a568f93d0 mode 0

Classes redefined (0 events):
No events

Internal exceptions (20 events):
Event: 35.229 Thread 0x0000021ff25cb800 Exception <a 'java/lang/ClassNotFoundException'{0x0000000087e37f80}: com/android/build/gradle/internal/tasks/StripDebugSymbolsTask_DecoratedBeanInfo> (0x0000000087e37f80) thrown at [src/hotspot/share/classfile/systemDictionary.cpp, line 230]
Event: 35.229 Thread 0x0000021ff25cb800 Exception <a 'java/lang/ClassNotFoundException'{0x0000000087e4be10}: com/android/build/gradle/internal/tasks/StripDebugSymbolsTaskBeanInfo> (0x0000000087e4be10) thrown at [src/hotspot/share/classfile/systemDictionary.cpp, line 230]
Event: 35.230 Thread 0x0000021ff25cb800 Exception <a 'java/lang/ClassNotFoundException'{0x0000000087e5f800}: com/android/build/gradle/internal/tasks/StripDebugSymbolsTaskCustomizer> (0x0000000087e5f800) thrown at [src/hotspot/share/classfile/systemDictionary.cpp, line 230]
Event: 35.232 Thread 0x0000021ff25cb800 Exception <a 'java/lang/ClassNotFoundException'{0x0000000087e8d208}: com/android/build/gradle/internal/tasks/StripDebugSymbolsTask_DecoratedCustomizer> (0x0000000087e8d208) thrown at [src/hotspot/share/classfile/systemDictionary.cpp, line 230]
Event: 35.238 Thread 0x0000021ff25cb800 Exception <a 'java/lang/ClassNotFoundException'{0x0000000087d21778}: com/android/build/gradle/internal/tasks/ValidateSigningTask_DecoratedBeanInfo> (0x0000000087d21778) thrown at [src/hotspot/share/classfile/systemDictionary.cpp, line 230]
Event: 35.239 Thread 0x0000021ff25cb800 Exception <a 'java/lang/ClassNotFoundException'{0x0000000087d355c0}: com/android/build/gradle/internal/tasks/ValidateSigningTaskBeanInfo> (0x0000000087d355c0) thrown at [src/hotspot/share/classfile/systemDictionary.cpp, line 230]
Event: 35.241 Thread 0x0000021ff25cb800 Exception <a 'java/lang/ClassNotFoundException'{0x0000000087d48ec8}: com/android/build/gradle/internal/tasks/ValidateSigningTaskCustomizer> (0x0000000087d48ec8) thrown at [src/hotspot/share/classfile/systemDictionary.cpp, line 230]
Event: 35.245 Thread 0x0000021ff25cb800 Exception <a 'java/lang/ClassNotFoundException'{0x0000000087d6e168}: com/android/build/gradle/internal/tasks/ValidateSigningTask_DecoratedCustomizer> (0x0000000087d6e168) thrown at [src/hotspot/share/classfile/systemDictionary.cpp, line 230]
Event: 35.262 Thread 0x0000021ff25cb800 Exception <a 'java/lang/ClassNotFoundException'{0x0000000087c36590}: com/android/build/gradle/tasks/PackageApplication_DecoratedBeanInfo> (0x0000000087c36590) thrown at [src/hotspot/share/classfile/systemDictionary.cpp, line 230]
Event: 35.267 Thread 0x0000021ff25cb800 Exception <a 'java/lang/ClassNotFoundException'{0x0000000087c48a98}: com/android/build/gradle/tasks/PackageApplicationBeanInfo> (0x0000000087c48a98) thrown at [src/hotspot/share/classfile/systemDictionary.cpp, line 230]
Event: 35.268 Thread 0x0000021ff25cb800 Exception <a 'java/lang/ClassNotFoundException'{0x0000000087c5bb88}: com/android/build/gradle/tasks/PackageAndroidArtifactBeanInfo> (0x0000000087c5bb88) thrown at [src/hotspot/share/classfile/systemDictionary.cpp, line 230]
Event: 35.270 Thread 0x0000021ff25cb800 Exception <a 'java/lang/ClassNotFoundException'{0x0000000087c6efd8}: com/android/build/gradle/tasks/PackageAndroidArtifactCustomizer> (0x0000000087c6efd8) thrown at [src/hotspot/share/classfile/systemDictionary.cpp, line 230]
Event: 35.288 Thread 0x0000021ff25cb800 Exception <a 'java/lang/ClassNotFoundException'{0x0000000087cbd958}: com/android/build/gradle/tasks/PackageApplicationCustomizer> (0x0000000087cbd958) thrown at [src/hotspot/share/classfile/systemDictionary.cpp, line 230]
Event: 35.291 Thread 0x0000021ff25cb800 Exception <a 'java/lang/ClassNotFoundException'{0x0000000087ce8fc8}: com/android/build/gradle/tasks/PackageApplication_DecoratedCustomizer> (0x0000000087ce8fc8) thrown at [src/hotspot/share/classfile/systemDictionary.cpp, line 230]
Event: 35.361 Thread 0x0000021ff3055800 Exception <a 'java/lang/NoSuchMethodError'{0x00000000879b9888}: <clinit>> (0x00000000879b9888) thrown at [src/hotspot/share/prims/jni.cpp, line 1367]
Event: 35.364 Thread 0x0000021ff3055800 Exception <a 'java/lang/NoSuchMethodError'{0x00000000879c4c50}: <clinit>> (0x00000000879c4c50) thrown at [src/hotspot/share/prims/jni.cpp, line 1367]
Event: 35.404 Thread 0x0000021ff3055800 Exception <a 'java/lang/NoSuchMethodError'{0x00000000878b99a0}: <clinit>> (0x00000000878b99a0) thrown at [src/hotspot/share/prims/jni.cpp, line 1367]
Event: 35.406 Thread 0x0000021ff3055800 Exception <a 'java/lang/NoSuchMethodError'{0x00000000878ccc40}: <clinit>> (0x00000000878ccc40) thrown at [src/hotspot/share/prims/jni.cpp, line 1367]
Event: 35.406 Thread 0x0000021ff3055800 Exception <a 'java/lang/NoSuchMethodError'{0x00000000878ce3d8}: <clinit>> (0x00000000878ce3d8) thrown at [src/hotspot/share/prims/jni.cpp, line 1367]
Event: 35.658 Thread 0x0000021ff3055800 Exception <a 'java/lang/NoSuchMethodError'{0x00000000876f6f38}: <clinit>> (0x00000000876f6f38) thrown at [src/hotspot/share/prims/jni.cpp, line 1367]

Events (20 events):
Event: 36.764 loading class org/gradle/api/attributes/AttributeContainer
Event: 36.764 loading class org/gradle/api/attributes/AttributeContainer done
Event: 36.764 loading class org/gradle/api/internal/artifacts/transform/ConsumerProvidedVariantFinder
Event: 36.764 loading class org/gradle/api/internal/artifacts/transform/ConsumerProvidedVariantFinder done
Event: 36.767 loading class org/gradle/api/internal/artifacts/transform/ConsumerVariantMatchResult$ConsumerVariant
Event: 36.767 loading class org/gradle/api/internal/artifacts/transform/ConsumerVariantMatchResult$ConsumerVariant done
Event: 36.768 loading class org/gradle/api/internal/artifacts/transform/TransformationChain
Event: 36.768 loading class org/gradle/api/internal/artifacts/transform/TransformationChain done
Event: 36.769 loading class org/gradle/api/internal/artifacts/transform/ConsumerProvidedResolvedVariant
Event: 36.769 loading class org/gradle/api/internal/artifacts/transform/ConsumerProvidedResolvedVariant done
Event: 36.770 loading class org/gradle/api/internal/artifacts/transform/ConsumerProvidedVariantFiles
Event: 36.770 loading class org/gradle/api/internal/artifacts/transform/ConsumerProvidedVariantFiles done
Event: 36.793 loading class org/gradle/api/internal/artifacts/transform/TransformingAsyncArtifactListener
Event: 36.793 loading class org/gradle/api/internal/artifacts/transform/TransformingAsyncArtifactListener done
Event: 36.795 loading class org/gradle/api/internal/artifacts/transform/TransformationResult
Event: 36.795 loading class org/gradle/api/internal/artifacts/transform/TransformationResult done
Event: 36.796 loading class org/gradle/api/internal/artifacts/transform/DefaultExecutionGraphDependenciesResolver
Event: 36.796 loading class org/gradle/api/internal/artifacts/transform/DefaultExecutionGraphDependenciesResolver done
Event: 36.797 loading class org/gradle/api/internal/artifacts/transform/ArtifactTransformDependencies
Event: 36.797 loading class org/gradle/api/internal/artifacts/transform/ArtifactTransformDependencies done


Dynamic libraries:
0x00007ff63db40000 - 0x00007ff63db4a000 	C:\Program Files\Android\Android Studio\jbr\bin\java.exe
0x00007ffcacc50000 - 0x00007ffcace48000 	C:\Windows\SYSTEM32\ntdll.dll
0x00007ffcac720000 - 0x00007ffcac7df000 	C:\Windows\System32\KERNEL32.DLL
0x00007ffcaa790000 - 0x00007ffcaaa86000 	C:\Windows\System32\KERNELBASE.dll
0x00007ffc84cf0000 - 0x00007ffc84d0b000 	C:\Program Files\Android\Android Studio\jbr\bin\VCRUNTIME140.dll
0x00007ffcaaa90000 - 0x00007ffcaab90000 	C:\Windows\System32\ucrtbase.dll
0x00007ffc84cd0000 - 0x00007ffc84ce7000 	C:\Program Files\Android\Android Studio\jbr\bin\jli.dll
0x00007ffcac320000 - 0x00007ffcac4bd000 	C:\Windows\System32\USER32.dll
0x00007ffcaa360000 - 0x00007ffcaa382000 	C:\Windows\System32\win32u.dll
0x00007ffcabf20000 - 0x00007ffcabf4c000 	C:\Windows\System32\GDI32.dll
0x00007ffcaab90000 - 0x00007ffcaaca5000 	C:\Windows\System32\gdi32full.dll
0x00007ffcaa5b0000 - 0x00007ffcaa64d000 	C:\Windows\System32\msvcp_win.dll
0x00007ffc87ba0000 - 0x00007ffc87e3a000 	C:\Windows\WinSxS\amd64_microsoft.windows.common-controls_6595b64144ccf1df_6.0.19041.1110_none_60b5254171f9507e\COMCTL32.dll
0x00007ffcabe80000 - 0x00007ffcabf1e000 	C:\Windows\System32\msvcrt.dll
0x00007ffcab6f0000 - 0x00007ffcab720000 	C:\Windows\System32\IMM32.DLL
0x00007ffc51500000 - 0x00007ffc5158d000 	C:\Program Files\Android\Android Studio\jbr\bin\msvcp140.dll
0x00007ffc95660000 - 0x00007ffc9566c000 	C:\Windows\SYSTEM32\VCRUNTIME140_1.dll
0x00007ffc64280000 - 0x00007ffc64e3c000 	C:\Program Files\Android\Android Studio\jbr\bin\server\jvm.dll
0x00007ffcab640000 - 0x00007ffcab6ef000 	C:\Windows\System32\ADVAPI32.dll
0x00007ffcac4c0000 - 0x00007ffcac55c000 	C:\Windows\System32\sechost.dll
0x00007ffcaada0000 - 0x00007ffcaaec6000 	C:\Windows\System32\RPCRT4.dll
0x00007ffcac230000 - 0x00007ffcac238000 	C:\Windows\System32\PSAPI.DLL
0x00007ffc8b550000 - 0x00007ffc8b559000 	C:\Windows\SYSTEM32\WSOCK32.dll
0x00007ffcabfb0000 - 0x00007ffcac01b000 	C:\Windows\System32\WS2_32.dll
0x00007ffc93dd0000 - 0x00007ffc93df7000 	C:\Windows\SYSTEM32\WINMM.dll
0x00007ffca05d0000 - 0x00007ffca05da000 	C:\Windows\SYSTEM32\VERSION.dll
0x00007ffca8b80000 - 0x00007ffca8b92000 	C:\Windows\SYSTEM32\kernel.appcore.dll
0x00007ffca1b10000 - 0x00007ffca1b20000 	C:\Program Files\Android\Android Studio\jbr\bin\verify.dll
0x00007ffca26b0000 - 0x00007ffca2894000 	C:\Windows\SYSTEM32\DBGHELP.DLL
0x00007ffc93d80000 - 0x00007ffc93db4000 	C:\Windows\SYSTEM32\dbgcore.DLL
0x00007ffcaa700000 - 0x00007ffcaa782000 	C:\Windows\System32\bcryptPrimitives.dll
0x00007ffca1a30000 - 0x00007ffca1a58000 	C:\Program Files\Android\Android Studio\jbr\bin\java.dll
0x00007ffca1a20000 - 0x00007ffca1a2a000 	C:\Program Files\Android\Android Studio\jbr\bin\jimage.dll
0x00007ffca1810000 - 0x00007ffca1828000 	C:\Program Files\Android\Android Studio\jbr\bin\zip.dll
0x00007ffcab730000 - 0x00007ffcabe74000 	C:\Windows\System32\SHELL32.dll
0x00007ffca8320000 - 0x00007ffca8ab3000 	C:\Windows\SYSTEM32\windows.storage.dll
0x00007ffcac7e0000 - 0x00007ffcacb34000 	C:\Windows\System32\combase.dll
0x00007ffca9cb0000 - 0x00007ffca9cde000 	C:\Windows\SYSTEM32\Wldp.dll
0x00007ffcab590000 - 0x00007ffcab63d000 	C:\Windows\System32\SHCORE.dll
0x00007ffcac020000 - 0x00007ffcac075000 	C:\Windows\System32\shlwapi.dll
0x00007ffcaa270000 - 0x00007ffcaa28f000 	C:\Windows\SYSTEM32\profapi.dll
0x00007ffca1730000 - 0x00007ffca1749000 	C:\Program Files\Android\Android Studio\jbr\bin\net.dll
0x00007ffc98d70000 - 0x00007ffc98e7a000 	C:\Windows\SYSTEM32\WINHTTP.dll
0x00007ffca9a10000 - 0x00007ffca9a7a000 	C:\Windows\system32\mswsock.dll
0x00007ffca1710000 - 0x00007ffca1723000 	C:\Program Files\Android\Android Studio\jbr\bin\nio.dll
0x00007ffc84d80000 - 0x00007ffc84da7000 	C:\Users\hp\.gradle\native\f6784746aeab05261644944871eae4fe03e0ef1612fff0a4a95f87b438bc6780\windows-amd64\native-platform.dll
0x00007ffca1a10000 - 0x00007ffca1a1a000 	C:\Program Files\Android\Android Studio\jbr\bin\management.dll
0x00007ffca14c0000 - 0x00007ffca14cb000 	C:\Program Files\Android\Android Studio\jbr\bin\management_ext.dll
0x00007ffca9c00000 - 0x00007ffca9c18000 	C:\Windows\SYSTEM32\CRYPTSP.dll
0x00007ffca9330000 - 0x00007ffca9364000 	C:\Windows\system32\rsaenh.dll
0x00007ffcaa330000 - 0x00007ffcaa357000 	C:\Windows\System32\bcrypt.dll
0x00007ffcaa230000 - 0x00007ffcaa25e000 	C:\Windows\SYSTEM32\USERENV.dll
0x00007ffca9c20000 - 0x00007ffca9c2c000 	C:\Windows\SYSTEM32\CRYPTBASE.dll
0x00007ffca9700000 - 0x00007ffca973c000 	C:\Windows\SYSTEM32\IPHLPAPI.DLL
0x00007ffcac6f0000 - 0x00007ffcac6f8000 	C:\Windows\System32\NSI.dll
0x00007ffc9d7c0000 - 0x00007ffc9d7d7000 	C:\Windows\SYSTEM32\dhcpcsvc6.DLL
0x00007ffc9d690000 - 0x00007ffc9d6ad000 	C:\Windows\SYSTEM32\dhcpcsvc.DLL
0x00007ffca9740000 - 0x00007ffca980b000 	C:\Windows\SYSTEM32\DNSAPI.dll
0x00007ffca04e0000 - 0x00007ffca04eb000 	C:\Windows\SYSTEM32\WINNSI.DLL

dbghelp: loaded successfully - version: 4.0.5 - missing functions: none
symbol engine: initialized successfully - sym options: 0x614 - pdb path: .;C:\Program Files\Android\Android Studio\jbr\bin;C:\Windows\SYSTEM32;C:\Windows\WinSxS\amd64_microsoft.windows.common-controls_6595b64144ccf1df_6.0.19041.1110_none_60b5254171f9507e;C:\Program Files\Android\Android Studio\jbr\bin\server;C:\Users\hp\.gradle\native\f6784746aeab05261644944871eae4fe03e0ef1612fff0a4a95f87b438bc6780\windows-amd64

VM Arguments:
jvm_args: --add-opens=java.base/java.util=ALL-UNNAMED --add-opens=java.base/java.lang=ALL-UNNAMED --add-opens=java.base/java.lang.invoke=ALL-UNNAMED --add-opens=java.prefs/java.util.prefs=ALL-UNNAMED -Xmx2048m -Dfile.encoding=UTF-8 -Duser.country=US -Duser.language=en -Duser.variant 
java_command: org.gradle.launcher.daemon.bootstrap.GradleDaemon 6.5
java_class_path (initial): C:\Users\hp\.gradle\wrapper\dists\gradle-6.5-bin\6nifqtx7604sqp1q6g8wikw7p\gradle-6.5\lib\gradle-launcher-6.5.jar
Launcher Type: SUN_STANDARD

[Global flags]
     intx CICompilerCount                          = 3                                         {product} {ergonomic}
     uint ConcGCThreads                            = 1                                         {product} {ergonomic}
     uint G1ConcRefinementThreads                  = 4                                         {product} {ergonomic}
   size_t G1HeapRegionSize                         = 1048576                                   {product} {ergonomic}
    uintx GCDrainStackTargetSize                   = 64                                        {product} {ergonomic}
   size_t InitialHeapSize                          = 134217728                                 {product} {ergonomic}
   size_t MarkStackSize                            = 4194304                                   {product} {ergonomic}
   size_t MaxHeapSize                              = 2147483648                                {product} {command line}
   size_t MaxNewSize                               = 1287651328                                {product} {ergonomic}
   size_t MinHeapDeltaBytes                        = 1048576                                   {product} {ergonomic}
    uintx NonNMethodCodeHeapSize                   = 5830732                                {pd product} {ergonomic}
    uintx NonProfiledCodeHeapSize                  = 122913754                              {pd product} {ergonomic}
    uintx ProfiledCodeHeapSize                     = 122913754                              {pd product} {ergonomic}
    uintx ReservedCodeCacheSize                    = 251658240                              {pd product} {ergonomic}
     bool SegmentedCodeCache                       = true                                      {product} {ergonomic}
     bool UseCompressedClassPointers               = true                                 {lp64_product} {ergonomic}
     bool UseCompressedOops                        = true                                 {lp64_product} {ergonomic}
     bool UseG1GC                                  = true                                      {product} {ergonomic}
     bool UseLargePagesIndividualAllocation        = false                                  {pd product} {ergonomic}

Logging:
Log output configuration:
 #0: stdout all=warning uptime,level,tags
 #1: stderr all=off uptime,level,tags

Environment Variables:
PATH=C:\Users\hp\Scripts\;C:\Users\hp\;C:\Program Files\Common Files\Oracle\Java\javapath;C:\Windows\system32;C:\Windows;C:\Windows\System32\Wbem;C:\Windows\System32\WindowsPowerShell\v1.0\;C:\Windows\System32\OpenSSH\;C:\Program Files (x86)\Intel\Intel(R) Management Engine Components\DAL;C:\Program Files\Intel\Intel(R) Management Engine Components\DAL;C:\Program Files\Java\jdk-19\bin;C:\Program Files\Java\jre1.8.0_351\bin;C:\Program Files\nodejs\;C:\Program Files\Git\cmd;C:\Program Files\dotnet\;C:\Program Files\Microsoft SQL Server\150\Tools\Binn\;C:\Program Files\Microsoft SQL Server\Client SDK\ODBC\170\Tools\Binn\;C:\mongosh-1.8.0-win32-x64\bin;C:\Program Files\MongoDB\Server\6.0\bin;C:\Program Files\MySQL\MySQL Shell 8.0\bin\;C:\Users\hp\AppData\Local\Microsoft\WindowsApps;C:\Users\hp\AppData\Local\Programs\Microsoft VS Code\bin;C:\Users\hp\AppData\Roaming\npm;C:\src\flutter\bin;C:\Users\hp\.dotnet\tools
USERNAME=hp
OS=Windows_NT
PROCESSOR_IDENTIFIER=Intel64 Family 6 Model 142 Stepping 9, GenuineIntel



---------------  S Y S T E M  ---------------

OS: Windows 10 , 64 bit Build 19041 (10.0.19041.2913)
OS uptime: 0 days 0:23 hours

CPU:total 4 (initial active 4) (2 cores per cpu, 2 threads per core) family 6 model 142 stepping 9 microcode 0xf0, cmov, cx8, fxsr, mmx, sse, sse2, sse3, ssse3, sse4.1, sse4.2, popcnt, avx, avx2, aes, clmul, erms, 3dnowpref, lzcnt, ht, tsc, tscinvbit, bmi1, bmi2, adx, fma

Memory: 4k page, system-wide physical 8067M (223M free)
TotalPageFile size 32643M (AvailPageFile size 19M)
current process WorkingSet (physical memory assigned to process): 326M, peak: 330M
current process commit charge ("private bytes"): 361M, peak: 364M

vm_info: OpenJDK 64-Bit Server VM (11.0.15+0-b2043.56-8887301) for windows-amd64 JRE (11.0.15+0-b2043.56-8887301), built on Jul 29 2022 23:19:47 by "builduser" with unknown MS VC++:1929

END.
